<?xml version="1.0" encoding="UTF-8"?>
<coverage generated="1774214132751" clover="3.2.0">
  <project timestamp="1774214132751" name="All files">
    <metrics statements="819" coveredstatements="694" conditionals="191" coveredconditionals="148" methods="45" coveredmethods="34" elements="1055" coveredelements="876" complexity="0" loc="819" ncloc="819" packages="2" files="4" classes="4"/>
    <package name="src">
      <metrics statements="785" coveredstatements="660" conditionals="183" coveredconditionals="140" methods="42" coveredmethods="31"/>
      <file name="App.jsx" path="/Users/liliana/WebstormProjects/telegramappflashcards_v2/frontend/src/App.jsx">
        <metrics statements="776" coveredstatements="651" conditionals="183" coveredconditionals="140" methods="42" coveredmethods="31"/>
        <line num="1" count="1" type="stmt"/>
        <line num="2" count="1" type="stmt"/>
        <line num="3" count="1" type="stmt"/>
        <line num="4" count="1" type="stmt"/>
        <line num="5" count="1" type="stmt"/>
        <line num="6" count="1" type="stmt"/>
        <line num="8" count="258" type="cond" truecount="1" falsecount="0"/>
        <line num="9" count="258" type="stmt"/>
        <line num="10" count="258" type="stmt"/>
        <line num="11" count="258" type="stmt"/>
        <line num="12" count="258" type="stmt"/>
        <line num="13" count="258" type="stmt"/>
        <line num="14" count="258" type="stmt"/>
        <line num="15" count="258" type="stmt"/>
        <line num="16" count="258" type="stmt"/>
        <line num="17" count="258" type="stmt"/>
        <line num="18" count="258" type="stmt"/>
        <line num="19" count="258" type="stmt"/>
        <line num="20" count="258" type="stmt"/>
        <line num="21" count="258" type="stmt"/>
        <line num="22" count="258" type="stmt"/>
        <line num="23" count="258" type="stmt"/>
        <line num="24" count="258" type="stmt"/>
        <line num="25" count="258" type="stmt"/>
        <line num="26" count="258" type="stmt"/>
        <line num="27" count="258" type="stmt"/>
        <line num="28" count="258" type="stmt"/>
        <line num="29" count="258" type="stmt"/>
        <line num="30" count="258" type="stmt"/>
        <line num="31" count="258" type="stmt"/>
        <line num="32" count="258" type="stmt"/>
        <line num="33" count="258" type="stmt"/>
        <line num="34" count="258" type="stmt"/>
        <line num="35" count="258" type="stmt"/>
        <line num="37" count="258" type="stmt"/>
        <line num="38" count="258" type="stmt"/>
        <line num="40" count="258" type="cond" truecount="1" falsecount="0"/>
        <line num="41" count="9" type="stmt"/>
        <line num="42" count="9" type="cond" truecount="1" falsecount="0"/>
        <line num="43" count="9" type="stmt"/>
        <line num="45" count="258" type="stmt"/>
        <line num="46" count="0" type="stmt"/>
        <line num="47" count="0" type="stmt"/>
        <line num="49" count="258" type="stmt"/>
        <line num="50" count="0" type="stmt"/>
        <line num="51" count="0" type="stmt"/>
        <line num="52" count="0" type="stmt"/>
        <line num="53" count="0" type="stmt"/>
        <line num="54" count="0" type="stmt"/>
        <line num="55" count="0" type="stmt"/>
        <line num="56" count="0" type="stmt"/>
        <line num="57" count="0" type="stmt"/>
        <line num="58" count="0" type="stmt"/>
        <line num="59" count="0" type="stmt"/>
        <line num="60" count="258" type="stmt"/>
        <line num="62" count="258" type="cond" truecount="1" falsecount="0"/>
        <line num="63" count="29" type="stmt"/>
        <line num="64" count="29" type="stmt"/>
        <line num="65" count="29" type="stmt"/>
        <line num="66" count="29" type="cond" truecount="1" falsecount="0"/>
        <line num="67" count="29" type="cond" truecount="2" falsecount="0"/>
        <line num="68" count="25" type="stmt"/>
        <line num="69" count="25" type="stmt"/>
        <line num="70" count="29" type="cond" truecount="1" falsecount="0"/>
        <line num="71" count="4" type="stmt"/>
        <line num="72" count="4" type="stmt"/>
        <line num="73" count="29" type="stmt"/>
        <line num="74" count="258" type="stmt"/>
        <line num="76" count="258" type="cond" truecount="1" falsecount="0"/>
        <line num="77" count="3" type="stmt"/>
        <line num="78" count="3" type="cond" truecount="0" falsecount="1"/>
        <line num="79" count="0" type="stmt"/>
        <line num="80" count="0" type="stmt"/>
        <line num="81" count="0" type="stmt"/>
        <line num="82" count="3" type="cond" truecount="1" falsecount="0"/>
        <line num="83" count="1" type="cond" truecount="1" falsecount="0"/>
        <line num="84" count="1" type="cond" truecount="0" falsecount="1"/>
        <line num="85" count="1" type="cond" truecount="1" falsecount="0"/>
        <line num="86" count="2" type="cond" truecount="1" falsecount="0"/>
        <line num="87" count="2" type="stmt"/>
        <line num="88" count="2" type="stmt"/>
        <line num="89" count="2" type="stmt"/>
        <line num="90" count="2" type="stmt"/>
        <line num="91" count="2" type="stmt"/>
        <line num="92" count="2" type="stmt"/>
        <line num="93" count="2" type="stmt"/>
        <line num="94" count="2" type="stmt"/>
        <line num="95" count="2" type="stmt"/>
        <line num="96" count="2" type="stmt"/>
        <line num="97" count="2" type="stmt"/>
        <line num="98" count="2" type="stmt"/>
        <line num="99" count="2" type="stmt"/>
        <line num="100" count="2" type="stmt"/>
        <line num="101" count="2" type="stmt"/>
        <line num="102" count="3" type="cond" truecount="0" falsecount="1"/>
        <line num="103" count="0" type="stmt"/>
        <line num="104" count="0" type="stmt"/>
        <line num="105" count="0" type="cond" truecount="1" falsecount="0"/>
        <line num="106" count="2" type="stmt"/>
        <line num="107" count="2" type="stmt"/>
        <line num="108" count="3" type="cond" truecount="1" falsecount="1"/>
        <line num="109" count="2" type="stmt"/>
        <line num="110" count="2" type="stmt"/>
        <line num="111" count="3" type="cond" truecount="0" falsecount="1"/>
        <line num="112" count="0" type="stmt"/>
        <line num="113" count="0" type="stmt"/>
        <line num="114" count="3" type="cond" truecount="1" falsecount="0"/>
        <line num="115" count="2" type="cond" truecount="1" falsecount="0"/>
        <line num="116" count="2" type="stmt"/>
        <line num="117" count="3" type="stmt"/>
        <line num="119" count="258" type="cond" truecount="1" falsecount="0"/>
        <line num="120" count="29" type="cond" truecount="1" falsecount="0"/>
        <line num="121" count="29" type="stmt"/>
        <line num="122" count="29" type="stmt"/>
        <line num="123" count="29" type="stmt"/>
        <line num="125" count="29" type="stmt"/>
        <line num="126" count="29" type="stmt"/>
        <line num="127" count="29" type="stmt"/>
        <line num="128" count="29" type="stmt"/>
        <line num="129" count="29" type="cond" truecount="0" falsecount="1"/>
        <line num="131" count="0" type="stmt"/>
        <line num="133" count="0" type="stmt"/>
        <line num="134" count="0" type="stmt"/>
        <line num="136" count="29" type="cond" truecount="0" falsecount="1"/>
        <line num="137" count="0" type="stmt"/>
        <line num="138" count="0" type="stmt"/>
        <line num="139" count="0" type="stmt"/>
        <line num="140" count="0" type="stmt"/>
        <line num="141" count="0" type="stmt"/>
        <line num="142" count="0" type="stmt"/>
        <line num="143" count="0" type="stmt"/>
        <line num="144" count="0" type="stmt"/>
        <line num="145" count="0" type="stmt"/>
        <line num="146" count="29" type="stmt"/>
        <line num="148" count="29" type="stmt"/>
        <line num="149" count="29" type="stmt"/>
        <line num="150" count="258" type="stmt"/>
        <line num="152" count="258" type="cond" truecount="1" falsecount="0"/>
        <line num="153" count="24" type="stmt"/>
        <line num="154" count="24" type="stmt"/>
        <line num="156" count="24" type="cond" truecount="1" falsecount="0"/>
        <line num="157" count="3" type="stmt"/>
        <line num="158" count="3" type="stmt"/>
        <line num="159" count="3" type="stmt"/>
        <line num="160" count="3" type="stmt"/>
        <line num="161" count="3" type="cond" truecount="1" falsecount="0"/>
        <line num="163" count="21" type="stmt"/>
        <line num="164" count="21" type="stmt"/>
        <line num="165" count="21" type="stmt"/>
        <line num="166" count="21" type="stmt"/>
        <line num="169" count="24" type="cond" truecount="3" falsecount="0"/>
        <line num="170" count="3" type="cond" truecount="1" falsecount="0"/>
        <line num="171" count="3" type="cond" truecount="0" falsecount="1"/>
        <line num="173" count="3" type="stmt"/>
        <line num="174" count="3" type="stmt"/>
        <line num="175" count="3" type="stmt"/>
        <line num="176" count="3" type="stmt"/>
        <line num="177" count="3" type="stmt"/>
        <line num="178" count="3" type="stmt"/>
        <line num="179" count="3" type="stmt"/>
        <line num="180" count="3" type="stmt"/>
        <line num="181" count="3" type="stmt"/>
        <line num="182" count="3" type="stmt"/>
        <line num="183" count="24" type="cond" truecount="1" falsecount="0"/>
        <line num="184" count="18" type="stmt"/>
        <line num="185" count="18" type="stmt"/>
        <line num="186" count="24" type="stmt"/>
        <line num="188" count="258" type="stmt"/>
        <line num="189" count="0" type="stmt"/>
        <line num="190" count="0" type="stmt"/>
        <line num="191" count="0" type="stmt"/>
        <line num="192" count="0" type="stmt"/>
        <line num="194" count="258" type="cond" truecount="1" falsecount="0"/>
        <line num="195" count="22" type="cond" truecount="0" falsecount="1"/>
        <line num="196" count="22" type="stmt"/>
        <line num="197" count="22" type="stmt"/>
        <line num="198" count="22" type="stmt"/>
        <line num="199" count="22" type="stmt"/>
        <line num="200" count="22" type="cond" truecount="0" falsecount="1"/>
        <line num="201" count="22" type="stmt"/>
        <line num="202" count="22" type="stmt"/>
        <line num="203" count="22" type="cond" truecount="0" falsecount="1"/>
        <line num="204" count="0" type="stmt"/>
        <line num="205" count="0" type="stmt"/>
        <line num="206" count="0" type="stmt"/>
        <line num="207" count="22" type="stmt"/>
        <line num="209" count="258" type="cond" truecount="1" falsecount="0"/>
        <line num="210" count="3" type="cond" truecount="1" falsecount="0"/>
        <line num="211" count="1" type="stmt"/>
        <line num="212" count="1" type="stmt"/>
        <line num="213" count="1" type="cond" truecount="1" falsecount="0"/>
        <line num="214" count="3" type="cond" truecount="0" falsecount="2"/>
        <line num="215" count="0" type="stmt"/>
        <line num="216" count="0" type="stmt"/>
        <line num="217" count="0" type="cond" truecount="1" falsecount="0"/>
        <line num="218" count="2" type="stmt"/>
        <line num="219" count="2" type="stmt"/>
        <line num="220" count="2" type="stmt"/>
        <line num="221" count="2" type="stmt"/>
        <line num="222" count="3" type="cond" truecount="1" falsecount="1"/>
        <line num="223" count="3" type="cond" truecount="1" falsecount="1"/>
        <line num="224" count="3" type="stmt"/>
        <line num="225" count="3" type="stmt"/>
        <line num="226" count="3" type="stmt"/>
        <line num="227" count="3" type="stmt"/>
        <line num="228" count="3" type="stmt"/>
        <line num="229" count="3" type="stmt"/>
        <line num="230" count="3" type="stmt"/>
        <line num="231" count="3" type="stmt"/>
        <line num="232" count="3" type="stmt"/>
        <line num="233" count="3" type="cond" truecount="1" falsecount="0"/>
        <line num="234" count="3" type="cond" truecount="1" falsecount="0"/>
        <line num="235" count="1" type="stmt"/>
        <line num="236" count="1" type="stmt"/>
        <line num="237" count="1" type="stmt"/>
        <line num="238" count="1" type="stmt"/>
        <line num="239" count="1" type="stmt"/>
        <line num="240" count="1" type="stmt"/>
        <line num="241" count="1" type="stmt"/>
        <line num="242" count="1" type="stmt"/>
        <line num="243" count="1" type="stmt"/>
        <line num="244" count="1" type="cond" truecount="1" falsecount="0"/>
        <line num="245" count="3" type="cond" truecount="0" falsecount="1"/>
        <line num="246" count="3" type="cond" truecount="1" falsecount="0"/>
        <line num="247" count="1" type="stmt"/>
        <line num="248" count="1" type="stmt"/>
        <line num="249" count="1" type="stmt"/>
        <line num="250" count="3" type="stmt"/>
        <line num="252" count="258" type="cond" truecount="1" falsecount="0"/>
        <line num="253" count="2" type="stmt"/>
        <line num="254" count="2" type="stmt"/>
        <line num="255" count="2" type="stmt"/>
        <line num="256" count="2" type="cond" truecount="1" falsecount="0"/>
        <line num="257" count="1" type="stmt"/>
        <line num="258" count="1" type="stmt"/>
        <line num="259" count="1" type="stmt"/>
        <line num="260" count="1" type="stmt"/>
        <line num="261" count="1" type="stmt"/>
        <line num="262" count="1" type="cond" truecount="0" falsecount="1"/>
        <line num="263" count="0" type="stmt"/>
        <line num="264" count="0" type="stmt"/>
        <line num="265" count="0" type="stmt"/>
        <line num="266" count="1" type="cond" truecount="2" falsecount="0"/>
        <line num="267" count="1" type="cond" truecount="0" falsecount="1"/>
        <line num="268" count="0" type="stmt"/>
        <line num="269" count="0" type="stmt"/>
        <line num="270" count="0" type="stmt"/>
        <line num="271" count="0" type="stmt"/>
        <line num="272" count="0" type="stmt"/>
        <line num="273" count="1" type="stmt"/>
        <line num="274" count="1" type="cond" truecount="0" falsecount="1"/>
        <line num="275" count="0" type="stmt"/>
        <line num="276" count="0" type="stmt"/>
        <line num="277" count="1" type="stmt"/>
        <line num="278" count="1" type="stmt"/>
        <line num="279" count="1" type="stmt"/>
        <line num="280" count="1" type="stmt"/>
        <line num="281" count="2" type="cond" truecount="1" falsecount="0"/>
        <line num="282" count="1" type="stmt"/>
        <line num="283" count="1" type="stmt"/>
        <line num="284" count="2" type="stmt"/>
        <line num="285" count="2" type="stmt"/>
        <line num="287" count="258" type="cond" truecount="1" falsecount="0"/>
        <line num="288" count="22" type="stmt"/>
        <line num="289" count="22" type="stmt"/>
        <line num="290" count="22" type="stmt"/>
        <line num="291" count="22" type="stmt"/>
        <line num="292" count="22" type="stmt"/>
        <line num="293" count="22" type="stmt"/>
        <line num="294" count="22" type="stmt"/>
        <line num="295" count="22" type="stmt"/>
        <line num="296" count="22" type="stmt"/>
        <line num="297" count="22" type="stmt"/>
        <line num="298" count="22" type="stmt"/>
        <line num="299" count="22" type="stmt"/>
        <line num="300" count="22" type="stmt"/>
        <line num="302" count="258" type="cond" truecount="1" falsecount="0"/>
        <line num="303" count="12" type="stmt"/>
        <line num="304" count="12" type="stmt"/>
        <line num="305" count="12" type="stmt"/>
        <line num="306" count="12" type="stmt"/>
        <line num="307" count="12" type="stmt"/>
        <line num="308" count="12" type="stmt"/>
        <line num="309" count="12" type="cond" truecount="0" falsecount="1"/>
        <line num="310" count="12" type="stmt"/>
        <line num="311" count="12" type="cond" truecount="1" falsecount="0"/>
        <line num="312" count="12" type="stmt"/>
        <line num="314" count="12" type="cond" truecount="2" falsecount="0"/>
        <line num="315" count="12" type="stmt"/>
        <line num="316" count="12" type="stmt"/>
        <line num="317" count="12" type="stmt"/>
        <line num="318" count="12" type="cond" truecount="2" falsecount="0"/>
        <line num="319" count="11" type="stmt"/>
        <line num="320" count="11" type="stmt"/>
        <line num="321" count="11" type="cond" truecount="1" falsecount="0"/>
        <line num="322" count="14" type="cond" truecount="0" falsecount="1"/>
        <line num="323" count="0" type="stmt"/>
        <line num="324" count="14" type="stmt"/>
        <line num="325" count="11" type="stmt"/>
        <line num="326" count="12" type="cond" truecount="1" falsecount="0"/>
        <line num="327" count="1" type="stmt"/>
        <line num="328" count="1" type="stmt"/>
        <line num="329" count="1" type="stmt"/>
        <line num="330" count="12" type="stmt"/>
        <line num="332" count="258" type="cond" truecount="1" falsecount="0"/>
        <line num="333" count="7" type="stmt"/>
        <line num="334" count="7" type="stmt"/>
        <line num="335" count="7" type="stmt"/>
        <line num="336" count="7" type="stmt"/>
        <line num="337" count="7" type="stmt"/>
        <line num="338" count="7" type="stmt"/>
        <line num="339" count="7" type="stmt"/>
        <line num="340" count="7" type="stmt"/>
        <line num="341" count="7" type="stmt"/>
        <line num="342" count="7" type="stmt"/>
        <line num="343" count="7" type="stmt"/>
        <line num="344" count="7" type="stmt"/>
        <line num="345" count="7" type="cond" truecount="0" falsecount="1"/>
        <line num="346" count="7" type="stmt"/>
        <line num="347" count="7" type="cond" truecount="1" falsecount="0"/>
        <line num="348" count="7" type="stmt"/>
        <line num="349" count="7" type="cond" truecount="0" falsecount="1"/>
        <line num="350" count="7" type="stmt"/>
        <line num="351" count="7" type="stmt"/>
        <line num="352" count="7" type="stmt"/>
        <line num="353" count="7" type="cond" truecount="0" falsecount="1"/>
        <line num="354" count="7" type="stmt"/>
        <line num="355" count="7" type="cond" truecount="1" falsecount="0"/>
        <line num="356" count="10" type="cond" truecount="0" falsecount="1"/>
        <line num="357" count="0" type="stmt"/>
        <line num="358" count="10" type="stmt"/>
        <line num="359" count="7" type="stmt"/>
        <line num="360" count="7" type="cond" truecount="0" falsecount="1"/>
        <line num="361" count="0" type="stmt"/>
        <line num="362" count="0" type="stmt"/>
        <line num="363" count="0" type="stmt"/>
        <line num="364" count="7" type="stmt"/>
        <line num="366" count="258" type="cond" truecount="1" falsecount="0"/>
        <line num="367" count="7" type="cond" truecount="1" falsecount="0"/>
        <line num="368" count="3" type="cond" truecount="1" falsecount="0"/>
        <line num="369" count="4" type="stmt"/>
        <line num="370" count="7" type="cond" truecount="1" falsecount="0"/>
        <line num="371" count="7" type="stmt"/>
        <line num="373" count="258" type="cond" truecount="1" falsecount="0"/>
        <line num="374" count="50" type="stmt"/>
        <line num="375" count="50" type="stmt"/>
        <line num="376" count="50" type="stmt"/>
        <line num="377" count="50" type="stmt"/>
        <line num="379" count="258" type="cond" truecount="1" falsecount="0"/>
        <line num="380" count="1" type="stmt"/>
        <line num="381" count="1" type="stmt"/>
        <line num="382" count="1" type="stmt"/>
        <line num="383" count="1" type="cond" truecount="0" falsecount="1"/>
        <line num="384" count="1" type="stmt"/>
        <line num="385" count="1" type="stmt"/>
        <line num="386" count="1" type="stmt"/>
        <line num="387" count="1" type="stmt"/>
        <line num="388" count="1" type="cond" truecount="0" falsecount="1"/>
        <line num="389" count="1" type="cond" truecount="1" falsecount="0"/>
        <line num="390" count="1" type="cond" truecount="0" falsecount="1"/>
        <line num="391" count="0" type="stmt"/>
        <line num="392" count="0" type="stmt"/>
        <line num="393" count="1" type="stmt"/>
        <line num="394" count="1" type="cond" truecount="1" falsecount="0"/>
        <line num="395" count="1" type="cond" truecount="1" falsecount="0"/>
        <line num="396" count="1" type="stmt"/>
        <line num="397" count="1" type="stmt"/>
        <line num="398" count="1" type="stmt"/>
        <line num="399" count="1" type="stmt"/>
        <line num="400" count="1" type="stmt"/>
        <line num="402" count="258" type="cond" truecount="1" falsecount="0"/>
        <line num="403" count="5" type="cond" truecount="0" falsecount="1"/>
        <line num="404" count="5" type="cond" truecount="1" falsecount="0"/>
        <line num="405" count="5" type="cond" truecount="0" falsecount="1"/>
        <line num="407" count="5" type="cond" truecount="1" falsecount="0"/>
        <line num="408" count="11" type="cond" truecount="0" falsecount="1"/>
        <line num="409" count="0" type="stmt"/>
        <line num="410" count="11" type="cond" truecount="1" falsecount="0"/>
        <line num="411" count="5" type="stmt"/>
        <line num="412" count="5" type="cond" truecount="1" falsecount="0"/>
        <line num="413" count="1" type="stmt"/>
        <line num="414" count="1" type="stmt"/>
        <line num="415" count="1" type="stmt"/>
        <line num="416" count="1" type="stmt"/>
        <line num="417" count="1" type="stmt"/>
        <line num="418" count="1" type="cond" truecount="1" falsecount="0"/>
        <line num="420" count="4" type="cond" truecount="1" falsecount="0"/>
        <line num="421" count="4" type="cond" truecount="2" falsecount="0"/>
        <line num="422" count="6" type="cond" truecount="0" falsecount="1"/>
        <line num="423" count="0" type="stmt"/>
        <line num="424" count="6" type="cond" truecount="3" falsecount="0"/>
        <line num="425" count="4" type="stmt"/>
        <line num="427" count="4" type="stmt"/>
        <line num="428" count="5" type="cond" truecount="1" falsecount="1"/>
        <line num="429" count="5" type="cond" truecount="1" falsecount="0"/>
        <line num="430" count="2" type="stmt"/>
        <line num="431" count="2" type="stmt"/>
        <line num="432" count="2" type="stmt"/>
        <line num="433" count="2" type="stmt"/>
        <line num="434" count="2" type="stmt"/>
        <line num="435" count="2" type="stmt"/>
        <line num="436" count="2" type="stmt"/>
        <line num="437" count="2" type="cond" truecount="0" falsecount="1"/>
        <line num="438" count="0" type="stmt"/>
        <line num="439" count="0" type="stmt"/>
        <line num="440" count="0" type="stmt"/>
        <line num="441" count="0" type="stmt"/>
        <line num="442" count="0" type="stmt"/>
        <line num="443" count="0" type="stmt"/>
        <line num="444" count="0" type="stmt"/>
        <line num="445" count="2" type="stmt"/>
        <line num="446" count="2" type="stmt"/>
        <line num="447" count="2" type="stmt"/>
        <line num="448" count="2" type="stmt"/>
        <line num="449" count="2" type="stmt"/>
        <line num="450" count="2" type="stmt"/>
        <line num="451" count="2" type="cond" truecount="1" falsecount="0"/>
        <line num="452" count="2" type="cond" truecount="1" falsecount="0"/>
        <line num="453" count="1" type="stmt"/>
        <line num="454" count="1" type="stmt"/>
        <line num="455" count="1" type="stmt"/>
        <line num="456" count="1" type="stmt"/>
        <line num="457" count="2" type="stmt"/>
        <line num="458" count="5" type="stmt"/>
        <line num="460" count="5" type="cond" truecount="1" falsecount="0"/>
        <line num="461" count="2" type="cond" truecount="0" falsecount="1"/>
        <line num="462" count="2" type="stmt"/>
        <line num="463" count="2" type="stmt"/>
        <line num="464" count="2" type="stmt"/>
        <line num="465" count="2" type="stmt"/>
        <line num="466" count="2" type="stmt"/>
        <line num="467" count="2" type="stmt"/>
        <line num="468" count="2" type="cond" truecount="0" falsecount="1"/>
        <line num="469" count="0" type="stmt"/>
        <line num="470" count="2" type="stmt"/>
        <line num="471" count="2" type="stmt"/>
        <line num="472" count="2" type="cond" truecount="1" falsecount="0"/>
        <line num="473" count="2" type="cond" truecount="0" falsecount="1"/>
        <line num="474" count="0" type="stmt"/>
        <line num="475" count="0" type="stmt"/>
        <line num="476" count="0" type="stmt"/>
        <line num="477" count="2" type="stmt"/>
        <line num="478" count="2" type="stmt"/>
        <line num="479" count="5" type="stmt"/>
        <line num="481" count="5" type="stmt"/>
        <line num="482" count="5" type="stmt"/>
        <line num="483" count="5" type="stmt"/>
        <line num="484" count="5" type="cond" truecount="1" falsecount="0"/>
        <line num="486" count="3" type="stmt"/>
        <line num="487" count="3" type="cond" truecount="2" falsecount="0"/>
        <line num="488" count="3" type="cond" truecount="1" falsecount="0"/>
        <line num="489" count="1" type="cond" truecount="0" falsecount="1"/>
        <line num="490" count="0" type="stmt"/>
        <line num="491" count="1" type="stmt"/>
        <line num="492" count="3" type="stmt"/>
        <line num="493" count="3" type="cond" truecount="1" falsecount="0"/>
        <line num="494" count="2" type="cond" truecount="0" falsecount="1"/>
        <line num="495" count="0" type="stmt"/>
        <line num="496" count="2" type="stmt"/>
        <line num="497" count="3" type="stmt"/>
        <line num="498" count="3" type="stmt"/>
        <line num="500" count="3" type="stmt"/>
        <line num="501" count="3" type="stmt"/>
        <line num="502" count="3" type="stmt"/>
        <line num="503" count="3" type="stmt"/>
        <line num="504" count="5" type="cond" truecount="1" falsecount="0"/>
        <line num="505" count="1" type="stmt"/>
        <line num="506" count="1" type="stmt"/>
        <line num="507" count="1" type="stmt"/>
        <line num="508" count="5" type="stmt"/>
        <line num="510" count="258" type="cond" truecount="1" falsecount="0"/>
        <line num="511" count="1" type="stmt"/>
        <line num="512" count="1" type="stmt"/>
        <line num="513" count="1" type="stmt"/>
        <line num="514" count="1" type="stmt"/>
        <line num="516" count="258" type="stmt"/>
        <line num="517" count="0" type="stmt"/>
        <line num="518" count="0" type="stmt"/>
        <line num="519" count="0" type="stmt"/>
        <line num="520" count="0" type="stmt"/>
        <line num="521" count="0" type="stmt"/>
        <line num="522" count="0" type="stmt"/>
        <line num="523" count="0" type="stmt"/>
        <line num="524" count="0" type="stmt"/>
        <line num="525" count="0" type="stmt"/>
        <line num="526" count="0" type="stmt"/>
        <line num="527" count="0" type="stmt"/>
        <line num="528" count="0" type="stmt"/>
        <line num="529" count="0" type="stmt"/>
        <line num="530" count="0" type="stmt"/>
        <line num="531" count="0" type="stmt"/>
        <line num="532" count="0" type="stmt"/>
        <line num="534" count="258" type="stmt"/>
        <line num="535" count="258" type="stmt"/>
        <line num="536" count="258" type="stmt"/>
        <line num="537" count="258" type="stmt"/>
        <line num="538" count="258" type="stmt"/>
        <line num="540" count="258" type="cond" truecount="2" falsecount="0"/>
        <line num="542" count="258" type="cond" truecount="1" falsecount="0"/>
        <line num="543" count="1" type="stmt"/>
        <line num="544" count="1" type="stmt"/>
        <line num="545" count="1" type="stmt"/>
        <line num="546" count="1" type="stmt"/>
        <line num="547" count="1" type="stmt"/>
        <line num="548" count="1" type="stmt"/>
        <line num="549" count="1" type="stmt"/>
        <line num="550" count="1" type="stmt"/>
        <line num="551" count="1" type="stmt"/>
        <line num="552" count="1" type="stmt"/>
        <line num="554" count="258" type="cond" truecount="1" falsecount="0"/>
        <line num="555" count="29" type="stmt"/>
        <line num="556" count="29" type="cond" truecount="1" falsecount="0"/>
        <line num="558" count="258" type="cond" truecount="1" falsecount="1"/>
        <line num="559" count="0" type="stmt"/>
        <line num="560" count="0" type="stmt"/>
        <line num="561" count="0" type="stmt"/>
        <line num="562" count="0" type="stmt"/>
        <line num="563" count="0" type="stmt"/>
        <line num="564" count="0" type="stmt"/>
        <line num="565" count="0" type="stmt"/>
        <line num="566" count="0" type="stmt"/>
        <line num="567" count="0" type="stmt"/>
        <line num="568" count="0" type="stmt"/>
        <line num="569" count="0" type="stmt"/>
        <line num="570" count="0" type="stmt"/>
        <line num="571" count="0" type="stmt"/>
        <line num="572" count="0" type="stmt"/>
        <line num="573" count="0" type="stmt"/>
        <line num="574" count="0" type="stmt"/>
        <line num="575" count="0" type="stmt"/>
        <line num="576" count="0" type="stmt"/>
        <line num="577" count="0" type="stmt"/>
        <line num="578" count="0" type="stmt"/>
        <line num="579" count="0" type="stmt"/>
        <line num="580" count="0" type="stmt"/>
        <line num="581" count="0" type="stmt"/>
        <line num="582" count="0" type="stmt"/>
        <line num="583" count="0" type="stmt"/>
        <line num="584" count="0" type="stmt"/>
        <line num="585" count="0" type="stmt"/>
        <line num="586" count="0" type="stmt"/>
        <line num="587" count="0" type="stmt"/>
        <line num="589" count="0" type="stmt"/>
        <line num="590" count="0" type="stmt"/>
        <line num="592" count="0" type="cond" truecount="1" falsecount="0"/>
        <line num="594" count="258" type="cond" truecount="2" falsecount="0"/>
        <line num="595" count="17" type="stmt"/>
        <line num="596" count="17" type="stmt"/>
        <line num="597" count="17" type="stmt"/>
        <line num="598" count="17" type="stmt"/>
        <line num="599" count="17" type="cond" truecount="1" falsecount="0"/>
        <line num="600" count="8" type="stmt"/>
        <line num="601" count="8" type="stmt"/>
        <line num="602" count="8" type="stmt"/>
        <line num="604" count="8" type="cond" truecount="2" falsecount="0"/>
        <line num="605" count="8" type="cond" truecount="0" falsecount="1"/>
        <line num="607" count="8" type="stmt"/>
        <line num="609" count="8" type="stmt"/>
        <line num="610" count="8" type="stmt"/>
        <line num="611" count="8" type="stmt"/>
        <line num="612" count="8" type="stmt"/>
        <line num="613" count="8" type="stmt"/>
        <line num="614" count="8" type="stmt"/>
        <line num="615" count="8" type="stmt"/>
        <line num="616" count="8" type="stmt"/>
        <line num="617" count="8" type="stmt"/>
        <line num="618" count="8" type="stmt"/>
        <line num="619" count="8" type="stmt"/>
        <line num="620" count="8" type="cond" truecount="1" falsecount="0"/>
        <line num="622" count="9" type="stmt"/>
        <line num="624" count="17" type="stmt"/>
        <line num="625" count="17" type="stmt"/>
        <line num="626" count="17" type="stmt"/>
        <line num="627" count="17" type="stmt"/>
        <line num="628" count="17" type="stmt"/>
        <line num="630" count="17" type="cond" truecount="1" falsecount="0"/>
        <line num="632" count="212" type="stmt"/>
        <line num="633" count="212" type="stmt"/>
        <line num="634" count="212" type="stmt"/>
        <line num="635" count="212" type="stmt"/>
        <line num="636" count="212" type="stmt"/>
        <line num="637" count="212" type="stmt"/>
        <line num="638" count="212" type="stmt"/>
        <line num="639" count="212" type="stmt"/>
        <line num="640" count="212" type="stmt"/>
        <line num="641" count="212" type="stmt"/>
        <line num="642" count="212" type="stmt"/>
        <line num="643" count="212" type="stmt"/>
        <line num="644" count="212" type="stmt"/>
        <line num="645" count="212" type="cond" truecount="1" falsecount="0"/>
        <line num="646" count="212" type="stmt"/>
        <line num="647" count="212" type="stmt"/>
        <line num="648" count="212" type="stmt"/>
        <line num="649" count="212" type="stmt"/>
        <line num="650" count="212" type="stmt"/>
        <line num="651" count="212" type="stmt"/>
        <line num="652" count="212" type="stmt"/>
        <line num="653" count="212" type="stmt"/>
        <line num="654" count="212" type="stmt"/>
        <line num="655" count="212" type="cond" truecount="1" falsecount="0"/>
        <line num="656" count="212" type="stmt"/>
        <line num="657" count="212" type="stmt"/>
        <line num="658" count="212" type="stmt"/>
        <line num="659" count="212" type="stmt"/>
        <line num="660" count="212" type="stmt"/>
        <line num="661" count="212" type="stmt"/>
        <line num="662" count="212" type="cond" truecount="1" falsecount="0"/>
        <line num="663" count="1" type="stmt"/>
        <line num="664" count="1" type="stmt"/>
        <line num="665" count="1" type="stmt"/>
        <line num="666" count="1" type="stmt"/>
        <line num="667" count="1" type="stmt"/>
        <line num="668" count="1" type="stmt"/>
        <line num="670" count="1" type="stmt"/>
        <line num="671" count="1" type="cond" truecount="1" falsecount="0"/>
        <line num="672" count="2" type="stmt"/>
        <line num="673" count="1" type="stmt"/>
        <line num="674" count="1" type="stmt"/>
        <line num="675" count="1" type="stmt"/>
        <line num="676" count="1" type="stmt"/>
        <line num="677" count="1" type="stmt"/>
        <line num="678" count="1" type="stmt"/>
        <line num="679" count="1" type="stmt"/>
        <line num="680" count="1" type="stmt"/>
        <line num="682" count="1" type="stmt"/>
        <line num="683" count="1" type="cond" truecount="1" falsecount="0"/>
        <line num="684" count="2" type="stmt"/>
        <line num="685" count="1" type="stmt"/>
        <line num="686" count="1" type="stmt"/>
        <line num="687" count="1" type="stmt"/>
        <line num="688" count="1" type="stmt"/>
        <line num="690" count="258" type="stmt"/>
        <line num="691" count="258" type="stmt"/>
        <line num="692" count="258" type="stmt"/>
        <line num="693" count="258" type="stmt"/>
        <line num="695" count="258" type="stmt"/>
        <line num="696" count="258" type="stmt"/>
        <line num="697" count="258" type="stmt"/>
        <line num="698" count="258" type="stmt"/>
        <line num="699" count="258" type="stmt"/>
        <line num="700" count="258" type="stmt"/>
        <line num="701" count="258" type="stmt"/>
        <line num="702" count="258" type="stmt"/>
        <line num="703" count="258" type="cond" truecount="2" falsecount="0"/>
        <line num="704" count="258" type="stmt"/>
        <line num="706" count="258" type="cond" truecount="1" falsecount="0"/>
        <line num="707" count="141" type="stmt"/>
        <line num="708" count="141" type="stmt"/>
        <line num="709" count="141" type="cond" truecount="1" falsecount="0"/>
        <line num="711" count="71" type="stmt"/>
        <line num="712" count="71" type="stmt"/>
        <line num="713" count="71" type="stmt"/>
        <line num="715" count="258" type="stmt"/>
        <line num="716" count="258" type="stmt"/>
        <line num="717" count="258" type="cond" truecount="1" falsecount="0"/>
        <line num="718" count="141" type="stmt"/>
        <line num="719" count="141" type="stmt"/>
        <line num="720" count="141" type="stmt"/>
        <line num="721" count="141" type="cond" truecount="1" falsecount="0"/>
        <line num="722" count="269" type="stmt"/>
        <line num="723" count="269" type="stmt"/>
        <line num="724" count="269" type="stmt"/>
        <line num="725" count="269" type="stmt"/>
        <line num="726" count="269" type="cond" truecount="1" falsecount="0"/>
        <line num="727" count="269" type="stmt"/>
        <line num="728" count="269" type="cond" truecount="1" falsecount="0"/>
        <line num="729" count="129" type="stmt"/>
        <line num="730" count="129" type="stmt"/>
        <line num="731" count="129" type="cond" truecount="1" falsecount="0"/>
        <line num="732" count="129" type="cond" truecount="1" falsecount="0"/>
        <line num="733" count="129" type="stmt"/>
        <line num="734" count="129" type="stmt"/>
        <line num="736" count="269" type="stmt"/>
        <line num="737" count="269" type="stmt"/>
        <line num="738" count="269" type="stmt"/>
        <line num="739" count="269" type="cond" truecount="1" falsecount="0"/>
        <line num="740" count="269" type="stmt"/>
        <line num="741" count="269" type="stmt"/>
        <line num="743" count="269" type="stmt"/>
        <line num="744" count="269" type="stmt"/>
        <line num="745" count="269" type="stmt"/>
        <line num="746" count="269" type="cond" truecount="1" falsecount="0"/>
        <line num="747" count="269" type="stmt"/>
        <line num="748" count="269" type="stmt"/>
        <line num="750" count="269" type="stmt"/>
        <line num="751" count="269" type="stmt"/>
        <line num="752" count="269" type="stmt"/>
        <line num="753" count="269" type="cond" truecount="1" falsecount="0"/>
        <line num="754" count="269" type="stmt"/>
        <line num="755" count="269" type="stmt"/>
        <line num="757" count="269" type="stmt"/>
        <line num="758" count="269" type="stmt"/>
        <line num="759" count="269" type="stmt"/>
        <line num="760" count="269" type="stmt"/>
        <line num="761" count="141" type="stmt"/>
        <line num="762" count="141" type="cond" truecount="0" falsecount="1"/>
        <line num="764" count="0" type="stmt"/>
        <line num="765" count="0" type="stmt"/>
        <line num="766" count="0" type="stmt"/>
        <line num="768" count="141" type="stmt"/>
        <line num="770" count="258" type="stmt"/>
        <line num="771" count="258" type="stmt"/>
        <line num="772" count="258" type="cond" truecount="2" falsecount="0"/>
        <line num="773" count="110" type="stmt"/>
        <line num="774" count="110" type="stmt"/>
        <line num="775" count="110" type="stmt"/>
        <line num="776" count="110" type="stmt"/>
        <line num="777" count="110" type="cond" truecount="1" falsecount="0"/>
        <line num="778" count="179" type="stmt"/>
        <line num="779" count="179" type="cond" truecount="1" falsecount="0"/>
        <line num="780" count="29" type="stmt"/>
        <line num="781" count="29" type="stmt"/>
        <line num="782" count="29" type="stmt"/>
        <line num="783" count="29" type="stmt"/>
        <line num="784" count="29" type="cond" truecount="1" falsecount="0"/>
        <line num="785" count="29" type="cond" truecount="1" falsecount="0"/>
        <line num="786" count="29" type="cond" truecount="1" falsecount="0"/>
        <line num="787" count="29" type="stmt"/>
        <line num="788" count="29" type="stmt"/>
        <line num="789" count="29" type="stmt"/>
        <line num="790" count="29" type="stmt"/>
        <line num="791" count="29" type="stmt"/>
        <line num="792" count="29" type="cond" truecount="3" falsecount="0"/>
        <line num="793" count="29" type="stmt"/>
        <line num="794" count="29" type="cond" truecount="2" falsecount="0"/>
        <line num="795" count="29" type="stmt"/>
        <line num="796" count="29" type="stmt"/>
        <line num="797" count="29" type="cond" truecount="1" falsecount="0"/>
        <line num="798" count="29" type="stmt"/>
        <line num="799" count="29" type="cond" truecount="1" falsecount="0"/>
        <line num="801" count="150" type="stmt"/>
        <line num="802" count="150" type="stmt"/>
        <line num="803" count="150" type="stmt"/>
        <line num="804" count="150" type="stmt"/>
        <line num="805" count="150" type="cond" truecount="1" falsecount="0"/>
        <line num="806" count="150" type="stmt"/>
        <line num="807" count="150" type="stmt"/>
        <line num="808" count="150" type="stmt"/>
        <line num="809" count="150" type="stmt"/>
        <line num="810" count="150" type="cond" truecount="1" falsecount="0"/>
        <line num="811" count="150" type="stmt"/>
        <line num="812" count="150" type="stmt"/>
        <line num="813" count="150" type="stmt"/>
        <line num="814" count="150" type="stmt"/>
        <line num="816" count="179" type="cond" truecount="2" falsecount="0"/>
        <line num="817" count="179" type="stmt"/>
        <line num="818" count="110" type="stmt"/>
        <line num="819" count="110" type="stmt"/>
        <line num="820" count="110" type="stmt"/>
        <line num="821" count="110" type="stmt"/>
        <line num="822" count="110" type="stmt"/>
        <line num="823" count="110" type="stmt"/>
        <line num="824" count="110" type="stmt"/>
        <line num="825" count="110" type="stmt"/>
        <line num="826" count="110" type="stmt"/>
        <line num="828" count="258" type="stmt"/>
        <line num="829" count="258" type="stmt"/>
        <line num="830" count="258" type="stmt"/>
        <line num="831" count="258" type="stmt"/>
        <line num="832" count="258" type="stmt"/>
        <line num="833" count="258" type="stmt"/>
        <line num="834" count="258" type="stmt"/>
        <line num="835" count="258" type="cond" truecount="1" falsecount="0"/>
        <line num="836" count="9" type="stmt"/>
        <line num="837" count="9" type="stmt"/>
        <line num="838" count="9" type="stmt"/>
        <line num="839" count="9" type="stmt"/>
        <line num="840" count="9" type="stmt"/>
        <line num="841" count="9" type="stmt"/>
        <line num="842" count="9" type="stmt"/>
        <line num="843" count="9" type="stmt"/>
        <line num="844" count="258" type="stmt"/>
        <line num="845" count="258" type="stmt"/>
        <line num="846" count="258" type="stmt"/>
        <line num="848" count="258" type="stmt"/>
        <line num="850" count="1" type="stmt"/>
      </file>
      <file name="main.jsx" path="/Users/liliana/WebstormProjects/telegramappflashcards_v2/frontend/src/main.jsx">
        <metrics statements="9" coveredstatements="9" conditionals="0" coveredconditionals="0" methods="0" coveredmethods="0"/>
        <line num="1" count="1" type="stmt"/>
        <line num="2" count="1" type="stmt"/>
        <line num="3" count="1" type="stmt"/>
        <line num="4" count="1" type="stmt"/>
        <line num="6" count="1" type="stmt"/>
        <line num="7" count="1" type="stmt"/>
        <line num="8" count="1" type="stmt"/>
        <line num="9" count="1" type="stmt"/>
        <line num="10" count="1" type="stmt"/>
      </file>
    </package>
    <package name="src.components">
      <metrics statements="34" coveredstatements="34" conditionals="8" coveredconditionals="8" methods="3" coveredmethods="3"/>
      <file name="ConfirmModal.jsx" path="/Users/liliana/WebstormProjects/telegramappflashcards_v2/frontend/src/components/ConfirmModal.jsx">
        <metrics statements="17" coveredstatements="17" conditionals="3" coveredconditionals="3" methods="1" coveredmethods="1"/>
        <line num="1" count="1" type="stmt"/>
        <line num="3" count="1" type="cond" truecount="1" falsecount="0"/>
        <line num="4" count="4" type="cond" truecount="2" falsecount="0"/>
        <line num="6" count="3" type="stmt"/>
        <line num="7" count="3" type="stmt"/>
        <line num="8" count="3" type="stmt"/>
        <line num="9" count="3" type="stmt"/>
        <line num="10" count="3" type="stmt"/>
        <line num="11" count="3" type="stmt"/>
        <line num="13" count="3" type="stmt"/>
        <line num="14" count="3" type="stmt"/>
        <line num="16" count="3" type="stmt"/>
        <line num="17" count="3" type="stmt"/>
        <line num="18" count="3" type="stmt"/>
        <line num="19" count="3" type="stmt"/>
        <line num="21" count="3" type="stmt"/>
        <line num="23" count="1" type="stmt"/>
      </file>
      <file name="Toast.jsx" path="/Users/liliana/WebstormProjects/telegramappflashcards_v2/frontend/src/components/Toast.jsx">
        <metrics statements="17" coveredstatements="17" conditionals="5" coveredconditionals="5" methods="2" coveredmethods="2"/>
        <line num="1" count="1" type="stmt"/>
        <line num="2" count="1" type="stmt"/>
        <line num="4" count="1" type="cond" truecount="1" falsecount="0"/>
        <line num="5" count="5" type="cond" truecount="1" falsecount="0"/>
        <line num="6" count="4" type="cond" truecount="1" falsecount="0"/>
        <line num="7" count="1" type="stmt"/>
        <line num="8" count="4" type="stmt"/>
        <line num="9" count="4" type="cond" truecount="1" falsecount="0"/>
        <line num="10" count="5" type="stmt"/>
        <line num="12" count="5" type="stmt"/>
        <line num="13" count="5" type="stmt"/>
        <line num="14" count="5" type="stmt"/>
        <line num="15" count="5" type="cond" truecount="1" falsecount="0"/>
        <line num="17" count="5" type="stmt"/>
        <line num="18" count="5" type="stmt"/>
        <line num="20" count="5" type="stmt"/>
        <line num="22" count="1" type="stmt"/>
      </file>
    </package>
  </project>
</coverage>
