{"/Users/liliana/WebstormProjects/telegramappflashcards_v2/frontend/src/App.jsx": {"path":"/Users/liliana/WebstormProjects/telegramappflashcards_v2/frontend/src/App.jsx","all":false,"statementMap":{"0":{"start":{"line":1,"column":0},"end":{"line":1,"column":65}},"1":{"start":{"line":2,"column":0},"end":{"line":2,"column":42}},"2":{"start":{"line":3,"column":0},"end":{"line":3,"column":47}},"3":{"start":{"line":4,"column":0},"end":{"line":4,"column":57}},"4":{"start":{"line":5,"column":0},"end":{"line":5,"column":43}},"5":{"start":{"line":6,"column":0},"end":{"line":6,"column":19}},"7":{"start":{"line":8,"column":0},"end":{"line":8,"column":16}},"8":{"start":{"line":9,"column":0},"end":{"line":9,"column":41}},"9":{"start":{"line":10,"column":0},"end":{"line":10,"column":41}},"10":{"start":{"line":11,"column":0},"end":{"line":11,"column":47}},"11":{"start":{"line":12,"column":0},"end":{"line":12,"column":52}},"12":{"start":{"line":13,"column":0},"end":{"line":13,"column":57}},"13":{"start":{"line":14,"column":0},"end":{"line":14,"column":41}},"14":{"start":{"line":15,"column":0},"end":{"line":15,"column":60}},"15":{"start":{"line":16,"column":0},"end":{"line":16,"column":47}},"16":{"start":{"line":17,"column":0},"end":{"line":17,"column":52}},"17":{"start":{"line":18,"column":0},"end":{"line":18,"column":62}},"18":{"start":{"line":19,"column":0},"end":{"line":19,"column":52}},"19":{"start":{"line":20,"column":0},"end":{"line":20,"column":61}},"20":{"start":{"line":21,"column":0},"end":{"line":21,"column":54}},"21":{"start":{"line":22,"column":0},"end":{"line":22,"column":58}},"22":{"start":{"line":23,"column":0},"end":{"line":23,"column":60}},"23":{"start":{"line":24,"column":0},"end":{"line":24,"column":62}},"24":{"start":{"line":25,"column":0},"end":{"line":25,"column":51}},"25":{"start":{"line":26,"column":0},"end":{"line":26,"column":51}},"26":{"start":{"line":27,"column":0},"end":{"line":27,"column":49}},"27":{"start":{"line":28,"column":0},"end":{"line":28,"column":78}},"28":{"start":{"line":29,"column":0},"end":{"line":29,"column":61}},"29":{"start":{"line":30,"column":0},"end":{"line":30,"column":52}},"30":{"start":{"line":31,"column":0},"end":{"line":31,"column":18}},"31":{"start":{"line":32,"column":0},"end":{"line":32,"column":16}},"32":{"start":{"line":33,"column":0},"end":{"line":33,"column":24}},"33":{"start":{"line":34,"column":0},"end":{"line":34,"column":5}},"34":{"start":{"line":35,"column":0},"end":{"line":35,"column":43}},"36":{"start":{"line":37,"column":0},"end":{"line":37,"column":74}},"37":{"start":{"line":38,"column":0},"end":{"line":38,"column":41}},"39":{"start":{"line":40,"column":0},"end":{"line":40,"column":66}},"40":{"start":{"line":41,"column":0},"end":{"line":41,"column":26}},"41":{"start":{"line":42,"column":0},"end":{"line":42,"column":68}},"42":{"start":{"line":43,"column":0},"end":{"line":43,"column":4}},"44":{"start":{"line":45,"column":0},"end":{"line":45,"column":31}},"45":{"start":{"line":46,"column":0},"end":{"line":46,"column":65}},"46":{"start":{"line":47,"column":0},"end":{"line":47,"column":4}},"48":{"start":{"line":49,"column":0},"end":{"line":49,"column":59}},"49":{"start":{"line":50,"column":0},"end":{"line":50,"column":9}},"50":{"start":{"line":51,"column":0},"end":{"line":51,"column":70}},"51":{"start":{"line":52,"column":0},"end":{"line":52,"column":59}},"52":{"start":{"line":53,"column":0},"end":{"line":53,"column":9}},"53":{"start":{"line":54,"column":0},"end":{"line":54,"column":82}},"54":{"start":{"line":55,"column":0},"end":{"line":55,"column":35}},"55":{"start":{"line":56,"column":0},"end":{"line":56,"column":21}},"56":{"start":{"line":57,"column":0},"end":{"line":57,"column":56}},"57":{"start":{"line":58,"column":0},"end":{"line":58,"column":53}},"58":{"start":{"line":59,"column":0},"end":{"line":59,"column":5}},"59":{"start":{"line":60,"column":0},"end":{"line":60,"column":16}},"61":{"start":{"line":62,"column":0},"end":{"line":62,"column":50}},"62":{"start":{"line":63,"column":0},"end":{"line":63,"column":9}},"63":{"start":{"line":64,"column":0},"end":{"line":64,"column":61}},"64":{"start":{"line":65,"column":0},"end":{"line":65,"column":59}},"65":{"start":{"line":66,"column":0},"end":{"line":66,"column":9}},"66":{"start":{"line":67,"column":0},"end":{"line":67,"column":82}},"67":{"start":{"line":68,"column":0},"end":{"line":68,"column":41}},"68":{"start":{"line":69,"column":0},"end":{"line":69,"column":25}},"69":{"start":{"line":70,"column":0},"end":{"line":70,"column":21}},"70":{"start":{"line":71,"column":0},"end":{"line":71,"column":56}},"71":{"start":{"line":72,"column":0},"end":{"line":72,"column":5}},"72":{"start":{"line":73,"column":0},"end":{"line":73,"column":37}},"73":{"start":{"line":74,"column":0},"end":{"line":74,"column":16}},"75":{"start":{"line":76,"column":0},"end":{"line":76,"column":78}},"76":{"start":{"line":77,"column":0},"end":{"line":77,"column":76}},"77":{"start":{"line":78,"column":0},"end":{"line":78,"column":53}},"78":{"start":{"line":79,"column":0},"end":{"line":79,"column":67}},"79":{"start":{"line":80,"column":0},"end":{"line":80,"column":16}},"80":{"start":{"line":81,"column":0},"end":{"line":81,"column":5}},"81":{"start":{"line":82,"column":0},"end":{"line":82,"column":64}},"82":{"start":{"line":83,"column":0},"end":{"line":83,"column":67}},"83":{"start":{"line":84,"column":0},"end":{"line":84,"column":50}},"84":{"start":{"line":85,"column":0},"end":{"line":85,"column":5}},"85":{"start":{"line":86,"column":0},"end":{"line":86,"column":64}},"86":{"start":{"line":87,"column":0},"end":{"line":87,"column":9}},"87":{"start":{"line":88,"column":0},"end":{"line":88,"column":47}},"88":{"start":{"line":89,"column":0},"end":{"line":89,"column":67}},"89":{"start":{"line":90,"column":0},"end":{"line":90,"column":60}},"90":{"start":{"line":91,"column":0},"end":{"line":91,"column":23}},"91":{"start":{"line":92,"column":0},"end":{"line":92,"column":95}},"92":{"start":{"line":93,"column":0},"end":{"line":93,"column":30}},"93":{"start":{"line":94,"column":0},"end":{"line":94,"column":25}},"94":{"start":{"line":95,"column":0},"end":{"line":95,"column":29}},"95":{"start":{"line":96,"column":0},"end":{"line":96,"column":29}},"96":{"start":{"line":97,"column":0},"end":{"line":97,"column":25}},"97":{"start":{"line":98,"column":0},"end":{"line":98,"column":11}},"98":{"start":{"line":99,"column":0},"end":{"line":99,"column":34}},"99":{"start":{"line":100,"column":0},"end":{"line":100,"column":9}},"100":{"start":{"line":101,"column":0},"end":{"line":101,"column":30}},"101":{"start":{"line":102,"column":0},"end":{"line":102,"column":25}},"102":{"start":{"line":103,"column":0},"end":{"line":103,"column":66}},"103":{"start":{"line":104,"column":0},"end":{"line":104,"column":107}},"104":{"start":{"line":105,"column":0},"end":{"line":105,"column":7}},"105":{"start":{"line":106,"column":0},"end":{"line":106,"column":41}},"106":{"start":{"line":107,"column":0},"end":{"line":107,"column":49}},"107":{"start":{"line":108,"column":0},"end":{"line":108,"column":82}},"108":{"start":{"line":109,"column":0},"end":{"line":109,"column":58}},"109":{"start":{"line":110,"column":0},"end":{"line":110,"column":33}},"110":{"start":{"line":111,"column":0},"end":{"line":111,"column":21}},"111":{"start":{"line":112,"column":0},"end":{"line":112,"column":107}},"112":{"start":{"line":113,"column":0},"end":{"line":113,"column":49}},"113":{"start":{"line":114,"column":0},"end":{"line":114,"column":15}},"114":{"start":{"line":115,"column":0},"end":{"line":115,"column":67}},"115":{"start":{"line":116,"column":0},"end":{"line":116,"column":5}},"116":{"start":{"line":117,"column":0},"end":{"line":117,"column":4}},"118":{"start":{"line":119,"column":0},"end":{"line":119,"column":19}},"119":{"start":{"line":120,"column":0},"end":{"line":120,"column":37}},"120":{"start":{"line":121,"column":0},"end":{"line":121,"column":68}},"121":{"start":{"line":122,"column":0},"end":{"line":122,"column":61}},"122":{"start":{"line":123,"column":0},"end":{"line":123,"column":61}},"124":{"start":{"line":125,"column":0},"end":{"line":125,"column":21}},"125":{"start":{"line":126,"column":0},"end":{"line":126,"column":72}},"126":{"start":{"line":127,"column":0},"end":{"line":127,"column":52}},"127":{"start":{"line":128,"column":0},"end":{"line":128,"column":15}},"128":{"start":{"line":129,"column":0},"end":{"line":129,"column":7}},"130":{"start":{"line":131,"column":0},"end":{"line":131,"column":29}},"132":{"start":{"line":133,"column":0},"end":{"line":133,"column":53}},"133":{"start":{"line":134,"column":0},"end":{"line":134,"column":47}},"135":{"start":{"line":136,"column":0},"end":{"line":136,"column":27}},"136":{"start":{"line":137,"column":0},"end":{"line":137,"column":31}},"137":{"start":{"line":138,"column":0},"end":{"line":138,"column":37}},"138":{"start":{"line":139,"column":0},"end":{"line":139,"column":70}},"139":{"start":{"line":140,"column":0},"end":{"line":140,"column":55}},"140":{"start":{"line":141,"column":0},"end":{"line":141,"column":57}},"141":{"start":{"line":142,"column":0},"end":{"line":142,"column":26}},"142":{"start":{"line":143,"column":0},"end":{"line":143,"column":14}},"143":{"start":{"line":144,"column":0},"end":{"line":144,"column":95}},"144":{"start":{"line":145,"column":0},"end":{"line":145,"column":7}},"145":{"start":{"line":146,"column":0},"end":{"line":146,"column":6}},"147":{"start":{"line":148,"column":0},"end":{"line":148,"column":18}},"148":{"start":{"line":149,"column":0},"end":{"line":149,"column":21}},"149":{"start":{"line":150,"column":0},"end":{"line":150,"column":38}},"151":{"start":{"line":152,"column":0},"end":{"line":152,"column":59}},"152":{"start":{"line":153,"column":0},"end":{"line":153,"column":38}},"153":{"start":{"line":154,"column":0},"end":{"line":154,"column":64}},"155":{"start":{"line":156,"column":0},"end":{"line":156,"column":24}},"156":{"start":{"line":157,"column":0},"end":{"line":157,"column":95}},"157":{"start":{"line":158,"column":0},"end":{"line":158,"column":46}},"158":{"start":{"line":159,"column":0},"end":{"line":159,"column":31}},"159":{"start":{"line":160,"column":0},"end":{"line":160,"column":13}},"160":{"start":{"line":161,"column":0},"end":{"line":161,"column":5}},"162":{"start":{"line":163,"column":0},"end":{"line":163,"column":41}},"163":{"start":{"line":164,"column":0},"end":{"line":164,"column":28}},"164":{"start":{"line":165,"column":0},"end":{"line":165,"column":32}},"165":{"start":{"line":166,"column":0},"end":{"line":166,"column":29}},"168":{"start":{"line":169,"column":0},"end":{"line":169,"column":97}},"169":{"start":{"line":170,"column":0},"end":{"line":170,"column":58}},"170":{"start":{"line":171,"column":0},"end":{"line":171,"column":66}},"172":{"start":{"line":173,"column":0},"end":{"line":173,"column":49}},"173":{"start":{"line":174,"column":0},"end":{"line":174,"column":23}},"174":{"start":{"line":175,"column":0},"end":{"line":175,"column":27}},"175":{"start":{"line":176,"column":0},"end":{"line":176,"column":27}},"176":{"start":{"line":177,"column":0},"end":{"line":177,"column":15}},"177":{"start":{"line":178,"column":0},"end":{"line":178,"column":8}},"178":{"start":{"line":179,"column":0},"end":{"line":179,"column":70}},"179":{"start":{"line":180,"column":0},"end":{"line":180,"column":93}},"180":{"start":{"line":181,"column":0},"end":{"line":181,"column":33}},"181":{"start":{"line":182,"column":0},"end":{"line":182,"column":7}},"182":{"start":{"line":183,"column":0},"end":{"line":183,"column":12}},"183":{"start":{"line":184,"column":0},"end":{"line":184,"column":31}},"184":{"start":{"line":185,"column":0},"end":{"line":185,"column":5}},"185":{"start":{"line":186,"column":0},"end":{"line":186,"column":4}},"187":{"start":{"line":188,"column":0},"end":{"line":188,"column":53}},"188":{"start":{"line":189,"column":0},"end":{"line":189,"column":38}},"189":{"start":{"line":190,"column":0},"end":{"line":190,"column":95}},"190":{"start":{"line":191,"column":0},"end":{"line":191,"column":29}},"191":{"start":{"line":192,"column":0},"end":{"line":192,"column":4}},"193":{"start":{"line":194,"column":0},"end":{"line":194,"column":34}},"194":{"start":{"line":195,"column":0},"end":{"line":195,"column":26}},"195":{"start":{"line":196,"column":0},"end":{"line":196,"column":9}},"196":{"start":{"line":197,"column":0},"end":{"line":197,"column":68}},"197":{"start":{"line":198,"column":0},"end":{"line":198,"column":59}},"198":{"start":{"line":199,"column":0},"end":{"line":199,"column":9}},"199":{"start":{"line":200,"column":0},"end":{"line":200,"column":82}},"200":{"start":{"line":201,"column":0},"end":{"line":201,"column":41}},"201":{"start":{"line":202,"column":0},"end":{"line":202,"column":21}},"202":{"start":{"line":203,"column":0},"end":{"line":203,"column":21}},"203":{"start":{"line":204,"column":0},"end":{"line":204,"column":52}},"204":{"start":{"line":205,"column":0},"end":{"line":205,"column":75}},"205":{"start":{"line":206,"column":0},"end":{"line":206,"column":5}},"206":{"start":{"line":207,"column":0},"end":{"line":207,"column":4}},"208":{"start":{"line":209,"column":0},"end":{"line":209,"column":34}},"209":{"start":{"line":210,"column":0},"end":{"line":210,"column":40}},"210":{"start":{"line":211,"column":0},"end":{"line":211,"column":54}},"211":{"start":{"line":212,"column":0},"end":{"line":212,"column":13}},"212":{"start":{"line":213,"column":0},"end":{"line":213,"column":5}},"213":{"start":{"line":214,"column":0},"end":{"line":214,"column":57}},"214":{"start":{"line":215,"column":0},"end":{"line":215,"column":84}},"215":{"start":{"line":216,"column":0},"end":{"line":216,"column":13}},"216":{"start":{"line":217,"column":0},"end":{"line":217,"column":5}},"217":{"start":{"line":218,"column":0},"end":{"line":218,"column":21}},"218":{"start":{"line":219,"column":0},"end":{"line":219,"column":27}},"219":{"start":{"line":220,"column":0},"end":{"line":220,"column":28}},"220":{"start":{"line":221,"column":0},"end":{"line":221,"column":39}},"221":{"start":{"line":222,"column":0},"end":{"line":222,"column":54}},"222":{"start":{"line":223,"column":0},"end":{"line":223,"column":54}},"223":{"start":{"line":224,"column":0},"end":{"line":224,"column":6}},"224":{"start":{"line":225,"column":0},"end":{"line":225,"column":9}},"225":{"start":{"line":226,"column":0},"end":{"line":226,"column":57}},"226":{"start":{"line":227,"column":0},"end":{"line":227,"column":23}},"227":{"start":{"line":228,"column":0},"end":{"line":228,"column":18}},"228":{"start":{"line":229,"column":0},"end":{"line":229,"column":45}},"229":{"start":{"line":230,"column":0},"end":{"line":230,"column":48}},"230":{"start":{"line":231,"column":0},"end":{"line":231,"column":10}},"231":{"start":{"line":232,"column":0},"end":{"line":232,"column":38}},"232":{"start":{"line":233,"column":0},"end":{"line":233,"column":9}},"233":{"start":{"line":234,"column":0},"end":{"line":234,"column":25}},"234":{"start":{"line":235,"column":0},"end":{"line":235,"column":48}},"235":{"start":{"line":236,"column":0},"end":{"line":236,"column":64}},"236":{"start":{"line":237,"column":0},"end":{"line":237,"column":7}},"237":{"start":{"line":238,"column":0},"end":{"line":238,"column":44}},"238":{"start":{"line":239,"column":0},"end":{"line":239,"column":72}},"239":{"start":{"line":240,"column":0},"end":{"line":240,"column":22}},"240":{"start":{"line":241,"column":0},"end":{"line":241,"column":31}},"241":{"start":{"line":242,"column":0},"end":{"line":242,"column":24}},"242":{"start":{"line":243,"column":0},"end":{"line":243,"column":24}},"243":{"start":{"line":244,"column":0},"end":{"line":244,"column":43}},"244":{"start":{"line":245,"column":0},"end":{"line":245,"column":40}},"245":{"start":{"line":246,"column":0},"end":{"line":246,"column":21}},"246":{"start":{"line":247,"column":0},"end":{"line":247,"column":51}},"247":{"start":{"line":248,"column":0},"end":{"line":248,"column":73}},"248":{"start":{"line":249,"column":0},"end":{"line":249,"column":5}},"249":{"start":{"line":250,"column":0},"end":{"line":250,"column":4}},"251":{"start":{"line":252,"column":0},"end":{"line":252,"column":40}},"252":{"start":{"line":253,"column":0},"end":{"line":253,"column":21}},"253":{"start":{"line":254,"column":0},"end":{"line":254,"column":19}},"254":{"start":{"line":255,"column":0},"end":{"line":255,"column":94}},"255":{"start":{"line":256,"column":0},"end":{"line":256,"column":30}},"256":{"start":{"line":257,"column":0},"end":{"line":257,"column":13}},"257":{"start":{"line":258,"column":0},"end":{"line":258,"column":70}},"258":{"start":{"line":259,"column":0},"end":{"line":259,"column":29}},"259":{"start":{"line":260,"column":0},"end":{"line":260,"column":63}},"260":{"start":{"line":261,"column":0},"end":{"line":261,"column":13}},"261":{"start":{"line":262,"column":0},"end":{"line":262,"column":29}},"262":{"start":{"line":263,"column":0},"end":{"line":263,"column":52}},"263":{"start":{"line":264,"column":0},"end":{"line":264,"column":68}},"264":{"start":{"line":265,"column":0},"end":{"line":265,"column":11}},"265":{"start":{"line":266,"column":0},"end":{"line":266,"column":72}},"266":{"start":{"line":267,"column":0},"end":{"line":267,"column":40}},"267":{"start":{"line":268,"column":0},"end":{"line":268,"column":34}},"268":{"start":{"line":269,"column":0},"end":{"line":269,"column":25}},"269":{"start":{"line":270,"column":0},"end":{"line":270,"column":36}},"270":{"start":{"line":271,"column":0},"end":{"line":271,"column":32}},"271":{"start":{"line":272,"column":0},"end":{"line":272,"column":11}},"272":{"start":{"line":273,"column":0},"end":{"line":273,"column":57}},"273":{"start":{"line":274,"column":0},"end":{"line":274,"column":25}},"274":{"start":{"line":275,"column":0},"end":{"line":275,"column":55}},"275":{"start":{"line":276,"column":0},"end":{"line":276,"column":77}},"276":{"start":{"line":277,"column":0},"end":{"line":277,"column":19}},"277":{"start":{"line":278,"column":0},"end":{"line":278,"column":79}},"278":{"start":{"line":279,"column":0},"end":{"line":279,"column":9}},"279":{"start":{"line":280,"column":0},"end":{"line":280,"column":8}},"280":{"start":{"line":281,"column":0},"end":{"line":281,"column":23}},"281":{"start":{"line":282,"column":0},"end":{"line":282,"column":77}},"282":{"start":{"line":283,"column":0},"end":{"line":283,"column":8}},"283":{"start":{"line":284,"column":0},"end":{"line":284,"column":7}},"284":{"start":{"line":285,"column":0},"end":{"line":285,"column":4}},"286":{"start":{"line":287,"column":0},"end":{"line":287,"column":39}},"287":{"start":{"line":288,"column":0},"end":{"line":288,"column":39}},"288":{"start":{"line":289,"column":0},"end":{"line":289,"column":29}},"289":{"start":{"line":290,"column":0},"end":{"line":290,"column":26}},"290":{"start":{"line":291,"column":0},"end":{"line":291,"column":17}},"291":{"start":{"line":292,"column":0},"end":{"line":292,"column":28}},"292":{"start":{"line":293,"column":0},"end":{"line":293,"column":24}},"293":{"start":{"line":294,"column":0},"end":{"line":294,"column":28}},"294":{"start":{"line":295,"column":0},"end":{"line":295,"column":23}},"295":{"start":{"line":296,"column":0},"end":{"line":296,"column":25}},"296":{"start":{"line":297,"column":0},"end":{"line":297,"column":27}},"297":{"start":{"line":298,"column":0},"end":{"line":298,"column":24}},"298":{"start":{"line":299,"column":0},"end":{"line":299,"column":28}},"299":{"start":{"line":300,"column":0},"end":{"line":300,"column":4}},"301":{"start":{"line":302,"column":0},"end":{"line":302,"column":47}},"302":{"start":{"line":303,"column":0},"end":{"line":303,"column":28}},"303":{"start":{"line":304,"column":0},"end":{"line":304,"column":27}},"304":{"start":{"line":305,"column":0},"end":{"line":305,"column":9}},"305":{"start":{"line":306,"column":0},"end":{"line":306,"column":72}},"306":{"start":{"line":307,"column":0},"end":{"line":307,"column":59}},"307":{"start":{"line":308,"column":0},"end":{"line":308,"column":9}},"308":{"start":{"line":309,"column":0},"end":{"line":309,"column":90}},"309":{"start":{"line":310,"column":0},"end":{"line":310,"column":49}},"310":{"start":{"line":311,"column":0},"end":{"line":311,"column":55}},"311":{"start":{"line":312,"column":0},"end":{"line":312,"column":55}},"313":{"start":{"line":314,"column":0},"end":{"line":314,"column":92}},"314":{"start":{"line":315,"column":0},"end":{"line":315,"column":61}},"315":{"start":{"line":316,"column":0},"end":{"line":316,"column":59}},"316":{"start":{"line":317,"column":0},"end":{"line":317,"column":9}},"317":{"start":{"line":318,"column":0},"end":{"line":318,"column":82}},"318":{"start":{"line":319,"column":0},"end":{"line":319,"column":41}},"319":{"start":{"line":320,"column":0},"end":{"line":320,"column":21}},"320":{"start":{"line":321,"column":0},"end":{"line":321,"column":36}},"321":{"start":{"line":322,"column":0},"end":{"line":322,"column":31}},"322":{"start":{"line":323,"column":0},"end":{"line":323,"column":110}},"323":{"start":{"line":324,"column":0},"end":{"line":324,"column":77}},"324":{"start":{"line":325,"column":0},"end":{"line":325,"column":10}},"325":{"start":{"line":326,"column":0},"end":{"line":326,"column":21}},"326":{"start":{"line":327,"column":0},"end":{"line":327,"column":52}},"327":{"start":{"line":328,"column":0},"end":{"line":328,"column":22}},"328":{"start":{"line":329,"column":0},"end":{"line":329,"column":5}},"329":{"start":{"line":330,"column":0},"end":{"line":330,"column":4}},"331":{"start":{"line":332,"column":0},"end":{"line":332,"column":40}},"332":{"start":{"line":333,"column":0},"end":{"line":333,"column":28}},"333":{"start":{"line":334,"column":0},"end":{"line":334,"column":23}},"334":{"start":{"line":335,"column":0},"end":{"line":335,"column":28}},"335":{"start":{"line":336,"column":0},"end":{"line":336,"column":23}},"336":{"start":{"line":337,"column":0},"end":{"line":337,"column":25}},"337":{"start":{"line":338,"column":0},"end":{"line":338,"column":27}},"338":{"start":{"line":339,"column":0},"end":{"line":339,"column":24}},"339":{"start":{"line":340,"column":0},"end":{"line":340,"column":28}},"340":{"start":{"line":341,"column":0},"end":{"line":341,"column":9}},"341":{"start":{"line":342,"column":0},"end":{"line":342,"column":72}},"342":{"start":{"line":343,"column":0},"end":{"line":343,"column":59}},"343":{"start":{"line":344,"column":0},"end":{"line":344,"column":9}},"344":{"start":{"line":345,"column":0},"end":{"line":345,"column":90}},"345":{"start":{"line":346,"column":0},"end":{"line":346,"column":49}},"346":{"start":{"line":347,"column":0},"end":{"line":347,"column":55}},"347":{"start":{"line":348,"column":0},"end":{"line":348,"column":55}},"348":{"start":{"line":349,"column":0},"end":{"line":349,"column":92}},"349":{"start":{"line":350,"column":0},"end":{"line":350,"column":61}},"350":{"start":{"line":351,"column":0},"end":{"line":351,"column":59}},"351":{"start":{"line":352,"column":0},"end":{"line":352,"column":9}},"352":{"start":{"line":353,"column":0},"end":{"line":353,"column":82}},"353":{"start":{"line":354,"column":0},"end":{"line":354,"column":41}},"354":{"start":{"line":355,"column":0},"end":{"line":355,"column":33}},"355":{"start":{"line":356,"column":0},"end":{"line":356,"column":31}},"356":{"start":{"line":357,"column":0},"end":{"line":357,"column":78}},"357":{"start":{"line":358,"column":0},"end":{"line":358,"column":20}},"358":{"start":{"line":359,"column":0},"end":{"line":359,"column":10}},"359":{"start":{"line":360,"column":0},"end":{"line":360,"column":21}},"360":{"start":{"line":361,"column":0},"end":{"line":361,"column":52}},"361":{"start":{"line":362,"column":0},"end":{"line":362,"column":19}},"362":{"start":{"line":363,"column":0},"end":{"line":363,"column":5}},"363":{"start":{"line":364,"column":0},"end":{"line":364,"column":4}},"365":{"start":{"line":366,"column":0},"end":{"line":366,"column":31}},"366":{"start":{"line":367,"column":0},"end":{"line":367,"column":41}},"367":{"start":{"line":368,"column":0},"end":{"line":368,"column":64}},"368":{"start":{"line":369,"column":0},"end":{"line":369,"column":39}},"369":{"start":{"line":370,"column":0},"end":{"line":370,"column":43}},"370":{"start":{"line":371,"column":0},"end":{"line":371,"column":4}},"372":{"start":{"line":373,"column":0},"end":{"line":373,"column":50}},"373":{"start":{"line":374,"column":0},"end":{"line":374,"column":38}},"374":{"start":{"line":375,"column":0},"end":{"line":375,"column":67}},"375":{"start":{"line":376,"column":0},"end":{"line":376,"column":29}},"376":{"start":{"line":377,"column":0},"end":{"line":377,"column":4}},"378":{"start":{"line":379,"column":0},"end":{"line":379,"column":42}},"379":{"start":{"line":380,"column":0},"end":{"line":380,"column":32}},"380":{"start":{"line":381,"column":0},"end":{"line":381,"column":17}},"381":{"start":{"line":382,"column":0},"end":{"line":382,"column":11}},"382":{"start":{"line":383,"column":0},"end":{"line":383,"column":95}},"383":{"start":{"line":384,"column":0},"end":{"line":384,"column":63}},"384":{"start":{"line":385,"column":0},"end":{"line":385,"column":27}},"385":{"start":{"line":386,"column":0},"end":{"line":386,"column":61}},"386":{"start":{"line":387,"column":0},"end":{"line":387,"column":11}},"387":{"start":{"line":388,"column":0},"end":{"line":388,"column":84}},"388":{"start":{"line":389,"column":0},"end":{"line":389,"column":53}},"389":{"start":{"line":390,"column":0},"end":{"line":390,"column":23}},"390":{"start":{"line":391,"column":0},"end":{"line":391,"column":53}},"391":{"start":{"line":392,"column":0},"end":{"line":392,"column":7}},"392":{"start":{"line":393,"column":0},"end":{"line":393,"column":5}},"393":{"start":{"line":394,"column":0},"end":{"line":394,"column":56}},"394":{"start":{"line":395,"column":0},"end":{"line":395,"column":32}},"395":{"start":{"line":396,"column":0},"end":{"line":396,"column":35}},"396":{"start":{"line":397,"column":0},"end":{"line":397,"column":29}},"397":{"start":{"line":398,"column":0},"end":{"line":398,"column":22}},"398":{"start":{"line":399,"column":0},"end":{"line":399,"column":7}},"399":{"start":{"line":400,"column":0},"end":{"line":400,"column":4}},"401":{"start":{"line":402,"column":0},"end":{"line":402,"column":33}},"402":{"start":{"line":403,"column":0},"end":{"line":403,"column":30}},"403":{"start":{"line":404,"column":0},"end":{"line":404,"column":56}},"404":{"start":{"line":405,"column":0},"end":{"line":405,"column":22}},"406":{"start":{"line":407,"column":0},"end":{"line":407,"column":48}},"407":{"start":{"line":408,"column":0},"end":{"line":408,"column":30}},"408":{"start":{"line":409,"column":0},"end":{"line":409,"column":58}},"409":{"start":{"line":410,"column":0},"end":{"line":410,"column":56}},"410":{"start":{"line":411,"column":0},"end":{"line":411,"column":7}},"411":{"start":{"line":412,"column":0},"end":{"line":412,"column":33}},"412":{"start":{"line":413,"column":0},"end":{"line":413,"column":16}},"413":{"start":{"line":414,"column":0},"end":{"line":414,"column":93}},"414":{"start":{"line":415,"column":0},"end":{"line":415,"column":19}},"415":{"start":{"line":416,"column":0},"end":{"line":416,"column":8}},"416":{"start":{"line":417,"column":0},"end":{"line":417,"column":13}},"417":{"start":{"line":418,"column":0},"end":{"line":418,"column":5}},"419":{"start":{"line":420,"column":0},"end":{"line":420,"column":53}},"420":{"start":{"line":421,"column":0},"end":{"line":421,"column":59}},"421":{"start":{"line":422,"column":0},"end":{"line":422,"column":30}},"422":{"start":{"line":423,"column":0},"end":{"line":423,"column":149}},"423":{"start":{"line":424,"column":0},"end":{"line":424,"column":146}},"424":{"start":{"line":425,"column":0},"end":{"line":425,"column":7}},"426":{"start":{"line":427,"column":0},"end":{"line":427,"column":9}},"427":{"start":{"line":428,"column":0},"end":{"line":428,"column":75}},"428":{"start":{"line":429,"column":0},"end":{"line":429,"column":49}},"429":{"start":{"line":430,"column":0},"end":{"line":430,"column":42}},"430":{"start":{"line":431,"column":0},"end":{"line":431,"column":27}},"431":{"start":{"line":432,"column":0},"end":{"line":432,"column":22}},"432":{"start":{"line":433,"column":0},"end":{"line":433,"column":49}},"433":{"start":{"line":434,"column":0},"end":{"line":434,"column":52}},"434":{"start":{"line":435,"column":0},"end":{"line":435,"column":14}},"435":{"start":{"line":436,"column":0},"end":{"line":436,"column":33}},"436":{"start":{"line":437,"column":0},"end":{"line":437,"column":38}},"437":{"start":{"line":438,"column":0},"end":{"line":438,"column":23}},"438":{"start":{"line":439,"column":0},"end":{"line":439,"column":44}},"439":{"start":{"line":440,"column":0},"end":{"line":440,"column":45}},"440":{"start":{"line":441,"column":0},"end":{"line":441,"column":52}},"441":{"start":{"line":442,"column":0},"end":{"line":442,"column":52}},"442":{"start":{"line":443,"column":0},"end":{"line":443,"column":67}},"443":{"start":{"line":444,"column":0},"end":{"line":444,"column":21}},"444":{"start":{"line":445,"column":0},"end":{"line":445,"column":23}},"445":{"start":{"line":446,"column":0},"end":{"line":446,"column":44}},"446":{"start":{"line":447,"column":0},"end":{"line":447,"column":45}},"447":{"start":{"line":448,"column":0},"end":{"line":448,"column":57}},"448":{"start":{"line":449,"column":0},"end":{"line":449,"column":21}},"449":{"start":{"line":450,"column":0},"end":{"line":450,"column":14}},"450":{"start":{"line":451,"column":0},"end":{"line":451,"column":37}},"451":{"start":{"line":452,"column":0},"end":{"line":452,"column":31}},"452":{"start":{"line":453,"column":0},"end":{"line":453,"column":54}},"453":{"start":{"line":454,"column":0},"end":{"line":454,"column":70}},"454":{"start":{"line":455,"column":0},"end":{"line":455,"column":13}},"455":{"start":{"line":456,"column":0},"end":{"line":456,"column":35}},"456":{"start":{"line":457,"column":0},"end":{"line":457,"column":12}},"457":{"start":{"line":458,"column":0},"end":{"line":458,"column":8}},"459":{"start":{"line":460,"column":0},"end":{"line":460,"column":53}},"460":{"start":{"line":461,"column":0},"end":{"line":461,"column":95}},"461":{"start":{"line":462,"column":0},"end":{"line":462,"column":26}},"462":{"start":{"line":463,"column":0},"end":{"line":463,"column":22}},"463":{"start":{"line":464,"column":0},"end":{"line":464,"column":49}},"464":{"start":{"line":465,"column":0},"end":{"line":465,"column":52}},"465":{"start":{"line":466,"column":0},"end":{"line":466,"column":14}},"466":{"start":{"line":467,"column":0},"end":{"line":467,"column":33}},"467":{"start":{"line":468,"column":0},"end":{"line":468,"column":38}},"468":{"start":{"line":469,"column":0},"end":{"line":469,"column":93}},"469":{"start":{"line":470,"column":0},"end":{"line":470,"column":84}},"470":{"start":{"line":471,"column":0},"end":{"line":471,"column":14}},"471":{"start":{"line":472,"column":0},"end":{"line":472,"column":37}},"472":{"start":{"line":473,"column":0},"end":{"line":473,"column":31}},"473":{"start":{"line":474,"column":0},"end":{"line":474,"column":54}},"474":{"start":{"line":475,"column":0},"end":{"line":475,"column":70}},"475":{"start":{"line":476,"column":0},"end":{"line":476,"column":13}},"476":{"start":{"line":477,"column":0},"end":{"line":477,"column":35}},"477":{"start":{"line":478,"column":0},"end":{"line":478,"column":12}},"478":{"start":{"line":479,"column":0},"end":{"line":479,"column":8}},"480":{"start":{"line":481,"column":0},"end":{"line":481,"column":66}},"481":{"start":{"line":482,"column":0},"end":{"line":482,"column":36}},"482":{"start":{"line":483,"column":0},"end":{"line":483,"column":35}},"483":{"start":{"line":484,"column":0},"end":{"line":484,"column":9}},"485":{"start":{"line":486,"column":0},"end":{"line":486,"column":16}},"486":{"start":{"line":487,"column":0},"end":{"line":487,"column":71}},"487":{"start":{"line":488,"column":0},"end":{"line":488,"column":37}},"488":{"start":{"line":489,"column":0},"end":{"line":489,"column":34}},"489":{"start":{"line":490,"column":0},"end":{"line":490,"column":81}},"490":{"start":{"line":491,"column":0},"end":{"line":491,"column":22}},"491":{"start":{"line":492,"column":0},"end":{"line":492,"column":11}},"492":{"start":{"line":493,"column":0},"end":{"line":493,"column":41}},"493":{"start":{"line":494,"column":0},"end":{"line":494,"column":34}},"494":{"start":{"line":495,"column":0},"end":{"line":495,"column":81}},"495":{"start":{"line":496,"column":0},"end":{"line":496,"column":22}},"496":{"start":{"line":497,"column":0},"end":{"line":497,"column":11}},"497":{"start":{"line":498,"column":0},"end":{"line":498,"column":9}},"499":{"start":{"line":500,"column":0},"end":{"line":500,"column":22}},"500":{"start":{"line":501,"column":0},"end":{"line":501,"column":30}},"501":{"start":{"line":502,"column":0},"end":{"line":502,"column":29}},"502":{"start":{"line":503,"column":0},"end":{"line":503,"column":58}},"503":{"start":{"line":504,"column":0},"end":{"line":504,"column":21}},"504":{"start":{"line":505,"column":0},"end":{"line":505,"column":50}},"505":{"start":{"line":506,"column":0},"end":{"line":506,"column":77}},"506":{"start":{"line":507,"column":0},"end":{"line":507,"column":5}},"507":{"start":{"line":508,"column":0},"end":{"line":508,"column":4}},"509":{"start":{"line":510,"column":0},"end":{"line":510,"column":28}},"510":{"start":{"line":511,"column":0},"end":{"line":511,"column":28}},"511":{"start":{"line":512,"column":0},"end":{"line":512,"column":20}},"512":{"start":{"line":513,"column":0},"end":{"line":513,"column":27}},"513":{"start":{"line":514,"column":0},"end":{"line":514,"column":4}},"515":{"start":{"line":516,"column":0},"end":{"line":516,"column":38}},"516":{"start":{"line":517,"column":0},"end":{"line":517,"column":46}},"517":{"start":{"line":518,"column":0},"end":{"line":518,"column":67}},"518":{"start":{"line":519,"column":0},"end":{"line":519,"column":73}},"519":{"start":{"line":520,"column":0},"end":{"line":520,"column":35}},"520":{"start":{"line":521,"column":0},"end":{"line":521,"column":24}},"521":{"start":{"line":522,"column":0},"end":{"line":522,"column":46}},"522":{"start":{"line":523,"column":0},"end":{"line":523,"column":28}},"523":{"start":{"line":524,"column":0},"end":{"line":524,"column":32}},"524":{"start":{"line":525,"column":0},"end":{"line":525,"column":14}},"525":{"start":{"line":526,"column":0},"end":{"line":526,"column":12}},"526":{"start":{"line":527,"column":0},"end":{"line":527,"column":67}},"527":{"start":{"line":528,"column":0},"end":{"line":528,"column":73}},"528":{"start":{"line":529,"column":0},"end":{"line":529,"column":35}},"529":{"start":{"line":530,"column":0},"end":{"line":530,"column":52}},"530":{"start":{"line":531,"column":0},"end":{"line":531,"column":5}},"531":{"start":{"line":532,"column":0},"end":{"line":532,"column":4}},"533":{"start":{"line":534,"column":0},"end":{"line":534,"column":38}},"534":{"start":{"line":535,"column":0},"end":{"line":535,"column":44}},"535":{"start":{"line":536,"column":0},"end":{"line":536,"column":46}},"536":{"start":{"line":537,"column":0},"end":{"line":537,"column":21}},"537":{"start":{"line":538,"column":0},"end":{"line":538,"column":5}},"539":{"start":{"line":540,"column":0},"end":{"line":540,"column":55}},"541":{"start":{"line":542,"column":0},"end":{"line":542,"column":27}},"542":{"start":{"line":543,"column":0},"end":{"line":543,"column":24}},"543":{"start":{"line":544,"column":0},"end":{"line":544,"column":26}},"544":{"start":{"line":545,"column":0},"end":{"line":545,"column":17}},"545":{"start":{"line":546,"column":0},"end":{"line":546,"column":27}},"546":{"start":{"line":547,"column":0},"end":{"line":547,"column":24}},"547":{"start":{"line":548,"column":0},"end":{"line":548,"column":28}},"548":{"start":{"line":549,"column":0},"end":{"line":549,"column":28}},"549":{"start":{"line":550,"column":0},"end":{"line":550,"column":23}},"550":{"start":{"line":551,"column":0},"end":{"line":551,"column":25}},"551":{"start":{"line":552,"column":0},"end":{"line":552,"column":4}},"553":{"start":{"line":554,"column":0},"end":{"line":554,"column":14}},"554":{"start":{"line":555,"column":0},"end":{"line":555,"column":50}},"555":{"start":{"line":556,"column":0},"end":{"line":556,"column":3}},"557":{"start":{"line":558,"column":0},"end":{"line":558,"column":35}},"558":{"start":{"line":559,"column":0},"end":{"line":559,"column":12}},"559":{"start":{"line":560,"column":0},"end":{"line":560,"column":39}},"560":{"start":{"line":561,"column":0},"end":{"line":561,"column":38}},"561":{"start":{"line":562,"column":0},"end":{"line":562,"column":41}},"562":{"start":{"line":563,"column":0},"end":{"line":563,"column":52}},"563":{"start":{"line":564,"column":0},"end":{"line":564,"column":64}},"564":{"start":{"line":565,"column":0},"end":{"line":565,"column":59}},"565":{"start":{"line":566,"column":0},"end":{"line":566,"column":18}},"566":{"start":{"line":567,"column":0},"end":{"line":567,"column":54}},"567":{"start":{"line":568,"column":0},"end":{"line":568,"column":66}},"568":{"start":{"line":569,"column":0},"end":{"line":569,"column":61}},"569":{"start":{"line":570,"column":0},"end":{"line":570,"column":18}},"570":{"start":{"line":571,"column":0},"end":{"line":571,"column":50}},"571":{"start":{"line":572,"column":0},"end":{"line":572,"column":64}},"572":{"start":{"line":573,"column":0},"end":{"line":573,"column":55}},"573":{"start":{"line":574,"column":0},"end":{"line":574,"column":18}},"574":{"start":{"line":575,"column":0},"end":{"line":575,"column":16}},"575":{"start":{"line":576,"column":0},"end":{"line":576,"column":44}},"576":{"start":{"line":577,"column":0},"end":{"line":577,"column":42}},"577":{"start":{"line":578,"column":0},"end":{"line":578,"column":18}},"578":{"start":{"line":579,"column":0},"end":{"line":579,"column":43}},"579":{"start":{"line":580,"column":0},"end":{"line":580,"column":78}},"580":{"start":{"line":581,"column":0},"end":{"line":581,"column":21}},"581":{"start":{"line":582,"column":0},"end":{"line":582,"column":18}},"582":{"start":{"line":583,"column":0},"end":{"line":583,"column":47}},"583":{"start":{"line":584,"column":0},"end":{"line":584,"column":70}},"584":{"start":{"line":585,"column":0},"end":{"line":585,"column":17}},"585":{"start":{"line":586,"column":0},"end":{"line":586,"column":16}},"586":{"start":{"line":587,"column":0},"end":{"line":587,"column":65}},"588":{"start":{"line":589,"column":0},"end":{"line":589,"column":19}},"589":{"start":{"line":590,"column":0},"end":{"line":590,"column":14}},"591":{"start":{"line":592,"column":0},"end":{"line":592,"column":3}},"593":{"start":{"line":594,"column":0},"end":{"line":594,"column":36}},"594":{"start":{"line":595,"column":0},"end":{"line":595,"column":12}},"595":{"start":{"line":596,"column":0},"end":{"line":596,"column":35}},"596":{"start":{"line":597,"column":0},"end":{"line":597,"column":36}},"597":{"start":{"line":598,"column":0},"end":{"line":598,"column":82}},"598":{"start":{"line":599,"column":0},"end":{"line":599,"column":31}},"599":{"start":{"line":600,"column":0},"end":{"line":600,"column":66}},"600":{"start":{"line":601,"column":0},"end":{"line":601,"column":20}},"601":{"start":{"line":602,"column":0},"end":{"line":602,"column":32}},"603":{"start":{"line":604,"column":0},"end":{"line":604,"column":45}},"604":{"start":{"line":605,"column":0},"end":{"line":605,"column":66}},"606":{"start":{"line":607,"column":0},"end":{"line":607,"column":40}},"608":{"start":{"line":609,"column":0},"end":{"line":609,"column":46}},"609":{"start":{"line":610,"column":0},"end":{"line":610,"column":50}},"610":{"start":{"line":611,"column":0},"end":{"line":611,"column":59}},"611":{"start":{"line":612,"column":0},"end":{"line":612,"column":26}},"612":{"start":{"line":613,"column":0},"end":{"line":613,"column":24}},"613":{"start":{"line":614,"column":0},"end":{"line":614,"column":45}},"614":{"start":{"line":615,"column":0},"end":{"line":615,"column":50}},"615":{"start":{"line":616,"column":0},"end":{"line":616,"column":65}},"616":{"start":{"line":617,"column":0},"end":{"line":617,"column":26}},"617":{"start":{"line":618,"column":0},"end":{"line":618,"column":24}},"618":{"start":{"line":619,"column":0},"end":{"line":619,"column":22}},"619":{"start":{"line":620,"column":0},"end":{"line":620,"column":20}},"621":{"start":{"line":622,"column":0},"end":{"line":622,"column":62}},"623":{"start":{"line":624,"column":0},"end":{"line":624,"column":62}},"624":{"start":{"line":625,"column":0},"end":{"line":625,"column":41}},"625":{"start":{"line":626,"column":0},"end":{"line":626,"column":58}},"626":{"start":{"line":627,"column":0},"end":{"line":627,"column":16}},"627":{"start":{"line":628,"column":0},"end":{"line":628,"column":14}},"629":{"start":{"line":630,"column":0},"end":{"line":630,"column":3}},"631":{"start":{"line":632,"column":0},"end":{"line":632,"column":10}},"632":{"start":{"line":633,"column":0},"end":{"line":633,"column":27}},"633":{"start":{"line":634,"column":0},"end":{"line":634,"column":39}},"634":{"start":{"line":635,"column":0},"end":{"line":635,"column":51}},"635":{"start":{"line":636,"column":0},"end":{"line":636,"column":17}},"636":{"start":{"line":637,"column":0},"end":{"line":637,"column":40}},"637":{"start":{"line":638,"column":0},"end":{"line":638,"column":45}},"638":{"start":{"line":639,"column":0},"end":{"line":639,"column":67}},"639":{"start":{"line":640,"column":0},"end":{"line":640,"column":48}},"640":{"start":{"line":641,"column":0},"end":{"line":641,"column":42}},"641":{"start":{"line":642,"column":0},"end":{"line":642,"column":22}},"642":{"start":{"line":643,"column":0},"end":{"line":643,"column":31}},"643":{"start":{"line":644,"column":0},"end":{"line":644,"column":36}},"644":{"start":{"line":645,"column":0},"end":{"line":645,"column":65}},"645":{"start":{"line":646,"column":0},"end":{"line":646,"column":57}},"646":{"start":{"line":647,"column":0},"end":{"line":647,"column":58}},"647":{"start":{"line":648,"column":0},"end":{"line":648,"column":18}},"648":{"start":{"line":649,"column":0},"end":{"line":649,"column":20}},"649":{"start":{"line":650,"column":0},"end":{"line":650,"column":50}},"650":{"start":{"line":651,"column":0},"end":{"line":651,"column":56}},"651":{"start":{"line":652,"column":0},"end":{"line":652,"column":24}},"652":{"start":{"line":653,"column":0},"end":{"line":653,"column":37}},"653":{"start":{"line":654,"column":0},"end":{"line":654,"column":46}},"654":{"start":{"line":655,"column":0},"end":{"line":655,"column":75}},"655":{"start":{"line":656,"column":0},"end":{"line":656,"column":48}},"656":{"start":{"line":657,"column":0},"end":{"line":657,"column":20}},"657":{"start":{"line":658,"column":0},"end":{"line":658,"column":59}},"658":{"start":{"line":659,"column":0},"end":{"line":659,"column":72}},"659":{"start":{"line":660,"column":0},"end":{"line":660,"column":24}},"660":{"start":{"line":661,"column":0},"end":{"line":661,"column":20}},"661":{"start":{"line":662,"column":0},"end":{"line":662,"column":34}},"662":{"start":{"line":663,"column":0},"end":{"line":663,"column":54}},"663":{"start":{"line":664,"column":0},"end":{"line":664,"column":48}},"664":{"start":{"line":665,"column":0},"end":{"line":665,"column":29}},"665":{"start":{"line":666,"column":0},"end":{"line":666,"column":44}},"666":{"start":{"line":667,"column":0},"end":{"line":667,"column":73}},"667":{"start":{"line":668,"column":0},"end":{"line":668,"column":65}},"669":{"start":{"line":670,"column":0},"end":{"line":670,"column":72}},"670":{"start":{"line":671,"column":0},"end":{"line":671,"column":48}},"671":{"start":{"line":672,"column":0},"end":{"line":672,"column":90}},"672":{"start":{"line":673,"column":0},"end":{"line":673,"column":27}},"673":{"start":{"line":674,"column":0},"end":{"line":674,"column":31}},"674":{"start":{"line":675,"column":0},"end":{"line":675,"column":26}},"675":{"start":{"line":676,"column":0},"end":{"line":676,"column":48}},"676":{"start":{"line":677,"column":0},"end":{"line":677,"column":29}},"677":{"start":{"line":678,"column":0},"end":{"line":678,"column":44}},"678":{"start":{"line":679,"column":0},"end":{"line":679,"column":73}},"679":{"start":{"line":680,"column":0},"end":{"line":680,"column":65}},"681":{"start":{"line":682,"column":0},"end":{"line":682,"column":71}},"682":{"start":{"line":683,"column":0},"end":{"line":683,"column":48}},"683":{"start":{"line":684,"column":0},"end":{"line":684,"column":90}},"684":{"start":{"line":685,"column":0},"end":{"line":685,"column":27}},"685":{"start":{"line":686,"column":0},"end":{"line":686,"column":31}},"686":{"start":{"line":687,"column":0},"end":{"line":687,"column":26}},"687":{"start":{"line":688,"column":0},"end":{"line":688,"column":24}},"689":{"start":{"line":690,"column":0},"end":{"line":690,"column":21}},"690":{"start":{"line":691,"column":0},"end":{"line":691,"column":38}},"691":{"start":{"line":692,"column":0},"end":{"line":692,"column":64}},"692":{"start":{"line":693,"column":0},"end":{"line":693,"column":15}},"694":{"start":{"line":695,"column":0},"end":{"line":695,"column":23}},"695":{"start":{"line":696,"column":0},"end":{"line":696,"column":18}},"696":{"start":{"line":697,"column":0},"end":{"line":697,"column":16}},"697":{"start":{"line":698,"column":0},"end":{"line":698,"column":59}},"698":{"start":{"line":699,"column":0},"end":{"line":699,"column":44}},"699":{"start":{"line":700,"column":0},"end":{"line":700,"column":59}},"700":{"start":{"line":701,"column":0},"end":{"line":701,"column":21}},"701":{"start":{"line":702,"column":0},"end":{"line":702,"column":43}},"702":{"start":{"line":703,"column":0},"end":{"line":703,"column":80}},"703":{"start":{"line":704,"column":0},"end":{"line":704,"column":43}},"705":{"start":{"line":706,"column":0},"end":{"line":706,"column":30}},"706":{"start":{"line":707,"column":0},"end":{"line":707,"column":22}},"707":{"start":{"line":708,"column":0},"end":{"line":708,"column":60}},"708":{"start":{"line":709,"column":0},"end":{"line":709,"column":23}},"710":{"start":{"line":711,"column":0},"end":{"line":711,"column":22}},"711":{"start":{"line":712,"column":0},"end":{"line":712,"column":62}},"712":{"start":{"line":713,"column":0},"end":{"line":713,"column":23}},"714":{"start":{"line":715,"column":0},"end":{"line":715,"column":23}},"715":{"start":{"line":716,"column":0},"end":{"line":716,"column":18}},"716":{"start":{"line":717,"column":0},"end":{"line":717,"column":27}},"717":{"start":{"line":718,"column":0},"end":{"line":718,"column":49}},"718":{"start":{"line":719,"column":0},"end":{"line":719,"column":39}},"719":{"start":{"line":720,"column":0},"end":{"line":720,"column":50}},"720":{"start":{"line":721,"column":0},"end":{"line":721,"column":46}},"721":{"start":{"line":722,"column":0},"end":{"line":722,"column":69}},"722":{"start":{"line":723,"column":0},"end":{"line":723,"column":57}},"723":{"start":{"line":724,"column":0},"end":{"line":724,"column":58}},"724":{"start":{"line":725,"column":0},"end":{"line":725,"column":45}},"725":{"start":{"line":726,"column":0},"end":{"line":726,"column":103}},"726":{"start":{"line":727,"column":0},"end":{"line":727,"column":37}},"727":{"start":{"line":728,"column":0},"end":{"line":728,"column":59}},"728":{"start":{"line":729,"column":0},"end":{"line":729,"column":68}},"729":{"start":{"line":730,"column":0},"end":{"line":730,"column":60}},"730":{"start":{"line":731,"column":0},"end":{"line":731,"column":88}},"731":{"start":{"line":732,"column":0},"end":{"line":732,"column":86}},"732":{"start":{"line":733,"column":0},"end":{"line":733,"column":35}},"733":{"start":{"line":734,"column":0},"end":{"line":734,"column":42}},"735":{"start":{"line":736,"column":0},"end":{"line":736,"column":36}},"736":{"start":{"line":737,"column":0},"end":{"line":737,"column":60}},"737":{"start":{"line":738,"column":0},"end":{"line":738,"column":39}},"738":{"start":{"line":739,"column":0},"end":{"line":739,"column":78}},"739":{"start":{"line":740,"column":0},"end":{"line":740,"column":73}},"740":{"start":{"line":741,"column":0},"end":{"line":741,"column":71}},"742":{"start":{"line":743,"column":0},"end":{"line":743,"column":79}},"743":{"start":{"line":744,"column":0},"end":{"line":744,"column":41}},"744":{"start":{"line":745,"column":0},"end":{"line":745,"column":39}},"745":{"start":{"line":746,"column":0},"end":{"line":746,"column":71}},"746":{"start":{"line":747,"column":0},"end":{"line":747,"column":74}},"747":{"start":{"line":748,"column":0},"end":{"line":748,"column":63}},"749":{"start":{"line":750,"column":0},"end":{"line":750,"column":79}},"750":{"start":{"line":751,"column":0},"end":{"line":751,"column":41}},"751":{"start":{"line":752,"column":0},"end":{"line":752,"column":39}},"752":{"start":{"line":753,"column":0},"end":{"line":753,"column":71}},"753":{"start":{"line":754,"column":0},"end":{"line":754,"column":75}},"754":{"start":{"line":755,"column":0},"end":{"line":755,"column":63}},"756":{"start":{"line":757,"column":0},"end":{"line":757,"column":74}},"757":{"start":{"line":758,"column":0},"end":{"line":758,"column":41}},"758":{"start":{"line":759,"column":0},"end":{"line":759,"column":36}},"759":{"start":{"line":760,"column":0},"end":{"line":760,"column":34}},"760":{"start":{"line":761,"column":0},"end":{"line":761,"column":27}},"761":{"start":{"line":762,"column":0},"end":{"line":762,"column":28}},"763":{"start":{"line":764,"column":0},"end":{"line":764,"column":51}},"764":{"start":{"line":765,"column":0},"end":{"line":765,"column":69}},"765":{"start":{"line":766,"column":0},"end":{"line":766,"column":28}},"767":{"start":{"line":768,"column":0},"end":{"line":768,"column":22}},"769":{"start":{"line":770,"column":0},"end":{"line":770,"column":16}},"770":{"start":{"line":771,"column":0},"end":{"line":771,"column":14}},"771":{"start":{"line":772,"column":0},"end":{"line":772,"column":43}},"772":{"start":{"line":773,"column":0},"end":{"line":773,"column":35}},"773":{"start":{"line":774,"column":0},"end":{"line":774,"column":45}},"774":{"start":{"line":775,"column":0},"end":{"line":775,"column":47}},"775":{"start":{"line":776,"column":0},"end":{"line":776,"column":43}},"776":{"start":{"line":777,"column":0},"end":{"line":777,"column":49}},"777":{"start":{"line":778,"column":0},"end":{"line":778,"column":79}},"778":{"start":{"line":779,"column":0},"end":{"line":779,"column":51}},"779":{"start":{"line":780,"column":0},"end":{"line":780,"column":30}},"780":{"start":{"line":781,"column":0},"end":{"line":781,"column":36}},"781":{"start":{"line":782,"column":0},"end":{"line":782,"column":45}},"782":{"start":{"line":783,"column":0},"end":{"line":783,"column":50}},"783":{"start":{"line":784,"column":0},"end":{"line":784,"column":94}},"784":{"start":{"line":785,"column":0},"end":{"line":785,"column":89}},"785":{"start":{"line":786,"column":0},"end":{"line":786,"column":86}},"786":{"start":{"line":787,"column":0},"end":{"line":787,"column":53}},"787":{"start":{"line":788,"column":0},"end":{"line":788,"column":32}},"788":{"start":{"line":789,"column":0},"end":{"line":789,"column":69}},"789":{"start":{"line":790,"column":0},"end":{"line":790,"column":38}},"790":{"start":{"line":791,"column":0},"end":{"line":791,"column":47}},"791":{"start":{"line":792,"column":0},"end":{"line":792,"column":116}},"792":{"start":{"line":793,"column":0},"end":{"line":793,"column":100}},"793":{"start":{"line":794,"column":0},"end":{"line":794,"column":99}},"794":{"start":{"line":795,"column":0},"end":{"line":795,"column":69}},"795":{"start":{"line":796,"column":0},"end":{"line":796,"column":34}},"796":{"start":{"line":797,"column":0},"end":{"line":797,"column":96}},"797":{"start":{"line":798,"column":0},"end":{"line":798,"column":36}},"798":{"start":{"line":799,"column":0},"end":{"line":799,"column":31}},"800":{"start":{"line":801,"column":0},"end":{"line":801,"column":30}},"801":{"start":{"line":802,"column":0},"end":{"line":802,"column":36}},"802":{"start":{"line":803,"column":0},"end":{"line":803,"column":45}},"803":{"start":{"line":804,"column":0},"end":{"line":804,"column":50}},"804":{"start":{"line":805,"column":0},"end":{"line":805,"column":96}},"805":{"start":{"line":806,"column":0},"end":{"line":806,"column":54}},"806":{"start":{"line":807,"column":0},"end":{"line":807,"column":32}},"807":{"start":{"line":808,"column":0},"end":{"line":808,"column":39}},"808":{"start":{"line":809,"column":0},"end":{"line":809,"column":56}},"809":{"start":{"line":810,"column":0},"end":{"line":810,"column":102}},"810":{"start":{"line":811,"column":0},"end":{"line":811,"column":59}},"811":{"start":{"line":812,"column":0},"end":{"line":812,"column":42}},"812":{"start":{"line":813,"column":0},"end":{"line":813,"column":32}},"813":{"start":{"line":814,"column":0},"end":{"line":814,"column":31}},"815":{"start":{"line":816,"column":0},"end":{"line":816,"column":102}},"816":{"start":{"line":817,"column":0},"end":{"line":817,"column":28}},"817":{"start":{"line":818,"column":0},"end":{"line":818,"column":21}},"818":{"start":{"line":819,"column":0},"end":{"line":819,"column":80}},"819":{"start":{"line":820,"column":0},"end":{"line":820,"column":49}},"820":{"start":{"line":821,"column":0},"end":{"line":821,"column":66}},"821":{"start":{"line":822,"column":0},"end":{"line":822,"column":65}},"822":{"start":{"line":823,"column":0},"end":{"line":823,"column":24}},"823":{"start":{"line":824,"column":0},"end":{"line":824,"column":22}},"824":{"start":{"line":825,"column":0},"end":{"line":825,"column":20}},"825":{"start":{"line":826,"column":0},"end":{"line":826,"column":18}},"827":{"start":{"line":828,"column":0},"end":{"line":828,"column":21}},"828":{"start":{"line":829,"column":0},"end":{"line":829,"column":40}},"829":{"start":{"line":830,"column":0},"end":{"line":830,"column":42}},"830":{"start":{"line":831,"column":0},"end":{"line":831,"column":46}},"831":{"start":{"line":832,"column":0},"end":{"line":832,"column":44}},"832":{"start":{"line":833,"column":0},"end":{"line":833,"column":10}},"833":{"start":{"line":834,"column":0},"end":{"line":834,"column":41}},"834":{"start":{"line":835,"column":0},"end":{"line":835,"column":34}},"835":{"start":{"line":836,"column":0},"end":{"line":836,"column":20}},"836":{"start":{"line":837,"column":0},"end":{"line":837,"column":32}},"837":{"start":{"line":838,"column":0},"end":{"line":838,"column":31}},"838":{"start":{"line":839,"column":0},"end":{"line":839,"column":41}},"839":{"start":{"line":840,"column":0},"end":{"line":840,"column":35}},"840":{"start":{"line":841,"column":0},"end":{"line":841,"column":43}},"841":{"start":{"line":842,"column":0},"end":{"line":842,"column":39}},"842":{"start":{"line":843,"column":0},"end":{"line":843,"column":16}},"843":{"start":{"line":844,"column":0},"end":{"line":844,"column":13}},"844":{"start":{"line":845,"column":0},"end":{"line":845,"column":14}},"845":{"start":{"line":846,"column":0},"end":{"line":846,"column":12}},"847":{"start":{"line":848,"column":0},"end":{"line":848,"column":1}},"849":{"start":{"line":850,"column":0},"end":{"line":850,"column":19}}},"s":{"0":1,"1":1,"2":1,"3":1,"4":1,"5":1,"7":196,"8":196,"9":196,"10":196,"11":196,"12":196,"13":196,"14":196,"15":196,"16":196,"17":196,"18":196,"19":196,"20":196,"21":196,"22":196,"23":196,"24":196,"25":196,"26":196,"27":196,"28":196,"29":196,"30":196,"31":196,"32":196,"33":196,"34":196,"36":196,"37":196,"39":196,"40":7,"41":7,"42":7,"44":196,"45":0,"46":0,"48":196,"49":0,"50":0,"51":0,"52":0,"53":0,"54":0,"55":0,"56":0,"57":0,"58":0,"59":196,"61":196,"62":21,"63":21,"64":21,"65":21,"66":21,"67":19,"68":19,"69":21,"70":2,"71":2,"72":21,"73":196,"75":196,"76":1,"77":1,"78":0,"79":0,"80":0,"81":1,"82":0,"83":0,"84":0,"85":1,"86":1,"87":1,"88":1,"89":1,"90":1,"91":1,"92":1,"93":1,"94":1,"95":1,"96":1,"97":1,"98":1,"99":1,"100":1,"101":1,"102":0,"103":0,"104":0,"105":1,"106":1,"107":1,"108":1,"109":1,"110":1,"111":0,"112":0,"113":1,"114":1,"115":1,"116":1,"118":196,"119":21,"120":21,"121":21,"122":21,"124":21,"125":21,"126":21,"127":21,"128":21,"130":0,"132":0,"133":0,"135":21,"136":0,"137":0,"138":0,"139":0,"140":0,"141":0,"142":0,"143":0,"144":0,"145":21,"147":21,"148":21,"149":196,"151":196,"152":11,"153":11,"155":11,"156":1,"157":1,"158":1,"159":1,"160":1,"162":10,"163":10,"164":10,"165":10,"168":11,"169":1,"170":1,"172":1,"173":1,"174":1,"175":1,"176":1,"177":1,"178":1,"179":1,"180":1,"181":1,"182":11,"183":9,"184":9,"185":11,"187":196,"188":0,"189":0,"190":0,"191":0,"193":196,"194":17,"195":17,"196":17,"197":17,"198":17,"199":17,"200":17,"201":17,"202":17,"203":0,"204":0,"205":0,"206":17,"208":196,"209":2,"210":1,"211":1,"212":1,"213":2,"214":0,"215":0,"216":0,"217":1,"218":1,"219":1,"220":1,"221":2,"222":2,"223":2,"224":2,"225":2,"226":2,"227":2,"228":2,"229":2,"230":2,"231":2,"232":2,"233":2,"234":0,"235":0,"236":0,"237":1,"238":1,"239":1,"240":1,"241":1,"242":1,"243":1,"244":2,"245":2,"246":0,"247":0,"248":0,"249":2,"251":196,"252":1,"253":1,"254":1,"255":1,"256":1,"257":1,"258":1,"259":1,"260":1,"261":1,"262":0,"263":0,"264":0,"265":1,"266":1,"267":0,"268":0,"269":0,"270":0,"271":0,"272":1,"273":1,"274":0,"275":0,"276":1,"277":1,"278":1,"279":1,"280":1,"281":0,"282":0,"283":1,"284":1,"286":196,"287":17,"288":17,"289":17,"290":17,"291":17,"292":17,"293":17,"294":17,"295":17,"296":17,"297":17,"298":17,"299":17,"301":196,"302":8,"303":8,"304":8,"305":8,"306":8,"307":8,"308":8,"309":8,"310":8,"311":8,"313":8,"314":8,"315":8,"316":8,"317":8,"318":8,"319":8,"320":8,"321":14,"322":0,"323":14,"324":8,"325":8,"326":0,"327":0,"328":0,"329":8,"331":196,"332":7,"333":7,"334":7,"335":7,"336":7,"337":7,"338":7,"339":7,"340":7,"341":7,"342":7,"343":7,"344":7,"345":7,"346":7,"347":7,"348":7,"349":7,"350":7,"351":7,"352":7,"353":7,"354":7,"355":10,"356":0,"357":10,"358":7,"359":7,"360":0,"361":0,"362":0,"363":7,"365":196,"366":4,"367":1,"368":3,"369":4,"370":4,"372":196,"373":48,"374":48,"375":48,"376":48,"378":196,"379":1,"380":1,"381":1,"382":1,"383":1,"384":1,"385":1,"386":1,"387":1,"388":1,"389":1,"390":0,"391":0,"392":1,"393":1,"394":1,"395":1,"396":1,"397":1,"398":1,"399":1,"401":196,"402":4,"403":4,"404":4,"406":4,"407":10,"408":0,"409":10,"410":4,"411":4,"412":1,"413":1,"414":1,"415":1,"416":1,"417":1,"419":3,"420":3,"421":6,"422":0,"423":6,"424":3,"426":3,"427":4,"428":4,"429":1,"430":1,"431":1,"432":1,"433":1,"434":1,"435":1,"436":1,"437":0,"438":0,"439":0,"440":0,"441":0,"442":0,"443":0,"444":1,"445":1,"446":1,"447":1,"448":1,"449":1,"450":1,"451":1,"452":0,"453":0,"454":0,"455":1,"456":1,"457":4,"459":4,"460":2,"461":2,"462":2,"463":2,"464":2,"465":2,"466":2,"467":2,"468":0,"469":2,"470":2,"471":2,"472":2,"473":0,"474":0,"475":0,"476":2,"477":2,"478":4,"480":4,"481":4,"482":4,"483":4,"485":3,"486":3,"487":3,"488":1,"489":0,"490":1,"491":3,"492":3,"493":2,"494":0,"495":2,"496":3,"497":3,"499":3,"500":3,"501":3,"502":3,"503":4,"504":0,"505":0,"506":0,"507":4,"509":196,"510":1,"511":1,"512":1,"513":1,"515":196,"516":0,"517":0,"518":0,"519":0,"520":0,"521":0,"522":0,"523":0,"524":0,"525":0,"526":0,"527":0,"528":0,"529":0,"530":0,"531":0,"533":196,"534":196,"535":196,"536":196,"537":196,"539":196,"541":196,"542":1,"543":1,"544":1,"545":1,"546":1,"547":1,"548":1,"549":1,"550":1,"551":1,"553":196,"554":21,"555":21,"557":196,"558":0,"559":0,"560":0,"561":0,"562":0,"563":0,"564":0,"565":0,"566":0,"567":0,"568":0,"569":0,"570":0,"571":0,"572":0,"573":0,"574":0,"575":0,"576":0,"577":0,"578":0,"579":0,"580":0,"581":0,"582":0,"583":0,"584":0,"585":0,"586":0,"588":0,"589":0,"591":0,"593":196,"594":17,"595":17,"596":17,"597":17,"598":17,"599":8,"600":8,"601":8,"603":8,"604":8,"606":8,"608":8,"609":8,"610":8,"611":8,"612":8,"613":8,"614":8,"615":8,"616":8,"617":8,"618":8,"619":8,"621":9,"623":17,"624":17,"625":17,"626":17,"627":17,"629":17,"631":158,"632":158,"633":158,"634":158,"635":158,"636":158,"637":158,"638":158,"639":158,"640":158,"641":158,"642":158,"643":158,"644":158,"645":158,"646":158,"647":158,"648":158,"649":158,"650":158,"651":158,"652":158,"653":158,"654":158,"655":158,"656":158,"657":158,"658":158,"659":158,"660":158,"661":158,"662":1,"663":1,"664":1,"665":1,"666":1,"667":1,"669":1,"670":1,"671":2,"672":1,"673":1,"674":1,"675":1,"676":1,"677":1,"678":1,"679":1,"681":1,"682":1,"683":2,"684":1,"685":1,"686":1,"687":1,"689":196,"690":196,"691":196,"692":196,"694":196,"695":196,"696":196,"697":196,"698":196,"699":196,"700":196,"701":196,"702":196,"703":196,"705":196,"706":106,"707":106,"708":106,"710":52,"711":52,"712":52,"714":196,"715":196,"716":196,"717":106,"718":106,"719":106,"720":106,"721":209,"722":209,"723":209,"724":209,"725":209,"726":209,"727":209,"728":104,"729":104,"730":104,"731":104,"732":104,"733":104,"735":209,"736":209,"737":209,"738":209,"739":209,"740":209,"742":209,"743":209,"744":209,"745":209,"746":209,"747":209,"749":209,"750":209,"751":209,"752":209,"753":209,"754":209,"756":209,"757":209,"758":209,"759":209,"760":106,"761":106,"763":0,"764":0,"765":0,"767":106,"769":196,"770":196,"771":196,"772":82,"773":82,"774":82,"775":82,"776":82,"777":159,"778":159,"779":13,"780":13,"781":13,"782":13,"783":13,"784":13,"785":13,"786":13,"787":13,"788":13,"789":13,"790":13,"791":13,"792":13,"793":13,"794":13,"795":13,"796":13,"797":13,"798":13,"800":146,"801":146,"802":146,"803":146,"804":146,"805":146,"806":146,"807":146,"808":146,"809":146,"810":146,"811":146,"812":146,"813":146,"815":159,"816":159,"817":82,"818":82,"819":82,"820":82,"821":82,"822":82,"823":82,"824":82,"825":82,"827":196,"828":196,"829":196,"830":196,"831":196,"832":196,"833":196,"834":196,"835":7,"836":7,"837":7,"838":7,"839":7,"840":7,"841":7,"842":7,"843":196,"844":196,"845":196,"847":196,"849":1},"branchMap":{"0":{"type":"branch","line":8,"loc":{"start":{"line":8,"column":0},"end":{"line":848,"column":1}},"locations":[{"start":{"line":8,"column":0},"end":{"line":848,"column":1}}]},"1":{"type":"branch","line":554,"loc":{"start":{"line":554,"column":13},"end":{"line":556,"column":3}},"locations":[{"start":{"line":554,"column":13},"end":{"line":556,"column":3}}]},"2":{"type":"branch","line":556,"loc":{"start":{"line":556,"column":2},"end":{"line":558,"column":19}},"locations":[{"start":{"line":556,"column":2},"end":{"line":558,"column":19}}]},"3":{"type":"branch","line":558,"loc":{"start":{"line":558,"column":6},"end":{"line":558,"column":34}},"locations":[{"start":{"line":558,"column":6},"end":{"line":558,"column":34}}]},"4":{"type":"branch","line":558,"loc":{"start":{"line":558,"column":34},"end":{"line":592,"column":3}},"locations":[{"start":{"line":558,"column":34},"end":{"line":592,"column":3}}]},"5":{"type":"branch","line":592,"loc":{"start":{"line":592,"column":2},"end":{"line":594,"column":19}},"locations":[{"start":{"line":592,"column":2},"end":{"line":594,"column":19}}]},"6":{"type":"branch","line":594,"loc":{"start":{"line":594,"column":6},"end":{"line":594,"column":35}},"locations":[{"start":{"line":594,"column":6},"end":{"line":594,"column":35}}]},"7":{"type":"branch","line":594,"loc":{"start":{"line":594,"column":35},"end":{"line":630,"column":3}},"locations":[{"start":{"line":594,"column":35},"end":{"line":630,"column":3}}]},"8":{"type":"branch","line":599,"loc":{"start":{"line":599,"column":26},"end":{"line":620,"column":20}},"locations":[{"start":{"line":599,"column":26},"end":{"line":620,"column":20}}]},"9":{"type":"branch","line":604,"loc":{"start":{"line":604,"column":18},"end":{"line":604,"column":42}},"locations":[{"start":{"line":604,"column":18},"end":{"line":604,"column":42}}]},"10":{"type":"branch","line":604,"loc":{"start":{"line":604,"column":30},"end":{"line":604,"column":44}},"locations":[{"start":{"line":604,"column":30},"end":{"line":604,"column":44}}]},"11":{"type":"branch","line":605,"loc":{"start":{"line":605,"column":18},"end":{"line":605,"column":63}},"locations":[{"start":{"line":605,"column":18},"end":{"line":605,"column":63}}]},"12":{"type":"branch","line":620,"loc":{"start":{"line":620,"column":14},"end":{"line":622,"column":62}},"locations":[{"start":{"line":620,"column":14},"end":{"line":622,"column":62}}]},"13":{"type":"branch","line":630,"loc":{"start":{"line":630,"column":2},"end":{"line":662,"column":34}},"locations":[{"start":{"line":630,"column":2},"end":{"line":662,"column":34}}]},"14":{"type":"branch","line":662,"loc":{"start":{"line":662,"column":15},"end":{"line":688,"column":24}},"locations":[{"start":{"line":662,"column":15},"end":{"line":688,"column":24}}]},"15":{"type":"branch","line":703,"loc":{"start":{"line":703,"column":52},"end":{"line":703,"column":75}},"locations":[{"start":{"line":703,"column":52},"end":{"line":703,"column":75}}]},"16":{"type":"branch","line":703,"loc":{"start":{"line":703,"column":64},"end":{"line":703,"column":77}},"locations":[{"start":{"line":703,"column":64},"end":{"line":703,"column":77}}]},"17":{"type":"branch","line":706,"loc":{"start":{"line":706,"column":17},"end":{"line":709,"column":23}},"locations":[{"start":{"line":706,"column":17},"end":{"line":709,"column":23}}]},"18":{"type":"branch","line":709,"loc":{"start":{"line":709,"column":20},"end":{"line":713,"column":23}},"locations":[{"start":{"line":709,"column":20},"end":{"line":713,"column":23}}]},"19":{"type":"branch","line":717,"loc":{"start":{"line":717,"column":13},"end":{"line":768,"column":22}},"locations":[{"start":{"line":717,"column":13},"end":{"line":768,"column":22}}]},"20":{"type":"branch","line":762,"loc":{"start":{"line":762,"column":22},"end":{"line":766,"column":28}},"locations":[{"start":{"line":762,"column":22},"end":{"line":766,"column":28}}]},"21":{"type":"branch","line":772,"loc":{"start":{"line":772,"column":9},"end":{"line":772,"column":43}},"locations":[{"start":{"line":772,"column":9},"end":{"line":772,"column":43}}]},"22":{"type":"branch","line":772,"loc":{"start":{"line":772,"column":26},"end":{"line":826,"column":18}},"locations":[{"start":{"line":772,"column":26},"end":{"line":826,"column":18}}]},"23":{"type":"branch","line":40,"loc":{"start":{"line":40,"column":20},"end":{"line":43,"column":4}},"locations":[{"start":{"line":40,"column":20},"end":{"line":43,"column":4}}]},"24":{"type":"branch","line":42,"loc":{"start":{"line":42,"column":14},"end":{"line":42,"column":66}},"locations":[{"start":{"line":42,"column":14},"end":{"line":42,"column":66}}]},"25":{"type":"branch","line":62,"loc":{"start":{"line":62,"column":37},"end":{"line":74,"column":5}},"locations":[{"start":{"line":62,"column":37},"end":{"line":74,"column":5}}]},"26":{"type":"branch","line":66,"loc":{"start":{"line":66,"column":7},"end":{"line":67,"column":30}},"locations":[{"start":{"line":66,"column":7},"end":{"line":67,"column":30}}]},"27":{"type":"branch","line":67,"loc":{"start":{"line":67,"column":24},"end":{"line":67,"column":82}},"locations":[{"start":{"line":67,"column":24},"end":{"line":67,"column":82}}]},"28":{"type":"branch","line":67,"loc":{"start":{"line":67,"column":80},"end":{"line":70,"column":13}},"locations":[{"start":{"line":67,"column":80},"end":{"line":70,"column":13}}]},"29":{"type":"branch","line":70,"loc":{"start":{"line":70,"column":4},"end":{"line":72,"column":5}},"locations":[{"start":{"line":70,"column":4},"end":{"line":72,"column":5}}]},"30":{"type":"branch","line":76,"loc":{"start":{"line":76,"column":27},"end":{"line":117,"column":4}},"locations":[{"start":{"line":76,"column":27},"end":{"line":117,"column":4}}]},"31":{"type":"branch","line":78,"loc":{"start":{"line":78,"column":52},"end":{"line":81,"column":5}},"locations":[{"start":{"line":78,"column":52},"end":{"line":81,"column":5}}]},"32":{"type":"branch","line":82,"loc":{"start":{"line":82,"column":63},"end":{"line":85,"column":5}},"locations":[{"start":{"line":82,"column":63},"end":{"line":85,"column":5}}]},"33":{"type":"branch","line":102,"loc":{"start":{"line":102,"column":24},"end":{"line":105,"column":7}},"locations":[{"start":{"line":102,"column":24},"end":{"line":105,"column":7}}]},"34":{"type":"branch","line":108,"loc":{"start":{"line":108,"column":32},"end":{"line":108,"column":82}},"locations":[{"start":{"line":108,"column":32},"end":{"line":108,"column":82}}]},"35":{"type":"branch","line":111,"loc":{"start":{"line":111,"column":4},"end":{"line":114,"column":6}},"locations":[{"start":{"line":111,"column":4},"end":{"line":114,"column":6}}]},"36":{"type":"branch","line":86,"loc":{"start":{"line":86,"column":23},"end":{"line":86,"column":62}},"locations":[{"start":{"line":86,"column":23},"end":{"line":86,"column":62}}]},"37":{"type":"branch","line":115,"loc":{"start":{"line":115,"column":25},"end":{"line":115,"column":65}},"locations":[{"start":{"line":115,"column":25},"end":{"line":115,"column":65}}]},"38":{"type":"branch","line":119,"loc":{"start":{"line":119,"column":12},"end":{"line":150,"column":5}},"locations":[{"start":{"line":119,"column":12},"end":{"line":150,"column":5}}]},"39":{"type":"branch","line":120,"loc":{"start":{"line":120,"column":24},"end":{"line":146,"column":6}},"locations":[{"start":{"line":120,"column":24},"end":{"line":146,"column":6}}]},"40":{"type":"branch","line":129,"loc":{"start":{"line":129,"column":6},"end":{"line":136,"column":26}},"locations":[{"start":{"line":129,"column":6},"end":{"line":136,"column":26}}]},"41":{"type":"branch","line":136,"loc":{"start":{"line":136,"column":26},"end":{"line":145,"column":7}},"locations":[{"start":{"line":136,"column":26},"end":{"line":145,"column":7}}]},"42":{"type":"branch","line":152,"loc":{"start":{"line":152,"column":27},"end":{"line":186,"column":4}},"locations":[{"start":{"line":152,"column":27},"end":{"line":186,"column":4}}]},"43":{"type":"branch","line":156,"loc":{"start":{"line":156,"column":23},"end":{"line":161,"column":5}},"locations":[{"start":{"line":156,"column":23},"end":{"line":161,"column":5}}]},"44":{"type":"branch","line":161,"loc":{"start":{"line":161,"column":4},"end":{"line":166,"column":29}},"locations":[{"start":{"line":161,"column":4},"end":{"line":166,"column":29}}]},"45":{"type":"branch","line":169,"loc":{"start":{"line":169,"column":8},"end":{"line":169,"column":58}},"locations":[{"start":{"line":169,"column":8},"end":{"line":169,"column":58}}]},"46":{"type":"branch","line":169,"loc":{"start":{"line":169,"column":53},"end":{"line":169,"column":96}},"locations":[{"start":{"line":169,"column":53},"end":{"line":169,"column":96}}]},"47":{"type":"branch","line":169,"loc":{"start":{"line":169,"column":96},"end":{"line":183,"column":11}},"locations":[{"start":{"line":169,"column":96},"end":{"line":183,"column":11}}]},"48":{"type":"branch","line":171,"loc":{"start":{"line":171,"column":59},"end":{"line":171,"column":66}},"locations":[{"start":{"line":171,"column":59},"end":{"line":171,"column":66}}]},"49":{"type":"branch","line":183,"loc":{"start":{"line":183,"column":4},"end":{"line":185,"column":5}},"locations":[{"start":{"line":183,"column":4},"end":{"line":185,"column":5}}]},"50":{"type":"branch","line":170,"loc":{"start":{"line":170,"column":30},"end":{"line":170,"column":56}},"locations":[{"start":{"line":170,"column":30},"end":{"line":170,"column":56}}]},"51":{"type":"branch","line":194,"loc":{"start":{"line":194,"column":21},"end":{"line":207,"column":4}},"locations":[{"start":{"line":194,"column":21},"end":{"line":207,"column":4}}]},"52":{"type":"branch","line":195,"loc":{"start":{"line":195,"column":19},"end":{"line":195,"column":26}},"locations":[{"start":{"line":195,"column":19},"end":{"line":195,"column":26}}]},"53":{"type":"branch","line":200,"loc":{"start":{"line":200,"column":24},"end":{"line":200,"column":82}},"locations":[{"start":{"line":200,"column":24},"end":{"line":200,"column":82}}]},"54":{"type":"branch","line":203,"loc":{"start":{"line":203,"column":4},"end":{"line":206,"column":5}},"locations":[{"start":{"line":203,"column":4},"end":{"line":206,"column":5}}]},"55":{"type":"branch","line":209,"loc":{"start":{"line":209,"column":21},"end":{"line":250,"column":4}},"locations":[{"start":{"line":209,"column":21},"end":{"line":250,"column":4}}]},"56":{"type":"branch","line":210,"loc":{"start":{"line":210,"column":39},"end":{"line":214,"column":27}},"locations":[{"start":{"line":210,"column":39},"end":{"line":214,"column":27}}]},"57":{"type":"branch","line":214,"loc":{"start":{"line":214,"column":8},"end":{"line":214,"column":56}},"locations":[{"start":{"line":214,"column":8},"end":{"line":214,"column":56}}]},"58":{"type":"branch","line":214,"loc":{"start":{"line":214,"column":56},"end":{"line":217,"column":5}},"locations":[{"start":{"line":214,"column":56},"end":{"line":217,"column":5}}]},"59":{"type":"branch","line":217,"loc":{"start":{"line":217,"column":4},"end":{"line":222,"column":36}},"locations":[{"start":{"line":217,"column":4},"end":{"line":222,"column":36}}]},"60":{"type":"branch","line":222,"loc":{"start":{"line":222,"column":19},"end":{"line":222,"column":49}},"locations":[{"start":{"line":222,"column":19},"end":{"line":222,"column":49}}]},"61":{"type":"branch","line":222,"loc":{"start":{"line":222,"column":36},"end":{"line":222,"column":54}},"locations":[{"start":{"line":222,"column":36},"end":{"line":222,"column":54}}]},"62":{"type":"branch","line":223,"loc":{"start":{"line":223,"column":19},"end":{"line":223,"column":49}},"locations":[{"start":{"line":223,"column":19},"end":{"line":223,"column":49}}]},"63":{"type":"branch","line":223,"loc":{"start":{"line":223,"column":36},"end":{"line":223,"column":54}},"locations":[{"start":{"line":223,"column":36},"end":{"line":223,"column":54}}]},"64":{"type":"branch","line":233,"loc":{"start":{"line":233,"column":7},"end":{"line":234,"column":24}},"locations":[{"start":{"line":233,"column":7},"end":{"line":234,"column":24}}]},"65":{"type":"branch","line":234,"loc":{"start":{"line":234,"column":24},"end":{"line":237,"column":7}},"locations":[{"start":{"line":234,"column":24},"end":{"line":237,"column":7}}]},"66":{"type":"branch","line":237,"loc":{"start":{"line":237,"column":6},"end":{"line":245,"column":27}},"locations":[{"start":{"line":237,"column":6},"end":{"line":245,"column":27}}]},"67":{"type":"branch","line":245,"loc":{"start":{"line":245,"column":21},"end":{"line":245,"column":40}},"locations":[{"start":{"line":245,"column":21},"end":{"line":245,"column":40}}]},"68":{"type":"branch","line":246,"loc":{"start":{"line":246,"column":4},"end":{"line":249,"column":5}},"locations":[{"start":{"line":246,"column":4},"end":{"line":249,"column":5}}]},"69":{"type":"branch","line":244,"loc":{"start":{"line":244,"column":15},"end":{"line":244,"column":41}},"locations":[{"start":{"line":244,"column":15},"end":{"line":244,"column":41}}]},"70":{"type":"branch","line":252,"loc":{"start":{"line":252,"column":21},"end":{"line":285,"column":4}},"locations":[{"start":{"line":252,"column":21},"end":{"line":285,"column":4}}]},"71":{"type":"branch","line":256,"loc":{"start":{"line":256,"column":17},"end":{"line":280,"column":8}},"locations":[{"start":{"line":256,"column":17},"end":{"line":280,"column":8}}]},"72":{"type":"branch","line":262,"loc":{"start":{"line":262,"column":28},"end":{"line":265,"column":11}},"locations":[{"start":{"line":262,"column":28},"end":{"line":265,"column":11}}]},"73":{"type":"branch","line":267,"loc":{"start":{"line":267,"column":39},"end":{"line":272,"column":11}},"locations":[{"start":{"line":267,"column":39},"end":{"line":272,"column":11}}]},"74":{"type":"branch","line":274,"loc":{"start":{"line":274,"column":8},"end":{"line":277,"column":10}},"locations":[{"start":{"line":274,"column":8},"end":{"line":277,"column":10}}]},"75":{"type":"branch","line":266,"loc":{"start":{"line":266,"column":19},"end":{"line":266,"column":70}},"locations":[{"start":{"line":266,"column":19},"end":{"line":266,"column":70}}]},"76":{"type":"branch","line":266,"loc":{"start":{"line":266,"column":41},"end":{"line":266,"column":69}},"locations":[{"start":{"line":266,"column":41},"end":{"line":266,"column":69}}]},"77":{"type":"branch","line":287,"loc":{"start":{"line":287,"column":26},"end":{"line":300,"column":4}},"locations":[{"start":{"line":287,"column":26},"end":{"line":300,"column":4}}]},"78":{"type":"branch","line":302,"loc":{"start":{"line":302,"column":28},"end":{"line":330,"column":4}},"locations":[{"start":{"line":302,"column":28},"end":{"line":330,"column":4}}]},"79":{"type":"branch","line":309,"loc":{"start":{"line":309,"column":28},"end":{"line":309,"column":90}},"locations":[{"start":{"line":309,"column":28},"end":{"line":309,"column":90}}]},"80":{"type":"branch","line":314,"loc":{"start":{"line":314,"column":28},"end":{"line":314,"column":73}},"locations":[{"start":{"line":314,"column":28},"end":{"line":314,"column":73}}]},"81":{"type":"branch","line":314,"loc":{"start":{"line":314,"column":68},"end":{"line":314,"column":92}},"locations":[{"start":{"line":314,"column":68},"end":{"line":314,"column":92}}]},"82":{"type":"branch","line":318,"loc":{"start":{"line":318,"column":24},"end":{"line":318,"column":82}},"locations":[{"start":{"line":318,"column":24},"end":{"line":318,"column":82}}]},"83":{"type":"branch","line":326,"loc":{"start":{"line":326,"column":4},"end":{"line":329,"column":5}},"locations":[{"start":{"line":326,"column":4},"end":{"line":329,"column":5}}]},"84":{"type":"branch","line":311,"loc":{"start":{"line":311,"column":33},"end":{"line":311,"column":53}},"locations":[{"start":{"line":311,"column":33},"end":{"line":311,"column":53}}]},"85":{"type":"branch","line":321,"loc":{"start":{"line":321,"column":27},"end":{"line":324,"column":77}},"locations":[{"start":{"line":321,"column":27},"end":{"line":324,"column":77}}]},"86":{"type":"branch","line":322,"loc":{"start":{"line":322,"column":15},"end":{"line":323,"column":110}},"locations":[{"start":{"line":322,"column":15},"end":{"line":323,"column":110}}]},"87":{"type":"branch","line":332,"loc":{"start":{"line":332,"column":21},"end":{"line":364,"column":4}},"locations":[{"start":{"line":332,"column":21},"end":{"line":364,"column":4}}]},"88":{"type":"branch","line":345,"loc":{"start":{"line":345,"column":28},"end":{"line":345,"column":90}},"locations":[{"start":{"line":345,"column":28},"end":{"line":345,"column":90}}]},"89":{"type":"branch","line":349,"loc":{"start":{"line":349,"column":28},"end":{"line":349,"column":73}},"locations":[{"start":{"line":349,"column":28},"end":{"line":349,"column":73}}]},"90":{"type":"branch","line":353,"loc":{"start":{"line":353,"column":24},"end":{"line":353,"column":82}},"locations":[{"start":{"line":353,"column":24},"end":{"line":353,"column":82}}]},"91":{"type":"branch","line":360,"loc":{"start":{"line":360,"column":4},"end":{"line":363,"column":5}},"locations":[{"start":{"line":360,"column":4},"end":{"line":363,"column":5}}]},"92":{"type":"branch","line":347,"loc":{"start":{"line":347,"column":33},"end":{"line":347,"column":53}},"locations":[{"start":{"line":347,"column":33},"end":{"line":347,"column":53}}]},"93":{"type":"branch","line":355,"loc":{"start":{"line":355,"column":24},"end":{"line":358,"column":20}},"locations":[{"start":{"line":355,"column":24},"end":{"line":358,"column":20}}]},"94":{"type":"branch","line":356,"loc":{"start":{"line":356,"column":15},"end":{"line":357,"column":78}},"locations":[{"start":{"line":356,"column":15},"end":{"line":357,"column":78}}]},"95":{"type":"branch","line":366,"loc":{"start":{"line":366,"column":24},"end":{"line":371,"column":4}},"locations":[{"start":{"line":366,"column":24},"end":{"line":371,"column":4}}]},"96":{"type":"branch","line":367,"loc":{"start":{"line":367,"column":19},"end":{"line":368,"column":64}},"locations":[{"start":{"line":367,"column":19},"end":{"line":368,"column":64}}]},"97":{"type":"branch","line":368,"loc":{"start":{"line":368,"column":63},"end":{"line":369,"column":39}},"locations":[{"start":{"line":368,"column":63},"end":{"line":369,"column":39}}]},"98":{"type":"branch","line":370,"loc":{"start":{"line":370,"column":16},"end":{"line":370,"column":41}},"locations":[{"start":{"line":370,"column":16},"end":{"line":370,"column":41}}]},"99":{"type":"branch","line":373,"loc":{"start":{"line":373,"column":24},"end":{"line":377,"column":4}},"locations":[{"start":{"line":373,"column":24},"end":{"line":377,"column":4}}]},"100":{"type":"branch","line":379,"
[...]
oc":{"start":{"line":728,"column":38},"end":{"line":734,"column":42}},"locations":[{"start":{"line":728,"column":38},"end":{"line":734,"column":42}}]},"153":{"type":"branch","line":731,"loc":{"start":{"line":731,"column":46},"end":{"line":731,"column":78}},"locations":[{"start":{"line":731,"column":46},"end":{"line":731,"column":78}}]},"154":{"type":"branch","line":732,"loc":{"start":{"line":732,"column":46},"end":{"line":732,"column":78}},"locations":[{"start":{"line":732,"column":46},"end":{"line":732,"column":78}}]},"155":{"type":"branch","line":739,"loc":{"start":{"line":739,"column":45},"end":{"line":739,"column":78}},"locations":[{"start":{"line":739,"column":45},"end":{"line":739,"column":78}}]},"156":{"type":"branch","line":746,"loc":{"start":{"line":746,"column":45},"end":{"line":746,"column":71}},"locations":[{"start":{"line":746,"column":45},"end":{"line":746,"column":71}}]},"157":{"type":"branch","line":753,"loc":{"start":{"line":753,"column":45},"end":{"line":753,"column":71}},"locations":[{"start":{"line":753,"column":45},"end":{"line":753,"column":71}}]},"158":{"type":"branch","line":777,"loc":{"start":{"line":777,"column":32},"end":{"line":817,"column":28}},"locations":[{"start":{"line":777,"column":32},"end":{"line":817,"column":28}}]},"159":{"type":"branch","line":779,"loc":{"start":{"line":779,"column":25},"end":{"line":799,"column":31}},"locations":[{"start":{"line":779,"column":25},"end":{"line":799,"column":31}}]},"160":{"type":"branch","line":792,"loc":{"start":{"line":792,"column":64},"end":{"line":792,"column":93}},"locations":[{"start":{"line":792,"column":64},"end":{"line":792,"column":93}}]},"161":{"type":"branch","line":792,"loc":{"start":{"line":792,"column":87},"end":{"line":792,"column":116}},"locations":[{"start":{"line":792,"column":87},"end":{"line":792,"column":116}}]},"162":{"type":"branch","line":792,"loc":{"start":{"line":792,"column":97},"end":{"line":792,"column":116}},"locations":[{"start":{"line":792,"column":97},"end":{"line":792,"column":116}}]},"163":{"type":"branch","line":794,"loc":{"start":{"line":794,"column":70},"end":{"line":794,"column":89}},"locations":[{"start":{"line":794,"column":70},"end":{"line":794,"column":89}}]},"164":{"type":"branch","line":794,"loc":{"start":{"line":794,"column":74},"end":{"line":794,"column":99}},"locations":[{"start":{"line":794,"column":74},"end":{"line":794,"column":99}}]},"165":{"type":"branch","line":797,"loc":{"start":{"line":797,"column":54},"end":{"line":797,"column":96}},"locations":[{"start":{"line":797,"column":54},"end":{"line":797,"column":96}}]},"166":{"type":"branch","line":799,"loc":{"start":{"line":799,"column":28},"end":{"line":814,"column":31}},"locations":[{"start":{"line":799,"column":28},"end":{"line":814,"column":31}}]},"167":{"type":"branch","line":816,"loc":{"start":{"line":816,"column":93},"end":{"line":816,"column":102}},"locations":[{"start":{"line":816,"column":93},"end":{"line":816,"column":102}}]},"168":{"type":"branch","line":784,"loc":{"start":{"line":784,"column":44},"end":{"line":784,"column":94}},"locations":[{"start":{"line":784,"column":44},"end":{"line":784,"column":94}}]},"169":{"type":"branch","line":785,"loc":{"start":{"line":785,"column":45},"end":{"line":785,"column":89}},"locations":[{"start":{"line":785,"column":45},"end":{"line":785,"column":89}}]},"170":{"type":"branch","line":786,"loc":{"start":{"line":786,"column":42},"end":{"line":786,"column":86}},"locations":[{"start":{"line":786,"column":42},"end":{"line":786,"column":86}}]},"171":{"type":"branch","line":805,"loc":{"start":{"line":805,"column":44},"end":{"line":805,"column":96}},"locations":[{"start":{"line":805,"column":44},"end":{"line":805,"column":96}}]},"172":{"type":"branch","line":810,"loc":{"start":{"line":810,"column":44},"end":{"line":810,"column":102}},"locations":[{"start":{"line":810,"column":44},"end":{"line":810,"column":102}}]},"173":{"type":"branch","line":816,"loc":{"start":{"line":816,"column":64},"end":{"line":816,"column":92}},"locations":[{"start":{"line":816,"column":64},"end":{"line":816,"column":92}}]},"174":{"type":"branch","line":835,"loc":{"start":{"line":835,"column":22},"end":{"line":843,"column":16}},"locations":[{"start":{"line":835,"column":22},"end":{"line":843,"column":16}}]}},"b":{"0":[196],"1":[21],"2":[175],"3":[17],"4":[0],"5":[175],"6":[17],"7":[17],"8":[8],"9":[2],"10":[6],"11":[0],"12":[9],"13":[158],"14":[1],"15":[106],"16":[52],"17":[106],"18":[52],"19":[106],"20":[0],"21":[82],"22":[82],"23":[7],"24":[7],"25":[21],"26":[19],"27":[0],"28":[19],"29":[2],"30":[1],"31":[0],"32":[0],"33":[0],"34":[0],"35":[0],"36":[1],"37":[1],"38":[21],"39":[21],"40":[0],"41":[0],"42":[11],"43":[1],"44":[10],"45":[1],"46":[1],"47":[1],"48":[0],"49":[9],"50":[2],"51":[17],"52":[0],"53":[0],"54":[0],"55":[2],"56":[1],"57":[0],"58":[0],"59":[1],"60":[0],"61":[1],"62":[0],"63":[1],"64":[1],"65":[0],"66":[1],"67":[0],"68":[0],"69":[1],"70":[1],"71":[1],"72":[0],"73":[0],"74":[0],"75":[1],"76":[2],"77":[17],"78":[8],"79":[0],"80":[1],"81":[7],"82":[0],"83":[0],"84":[9],"85":[14],"86":[0],"87":[7],"88":[0],"89":[0],"90":[0],"91":[0],"92":[7],"93":[10],"94":[0],"95":[4],"96":[1],"97":[3],"98":[4],"99":[48],"100":[1],"101":[0],"102":[0],"103":[0],"104":[2],"105":[3],"106":[1],"107":[4],"108":[0],"109":[0],"110":[1],"111":[3],"112":[0],"113":[3],"114":[3],"115":[0],"116":[4],"117":[10],"118":[0],"119":[9],"120":[7],"121":[7],"122":[6],"123":[0],"124":[4],"125":[9],"126":[7],"127":[1],"128":[0],"129":[1],"130":[0],"131":[2],"132":[0],"133":[0],"134":[2],"135":[0],"136":[6],"137":[4],"138":[1],"139":[0],"140":[2],"141":[0],"142":[1],"143":[3],"144":[3],"145":[1],"146":[9],"147":[1],"148":[2],"149":[2],"150":[209],"151":[104],"152":[104],"153":[104],"154":[208],"155":[8],"156":[7],"157":[1],"158":[159],"159":[13],"160":[1],"161":[12],"162":[11],"163":[1],"164":[12],"165":[1],"166":[146],"167":[40],"168":[5],"169":[5],"170":[1],"171":[34],"172":[14],"173":[1],"174":[7]},"fnMap":{"0":{"name":"App","decl":{"start":{"line":8,"column":0},"end":{"line":848,"column":1}},"loc":{"start":{"line":8,"column":0},"end":{"line":848,"column":1}},"line":8},"1":{"name":"onConfirm","decl":{"start":{"line":33,"column":15},"end":{"line":33,"column":24}},"loc":{"start":{"line":33,"column":15},"end":{"line":33,"column":24}},"line":33},"2":{"name":"showToast","decl":{"start":{"line":40,"column":20},"end":{"line":43,"column":4}},"loc":{"start":{"line":40,"column":20},"end":{"line":43,"column":4}},"line":40},"3":{"name":"removeToast","decl":{"start":{"line":45,"column":22},"end":{"line":47,"column":4}},"loc":{"start":{"line":45,"column":22},"end":{"line":47,"column":4}},"line":45},"4":{"name":"fetchTranslation","decl":{"start":{"line":76,"column":27},"end":{"line":117,"column":4}},"loc":{"start":{"line":76,"column":27},"end":{"line":117,"column":4}},"line":76},"5":{"name":"setUserData","decl":{"start":{"line":120,"column":24},"end":{"line":146,"column":6}},"loc":{"start":{"line":120,"column":24},"end":{"line":146,"column":6}},"line":120},"6":{"name":"handleWordChange","decl":{"start":{"line":152,"column":27},"end":{"line":186,"column":4}},"loc":{"start":{"line":152,"column":27},"end":{"line":186,"column":4}},"line":152},"7":{"name":"handleTranslationChange","decl":{"start":{"line":188,"column":34},"end":{"line":192,"column":4}},"loc":{"start":{"line":188,"column":34},"end":{"line":192,"column":4}},"line":188},"8":{"name":"fetchDecks","decl":{"start":{"line":194,"column":21},"end":{"line":207,"column":4}},"loc":{"start":{"line":194,"column":21},"end":{"line":207,"column":4}},"line":194},"9":{"name":"createDeck","decl":{"start":{"line":209,"column":21},"end":{"line":250,"column":4}},"loc":{"start":{"line":209,"column":21},"end":{"line":250,"column":4}},"line":209},"10":{"name":"deleteDeck","decl":{"start":{"line":252,"column":21},"end":{"line":285,"column":4}},"loc":{"start":{"line":252,"column":21},"end":{"line":285,"column":4}},"line":252},"11":{"name":"onConfirm","decl":{"start":{"line":256,"column":17},"end":{"line":280,"column":8}},"loc":{"start":{"line":256,"column":17},"end":{"line":280,"column":8}},"line":256},"12":{"name":"onConfirm","decl":{"start":{"line":278,"column":67},"end":{"line":278,"column":76}},"loc":{"start":{"line":278,"column":67},"end":{"line":278,"column":76}},"line":278},"13":{"name":"onCancel","decl":{"start":{"line":281,"column":16},"end":{"line":283,"column":8}},"loc":{"start":{"line":281,"column":16},"end":{"line":283,"column":8}},"line":281},"14":{"name":"handleShowDecks","decl":{"start":{"line":287,"column":26},"end":{"line":300,"column":4}},"loc":{"start":{"line":287,"column":26},"end":{"line":300,"column":4}},"line":287},"15":{"name":"openAddCardsModal","decl":{"start":{"line":302,"column":28},"end":{"line":330,"column":4}},"loc":{"start":{"line":302,"column":28},"end":{"line":330,"column":4}},"line":302},"16":{"name":"startStudy","decl":{"start":{"line":332,"column":21},"end":{"line":364,"column":4}},"loc":{"start":{"line":332,"column":21},"end":{"line":364,"column":4}},"line":332},"17":{"name":"addNewCardRow","decl":{"start":{"line":366,"column":24},"end":{"line":371,"column":4}},"loc":{"start":{"line":366,"column":24},"end":{"line":371,"column":4}},"line":366},"18":{"name":"updateCardRow","decl":{"start":{"line":373,"column":24},"end":{"line":377,"column":4}},"loc":{"start":{"line":373,"column":24},"end":{"line":377,"column":4}},"line":373},"19":{"name":"removeCardRow","decl":{"start":{"line":379,"column":24},"end":{"line":400,"column":4}},"loc":{"start":{"line":379,"column":24},"end":{"line":400,"column":4}},"line":379},"20":{"name":"saveCards","decl":{"start":{"line":402,"column":20},"end":{"line":508,"column":4}},"loc":{"start":{"line":402,"column":20},"end":{"line":508,"column":4}},"line":402},"21":{"name":"closeModal","decl":{"start":{"line":510,"column":21},"end":{"line":514,"column":4}},"loc":{"start":{"line":510,"column":21},"end":{"line":514,"column":4}},"line":510},"22":{"name":"handleSwipe","decl":{"start":{"line":516,"column":22},"end":{"line":532,"column":4}},"loc":{"start":{"line":516,"column":22},"end":{"line":532,"column":4}},"line":516},"23":{"name":"onSwipedLeft","decl":{"start":{"line":535,"column":18},"end":{"line":535,"column":44}},"loc":{"start":{"line":535,"column":18},"end":{"line":535,"column":44}},"line":535},"24":{"name":"onSwipedRight","decl":{"start":{"line":536,"column":19},"end":{"line":536,"column":46}},"loc":{"start":{"line":536,"column":19},"end":{"line":536,"column":46}},"line":536},"25":{"name":"toggleFlip","decl":{"start":{"line":540,"column":21},"end":{"line":540,"column":55}},"loc":{"start":{"line":540,"column":21},"end":{"line":540,"column":55}},"line":540},"26":{"name":"exitStudy","decl":{"start":{"line":542,"column":20},"end":{"line":552,"column":4}},"loc":{"start":{"line":542,"column":20},"end":{"line":552,"column":4}},"line":542},"27":{"name":"onChange","decl":{"start":{"line":645,"column":30},"end":{"line":645,"column":65}},"loc":{"start":{"line":645,"column":30},"end":{"line":645,"column":65}},"line":645},"28":{"name":"onChange","decl":{"start":{"line":655,"column":32},"end":{"line":655,"column":75}},"loc":{"start":{"line":655,"column":32},"end":{"line":655,"column":75}},"line":655},"29":{"name":"onChange","decl":{"start":{"line":667,"column":36},"end":{"line":667,"column":73}},"loc":{"start":{"line":667,"column":36},"end":{"line":667,"column":73}},"line":667},"30":{"name":"onChange","decl":{"start":{"line":679,"column":36},"end":{"line":679,"column":73}},"loc":{"start":{"line":679,"column":36},"end":{"line":679,"column":73}},"line":679},"31":{"name":"onClick","decl":{"start":{"line":739,"column":45},"end":{"line":739,"column":78}},"loc":{"start":{"line":739,"column":45},"end":{"line":739,"column":78}},"line":739},"32":{"name":"onClick","decl":{"start":{"line":746,"column":45},"end":{"line":746,"column":71}},"loc":{"start":{"line":746,"column":45},"end":{"line":746,"column":71}},"line":746},"33":{"name":"onClick","decl":{"start":{"line":753,"column":45},"end":{"line":753,"column":71}},"loc":{"start":{"line":753,"column":45},"end":{"line":753,"column":71}},"line":753},"34":{"name":"onChange","decl":{"start":{"line":784,"column":44},"end":{"line":784,"column":94}},"loc":{"start":{"line":784,"column":44},"end":{"line":784,"column":94}},"line":784},"35":{"name":"onKeyDown","decl":{"start":{"line":785,"column":45},"end":{"line":785,"column":89}},"loc":{"start":{"line":785,"column":45},"end":{"line":785,"column":89}},"line":785},"36":{"name":"onBlur","decl":{"start":{"line":786,"column":42},"end":{"line":786,"column":86}},"loc":{"start":{"line":786,"column":42},"end":{"line":786,"column":86}},"line":786},"37":{"name":"onChange","decl":{"start":{"line":793,"column":46},"end":{"line":793,"column":100}},"loc":{"start":{"line":793,"column":46},"end":{"line":793,"column":100}},"line":793},"38":{"name":"onChange","decl":{"start":{"line":805,"column":44},"end":{"line":805,"column":96}},"loc":{"start":{"line":805,"column":44},"end":{"line":805,"column":96}},"line":805},"39":{"name":"onChange","decl":{"start":{"line":810,"column":44},"end":{"line":810,"column":102}},"loc":{"start":{"line":810,"column":44},"end":{"line":810,"column":102}},"line":810},"40":{"name":"onClick","decl":{"start":{"line":816,"column":64},"end":{"line":816,"column":92}},"loc":{"start":{"line":816,"column":64},"end":{"line":816,"column":92}},"line":816}},"f":{"0":196,"1":0,"2":7,"3":0,"4":1,"5":21,"6":11,"7":0,"8":17,"9":2,"10":1,"11":1,"12":0,"13":0,"14":17,"15":8,"16":7,"17":4,"18":48,"19":1,"20":4,"21":1,"22":0,"23":0,"24":0,"25":3,"26":1,"27":9,"28":1,"29":0,"30":0,"31":8,"32":7,"33":1,"34":5,"35":5,"36":1,"37":0,"38":34,"39":14,"40":1}}
,"/Users/liliana/WebstormProjects/telegramappflashcards_v2/frontend/src/main.jsx": {"path":"/Users/liliana/WebstormProjects/telegramappflashcards_v2/frontend/src/main.jsx","all":true,"statementMap":{"0":{"start":{"line":1,"column":0},"end":{"line":1,"column":34}},"1":{"start":{"line":2,"column":0},"end":{"line":2,"column":45}},"2":{"start":{"line":3,"column":0},"end":{"line":3,"column":20}},"3":{"start":{"line":4,"column":0},"end":{"line":4,"column":27}},"5":{"start":{"line":6,"column":0},"end":{"line":6,"column":51}},"6":{"start":{"line":7,"column":0},"end":{"line":7,"column":14}},"7":{"start":{"line":8,"column":0},"end":{"line":8,"column":11}},"8":{"start":{"line":9,"column":0},"end":{"line":9,"column":16}},"9":{"start":{"line":10,"column":0},"end":{"line":10,"column":1}}},"s":{"0":0,"1":0,"2":0,"3":0,"5":0,"6":0,"7":0,"8":0,"9":0},"branchMap":{"0":{"type":"branch","line":1,"loc":{"start":{"line":1,"column":228},"end":{"line":10,"column":1}},"locations":[{"start":{"line":1,"column":228},"end":{"line":10,"column":1}}]}},"b":{"0":[0]},"fnMap":{"0":{"name":"(empty-report)","decl":{"start":{"line":1,"column":228},"end":{"line":10,"column":1}},"loc":{"start":{"line":1,"column":228},"end":{"line":10,"column":1}},"line":1}},"f":{"0":0}}
,"/Users/liliana/WebstormProjects/telegramappflashcards_v2/frontend/src/components/ConfirmModal.jsx": {"path":"/Users/liliana/WebstormProjects/telegramappflashcards_v2/frontend/src/components/ConfirmModal.jsx","all":false,"statementMap":{"0":{"start":{"line":1,"column":0},"end":{"line":1,"column":28}},"2":{"start":{"line":3,"column":0},"end":{"line":3,"column":68}},"3":{"start":{"line":4,"column":0},"end":{"line":4,"column":27}},"5":{"start":{"line":6,"column":0},"end":{"line":6,"column":10}},"6":{"start":{"line":7,"column":0},"end":{"line":7,"column":35}},"7":{"start":{"line":8,"column":0},"end":{"line":8,"column":37}},"8":{"start":{"line":9,"column":0},"end":{"line":9,"column":24}},"9":{"start":{"line":10,"column":0},"end":{"line":10,"column":39}},"10":{"start":{"line":11,"column":0},"end":{"line":11,"column":65}},"12":{"start":{"line":13,"column":0},"end":{"line":13,"column":19}},"13":{"start":{"line":14,"column":0},"end":{"line":14,"column":63}},"15":{"start":{"line":16,"column":0},"end":{"line":16,"column":19}},"16":{"start":{"line":17,"column":0},"end":{"line":17,"column":14}},"17":{"start":{"line":18,"column":0},"end":{"line":18,"column":12}},"18":{"start":{"line":19,"column":0},"end":{"line":19,"column":10}},"20":{"start":{"line":21,"column":0},"end":{"line":21,"column":2}},"22":{"start":{"line":23,"column":0},"end":{"line":23,"column":28}}},"s":{"0":1,"2":1,"3":4,"5":3,"6":3,"7":3,"8":3,"9":3,"10":3,"12":3,"13":3,"15":3,"16":3,"17":3,"18":3,"20":3,"22":1},"branchMap":{"0":{"type":"branch","line":3,"loc":{"start":{"line":3,"column":21},"end":{"line":21,"column":2}},"locations":[{"start":{"line":3,"column":21},"end":{"line":21,"column":2}}]},"1":{"type":"branch","line":4,"loc":{"start":{"line":4,"column":15},"end":{"line":4,"column":27}},"locations":[{"start":{"line":4,"column":15},"end":{"line":4,"column":27}}]},"2":{"type":"branch","line":4,"loc":{"start":{"line":4,"column":22},"end":{"line":21,"column":2}},"locations":[{"start":{"line":4,"column":22},"end":{"line":21,"column":2}}]}},"b":{"0":[4],"1":[1],"2":[3]},"fnMap":{"0":{"name":"ConfirmModal","decl":{"start":{"line":3,"column":21},"end":{"line":21,"column":2}},"loc":{"start":{"line":3,"column":21},"end":{"line":21,"column":2}},"line":3}},"f":{"0":4}}
,"/Users/liliana/WebstormProjects/telegramappflashcards_v2/frontend/src/components/Toast.jsx": {"path":"/Users/liliana/WebstormProjects/telegramappflashcards_v2/frontend/src/components/Toast.jsx","all":false,"statementMap":{"0":{"start":{"line":1,"column":0},"end":{"line":1,"column":34}},"1":{"start":{"line":2,"column":0},"end":{"line":2,"column":21}},"3":{"start":{"line":4,"column":0},"end":{"line":4,"column":77}},"4":{"start":{"line":5,"column":0},"end":{"line":5,"column":19}},"5":{"start":{"line":6,"column":0},"end":{"line":6,"column":36}},"6":{"start":{"line":7,"column":0},"end":{"line":7,"column":18}},"7":{"start":{"line":8,"column":0},"end":{"line":8,"column":17}},"8":{"start":{"line":9,"column":0},"end":{"line":9,"column":37}},"9":{"start":{"line":10,"column":0},"end":{"line":10,"column":30}},"11":{"start":{"line":12,"column":0},"end":{"line":12,"column":10}},"12":{"start":{"line":13,"column":0},"end":{"line":13,"column":43}},"13":{"start":{"line":14,"column":0},"end":{"line":14,"column":28}},"14":{"start":{"line":15,"column":0},"end":{"line":15,"column":66}},"16":{"start":{"line":17,"column":0},"end":{"line":17,"column":15}},"17":{"start":{"line":18,"column":0},"end":{"line":18,"column":10}},"19":{"start":{"line":20,"column":0},"end":{"line":20,"column":2}},"21":{"start":{"line":22,"column":0},"end":{"line":22,"column":21}}},"s":{"0":1,"1":1,"3":1,"4":5,"5":4,"6":1,"7":4,"8":4,"9":5,"11":5,"12":5,"13":5,"14":5,"16":5,"17":5,"19":5,"21":1},"branchMap":{"0":{"type":"branch","line":4,"loc":{"start":{"line":4,"column":14},"end":{"line":20,"column":2}},"locations":[{"start":{"line":4,"column":14},"end":{"line":20,"column":2}}]},"1":{"type":"branch","line":5,"loc":{"start":{"line":5,"column":12},"end":{"line":10,"column":5}},"locations":[{"start":{"line":5,"column":12},"end":{"line":10,"column":5}}]},"2":{"type":"branch","line":6,"loc":{"start":{"line":6,"column":29},"end":{"line":8,"column":7}},"locations":[{"start":{"line":6,"column":29},"end":{"line":8,"column":7}}]},"3":{"type":"branch","line":9,"loc":{"start":{"line":9,"column":11},"end":{"line":9,"column":37}},"locations":[{"start":{"line":9,"column":11},"end":{"line":9,"column":37}}]},"4":{"type":"branch","line":15,"loc":{"start":{"line":15,"column":47},"end":{"line":15,"column":66}},"locations":[{"start":{"line":15,"column":47},"end":{"line":15,"column":66}}]}},"b":{"0":[5],"1":[4],"2":[1],"3":[4],"4":[1]},"fnMap":{"0":{"name":"Toast","decl":{"start":{"line":4,"column":14},"end":{"line":20,"column":2}},"loc":{"start":{"line":4,"column":14},"end":{"line":20,"column":2}},"line":4},"1":{"name":"onClick","decl":{"start":{"line":15,"column":47},"end":{"line":15,"column":66}},"loc":{"start":{"line":15,"column":47},"end":{"line":15,"column":66}},"line":15}},"f":{"0":5,"1":1}}
}
