{"/app/src/App.jsx": {"path":"/app/src/App.jsx","all":false,"statementMap":{"0":{"start":{"line":1,"column":0},"end":{"line":1,"column":65}},"1":{"start":{"line":2,"column":0},"end":{"line":2,"column":42}},"2":{"start":{"line":3,"column":0},"end":{"line":3,"column":47}},"3":{"start":{"line":4,"column":0},"end":{"line":4,"column":57}},"4":{"start":{"line":5,"column":0},"end":{"line":5,"column":43}},"5":{"start":{"line":6,"column":0},"end":{"line":6,"column":19}},"7":{"start":{"line":8,"column":0},"end":{"line":8,"column":16}},"8":{"start":{"line":9,"column":0},"end":{"line":9,"column":41}},"9":{"start":{"line":10,"column":0},"end":{"line":10,"column":41}},"10":{"start":{"line":11,"column":0},"end":{"line":11,"column":47}},"11":{"start":{"line":12,"column":0},"end":{"line":12,"column":52}},"12":{"start":{"line":13,"column":0},"end":{"line":13,"column":57}},"13":{"start":{"line":14,"column":0},"end":{"line":14,"column":41}},"14":{"start":{"line":15,"column":0},"end":{"line":15,"column":60}},"15":{"start":{"line":16,"column":0},"end":{"line":16,"column":47}},"16":{"start":{"line":17,"column":0},"end":{"line":17,"column":52}},"17":{"start":{"line":18,"column":0},"end":{"line":18,"column":62}},"18":{"start":{"line":19,"column":0},"end":{"line":19,"column":52}},"19":{"start":{"line":20,"column":0},"end":{"line":20,"column":61}},"20":{"start":{"line":21,"column":0},"end":{"line":21,"column":54}},"21":{"start":{"line":22,"column":0},"end":{"line":22,"column":58}},"22":{"start":{"line":23,"column":0},"end":{"line":23,"column":60}},"23":{"start":{"line":24,"column":0},"end":{"line":24,"column":62}},"24":{"start":{"line":25,"column":0},"end":{"line":25,"column":51}},"25":{"start":{"line":26,"column":0},"end":{"line":26,"column":51}},"26":{"start":{"line":27,"column":0},"end":{"line":27,"column":49}},"27":{"start":{"line":28,"column":0},"end":{"line":28,"column":78}},"28":{"start":{"line":29,"column":0},"end":{"line":29,"column":61}},"29":{"start":{"line":30,"column":0},"end":{"line":30,"column":52}},"30":{"start":{"line":31,"column":0},"end":{"line":31,"column":18}},"31":{"start":{"line":32,"column":0},"end":{"line":32,"column":16}},"32":{"start":{"line":33,"column":0},"end":{"line":33,"column":24}},"33":{"start":{"line":34,"column":0},"end":{"line":34,"column":5}},"34":{"start":{"line":35,"column":0},"end":{"line":35,"column":43}},"36":{"start":{"line":37,"column":0},"end":{"line":37,"column":74}},"37":{"start":{"line":38,"column":0},"end":{"line":38,"column":41}},"39":{"start":{"line":40,"column":0},"end":{"line":40,"column":66}},"40":{"start":{"line":41,"column":0},"end":{"line":41,"column":26}},"41":{"start":{"line":42,"column":0},"end":{"line":42,"column":68}},"42":{"start":{"line":43,"column":0},"end":{"line":43,"column":4}},"44":{"start":{"line":45,"column":0},"end":{"line":45,"column":31}},"45":{"start":{"line":46,"column":0},"end":{"line":46,"column":65}},"46":{"start":{"line":47,"column":0},"end":{"line":47,"column":4}},"48":{"start":{"line":49,"column":0},"end":{"line":49,"column":59}},"49":{"start":{"line":50,"column":0},"end":{"line":50,"column":9}},"50":{"start":{"line":51,"column":0},"end":{"line":51,"column":70}},"51":{"start":{"line":52,"column":0},"end":{"line":52,"column":59}},"52":{"start":{"line":53,"column":0},"end":{"line":53,"column":9}},"53":{"start":{"line":54,"column":0},"end":{"line":54,"column":82}},"54":{"start":{"line":55,"column":0},"end":{"line":55,"column":35}},"55":{"start":{"line":56,"column":0},"end":{"line":56,"column":21}},"56":{"start":{"line":57,"column":0},"end":{"line":57,"column":56}},"57":{"start":{"line":58,"column":0},"end":{"line":58,"column":53}},"58":{"start":{"line":59,"column":0},"end":{"line":59,"column":5}},"59":{"start":{"line":60,"column":0},"end":{"line":60,"column":16}},"61":{"start":{"line":62,"column":0},"end":{"line":62,"column":50}},"62":{"start":{"line":63,"column":0},"end":{"line":63,"column":9}},"63":{"start":{"line":64,"column":0},"end":{"line":64,"column":61}},"64":{"start":{"line":65,"column":0},"end":{"line":65,"column":59}},"65":{"start":{"line":66,"column":0},"end":{"line":66,"column":9}},"66":{"start":{"line":67,"column":0},"end":{"line":67,"column":82}},"67":{"start":{"line":68,"column":0},"end":{"line":68,"column":41}},"68":{"start":{"line":69,"column":0},"end":{"line":69,"column":25}},"69":{"start":{"line":70,"column":0},"end":{"line":70,"column":21}},"70":{"start":{"line":71,"column":0},"end":{"line":71,"column":56}},"71":{"start":{"line":72,"column":0},"end":{"line":72,"column":5}},"72":{"start":{"line":73,"column":0},"end":{"line":73,"column":37}},"73":{"start":{"line":74,"column":0},"end":{"line":74,"column":16}},"75":{"start":{"line":76,"column":0},"end":{"line":76,"column":78}},"76":{"start":{"line":77,"column":0},"end":{"line":77,"column":76}},"77":{"start":{"line":78,"column":0},"end":{"line":78,"column":53}},"78":{"start":{"line":79,"column":0},"end":{"line":79,"column":67}},"79":{"start":{"line":80,"column":0},"end":{"line":80,"column":16}},"80":{"start":{"line":81,"column":0},"end":{"line":81,"column":5}},"81":{"start":{"line":82,"column":0},"end":{"line":82,"column":64}},"82":{"start":{"line":83,"column":0},"end":{"line":83,"column":67}},"83":{"start":{"line":84,"column":0},"end":{"line":84,"column":50}},"84":{"start":{"line":85,"column":0},"end":{"line":85,"column":5}},"85":{"start":{"line":86,"column":0},"end":{"line":86,"column":64}},"86":{"start":{"line":87,"column":0},"end":{"line":87,"column":9}},"87":{"start":{"line":88,"column":0},"end":{"line":88,"column":47}},"88":{"start":{"line":89,"column":0},"end":{"line":89,"column":67}},"89":{"start":{"line":90,"column":0},"end":{"line":90,"column":60}},"90":{"start":{"line":91,"column":0},"end":{"line":91,"column":23}},"91":{"start":{"line":92,"column":0},"end":{"line":92,"column":95}},"92":{"start":{"line":93,"column":0},"end":{"line":93,"column":30}},"93":{"start":{"line":94,"column":0},"end":{"line":94,"column":25}},"94":{"start":{"line":95,"column":0},"end":{"line":95,"column":29}},"95":{"start":{"line":96,"column":0},"end":{"line":96,"column":29}},"96":{"start":{"line":97,"column":0},"end":{"line":97,"column":25}},"97":{"start":{"line":98,"column":0},"end":{"line":98,"column":11}},"98":{"start":{"line":99,"column":0},"end":{"line":99,"column":34}},"99":{"start":{"line":100,"column":0},"end":{"line":100,"column":9}},"100":{"start":{"line":101,"column":0},"end":{"line":101,"column":30}},"101":{"start":{"line":102,"column":0},"end":{"line":102,"column":25}},"102":{"start":{"line":103,"column":0},"end":{"line":103,"column":66}},"103":{"start":{"line":104,"column":0},"end":{"line":104,"column":107}},"104":{"start":{"line":105,"column":0},"end":{"line":105,"column":7}},"105":{"start":{"line":106,"column":0},"end":{"line":106,"column":41}},"106":{"start":{"line":107,"column":0},"end":{"line":107,"column":49}},"107":{"start":{"line":108,"column":0},"end":{"line":108,"column":82}},"108":{"start":{"line":109,"column":0},"end":{"line":109,"column":58}},"109":{"start":{"line":110,"column":0},"end":{"line":110,"column":33}},"110":{"start":{"line":111,"column":0},"end":{"line":111,"column":21}},"111":{"start":{"line":112,"column":0},"end":{"line":112,"column":107}},"112":{"start":{"line":113,"column":0},"end":{"line":113,"column":79}},"113":{"start":{"line":114,"column":0},"end":{"line":114,"column":16}},"114":{"start":{"line":115,"column":0},"end":{"line":115,"column":15}},"115":{"start":{"line":116,"column":0},"end":{"line":116,"column":67}},"116":{"start":{"line":117,"column":0},"end":{"line":117,"column":5}},"117":{"start":{"line":118,"column":0},"end":{"line":118,"column":4}},"119":{"start":{"line":120,"column":0},"end":{"line":120,"column":19}},"120":{"start":{"line":121,"column":0},"end":{"line":121,"column":37}},"121":{"start":{"line":122,"column":0},"end":{"line":122,"column":68}},"122":{"start":{"line":123,"column":0},"end":{"line":123,"column":61}},"123":{"start":{"line":124,"column":0},"end":{"line":124,"column":61}},"125":{"start":{"line":126,"column":0},"end":{"line":126,"column":21}},"126":{"start":{"line":127,"column":0},"end":{"line":127,"column":72}},"127":{"start":{"line":128,"column":0},"end":{"line":128,"column":52}},"128":{"start":{"line":129,"column":0},"end":{"line":129,"column":15}},"129":{"start":{"line":130,"column":0},"end":{"line":130,"column":7}},"131":{"start":{"line":132,"column":0},"end":{"line":132,"column":29}},"133":{"start":{"line":134,"column":0},"end":{"line":134,"column":53}},"134":{"start":{"line":135,"column":0},"end":{"line":135,"column":47}},"136":{"start":{"line":137,"column":0},"end":{"line":137,"column":27}},"137":{"start":{"line":138,"column":0},"end":{"line":138,"column":31}},"138":{"start":{"line":139,"column":0},"end":{"line":139,"column":37}},"139":{"start":{"line":140,"column":0},"end":{"line":140,"column":70}},"140":{"start":{"line":141,"column":0},"end":{"line":141,"column":55}},"141":{"start":{"line":142,"column":0},"end":{"line":142,"column":57}},"142":{"start":{"line":143,"column":0},"end":{"line":143,"column":26}},"143":{"start":{"line":144,"column":0},"end":{"line":144,"column":14}},"144":{"start":{"line":145,"column":0},"end":{"line":145,"column":95}},"145":{"start":{"line":146,"column":0},"end":{"line":146,"column":7}},"146":{"start":{"line":147,"column":0},"end":{"line":147,"column":6}},"148":{"start":{"line":149,"column":0},"end":{"line":149,"column":18}},"149":{"start":{"line":150,"column":0},"end":{"line":150,"column":21}},"150":{"start":{"line":151,"column":0},"end":{"line":151,"column":38}},"152":{"start":{"line":153,"column":0},"end":{"line":153,"column":59}},"153":{"start":{"line":154,"column":0},"end":{"line":154,"column":38}},"154":{"start":{"line":155,"column":0},"end":{"line":155,"column":64}},"156":{"start":{"line":157,"column":0},"end":{"line":157,"column":24}},"157":{"start":{"line":158,"column":0},"end":{"line":158,"column":95}},"158":{"start":{"line":159,"column":0},"end":{"line":159,"column":46}},"159":{"start":{"line":160,"column":0},"end":{"line":160,"column":31}},"160":{"start":{"line":161,"column":0},"end":{"line":161,"column":13}},"161":{"start":{"line":162,"column":0},"end":{"line":162,"column":5}},"163":{"start":{"line":164,"column":0},"end":{"line":164,"column":41}},"164":{"start":{"line":165,"column":0},"end":{"line":165,"column":28}},"165":{"start":{"line":166,"column":0},"end":{"line":166,"column":32}},"166":{"start":{"line":167,"column":0},"end":{"line":167,"column":29}},"169":{"start":{"line":170,"column":0},"end":{"line":170,"column":97}},"170":{"start":{"line":171,"column":0},"end":{"line":171,"column":58}},"171":{"start":{"line":172,"column":0},"end":{"line":172,"column":66}},"173":{"start":{"line":174,"column":0},"end":{"line":174,"column":49}},"174":{"start":{"line":175,"column":0},"end":{"line":175,"column":23}},"175":{"start":{"line":176,"column":0},"end":{"line":176,"column":27}},"176":{"start":{"line":177,"column":0},"end":{"line":177,"column":27}},"177":{"start":{"line":178,"column":0},"end":{"line":178,"column":15}},"178":{"start":{"line":179,"column":0},"end":{"line":179,"column":8}},"179":{"start":{"line":180,"column":0},"end":{"line":180,"column":70}},"180":{"start":{"line":181,"column":0},"end":{"line":181,"column":93}},"181":{"start":{"line":182,"column":0},"end":{"line":182,"column":33}},"182":{"start":{"line":183,"column":0},"end":{"line":183,"column":7}},"183":{"start":{"line":184,"column":0},"end":{"line":184,"column":12}},"184":{"start":{"line":185,"column":0},"end":{"line":185,"column":31}},"185":{"start":{"line":186,"column":0},"end":{"line":186,"column":5}},"186":{"start":{"line":187,"column":0},"end":{"line":187,"column":4}},"188":{"start":{"line":189,"column":0},"end":{"line":189,"column":53}},"189":{"start":{"line":190,"column":0},"end":{"line":190,"column":38}},"190":{"start":{"line":191,"column":0},"end":{"line":191,"column":95}},"191":{"start":{"line":192,"column":0},"end":{"line":192,"column":29}},"192":{"start":{"line":193,"column":0},"end":{"line":193,"column":4}},"194":{"start":{"line":195,"column":0},"end":{"line":195,"column":34}},"195":{"start":{"line":196,"column":0},"end":{"line":196,"column":26}},"196":{"start":{"line":197,"column":0},"end":{"line":197,"column":9}},"197":{"start":{"line":198,"column":0},"end":{"line":198,"column":68}},"198":{"start":{"line":199,"column":0},"end":{"line":199,"column":59}},"199":{"start":{"line":200,"column":0},"end":{"line":200,"column":9}},"200":{"start":{"line":201,"column":0},"end":{"line":201,"column":82}},"201":{"start":{"line":202,"column":0},"end":{"line":202,"column":41}},"202":{"start":{"line":203,"column":0},"end":{"line":203,"column":21}},"203":{"start":{"line":204,"column":0},"end":{"line":204,"column":21}},"204":{"start":{"line":205,"column":0},"end":{"line":205,"column":52}},"205":{"start":{"line":206,"column":0},"end":{"line":206,"column":75}},"206":{"start":{"line":207,"column":0},"end":{"line":207,"column":5}},"207":{"start":{"line":208,"column":0},"end":{"line":208,"column":4}},"209":{"start":{"line":210,"column":0},"end":{"line":210,"column":34}},"210":{"start":{"line":211,"column":0},"end":{"line":211,"column":40}},"211":{"start":{"line":212,"column":0},"end":{"line":212,"column":54}},"212":{"start":{"line":213,"column":0},"end":{"line":213,"column":13}},"213":{"start":{"line":214,"column":0},"end":{"line":214,"column":5}},"214":{"start":{"line":215,"column":0},"end":{"line":215,"column":57}},"215":{"start":{"line":216,"column":0},"end":{"line":216,"column":84}},"216":{"start":{"line":217,"column":0},"end":{"line":217,"column":13}},"217":{"start":{"line":218,"column":0},"end":{"line":218,"column":5}},"218":{"start":{"line":219,"column":0},"end":{"line":219,"column":56}},"219":{"start":{"line":220,"column":0},"end":{"line":220,"column":75}},"220":{"start":{"line":221,"column":0},"end":{"line":221,"column":13}},"221":{"start":{"line":222,"column":0},"end":{"line":222,"column":5}},"222":{"start":{"line":223,"column":0},"end":{"line":223,"column":21}},"223":{"start":{"line":224,"column":0},"end":{"line":224,"column":27}},"224":{"start":{"line":225,"column":0},"end":{"line":225,"column":28}},"225":{"start":{"line":226,"column":0},"end":{"line":226,"column":39}},"226":{"start":{"line":227,"column":0},"end":{"line":227,"column":54}},"227":{"start":{"line":228,"column":0},"end":{"line":228,"column":54}},"228":{"start":{"line":229,"column":0},"end":{"line":229,"column":6}},"229":{"start":{"line":230,"column":0},"end":{"line":230,"column":9}},"230":{"start":{"line":231,"column":0},"end":{"line":231,"column":57}},"231":{"start":{"line":232,"column":0},"end":{"line":232,"column":23}},"232":{"start":{"line":233,"column":0},"end":{"line":233,"column":18}},"233":{"start":{"line":234,"column":0},"end":{"line":234,"column":45}},"234":{"start":{"line":235,"column":0},"end":{"line":235,"column":48}},"235":{"start":{"line":236,"column":0},"end":{"line":236,"column":10}},"236":{"start":{"line":237,"column":0},"end":{"line":237,"column":38}},"237":{"start":{"line":238,"column":0},"end":{"line":238,"column":9}},"238":{"start":{"line":239,"column":0},"end":{"line":239,"column":25}},"239":{"start":{"line":240,"column":0},"end":{"line":240,"column":48}},"240":{"start":{"line":241,"column":0},"end":{"line":241,"column":66}},"241":{"start":{"line":242,"column":0},"end":{"line":242,"column":78}},"243":{"start":{"line":244,"column":0},"end":{"line":244,"column":72}},"244":{"start":{"line":245,"column":0},"end":{"line":245,"column":39}},"245":{"start":{"line":246,"column":0},"end":{"line":246,"column":38}},"246":{"start":{"line":247,"column":0},"end":{"line":247,"column":44}},"247":{"start":{"line":248,"column":0},"end":{"line":248,"column":16}},"248":{"start":{"line":249,"column":0},"end":{"line":249,"column":66}},"249":{"start":{"line":250,"column":0},"end":{"line":250,"column":9}},"250":{"start":{"line":251,"column":0},"end":{"line":251,"column":7}},"251":{"start":{"line":252,"column":0},"end":{"line":252,"column":44}},"252":{"start":{"line":253,"column":0},"end":{"line":253,"column":72}},"253":{"start":{"line":254,"column":0},"end":{"line":254,"column":22}},"254":{"start":{"line":255,"column":0},"end":{"line":255,"column":31}},"255":{"start":{"line":256,"column":0},"end":{"line":256,"column":24}},"256":{"start":{"line":257,"column":0},"end":{"line":257,"column":24}},"257":{"start":{"line":258,"column":0},"end":{"line":258,"column":43}},"258":{"start":{"line":259,"column":0},"end":{"line":259,"column":40}},"259":{"start":{"line":260,"column":0},"end":{"line":260,"column":21}},"260":{"start":{"line":261,"column":0},"end":{"line":261,"column":51}},"261":{"start":{"line":262,"column":0},"end":{"line":262,"column":73}},"262":{"start":{"line":263,"column":0},"end":{"line":263,"column":5}},"263":{"start":{"line":264,"column":0},"end":{"line":264,"column":4}},"265":{"start":{"line":266,"column":0},"end":{"line":266,"column":40}},"266":{"start":{"line":267,"column":0},"end":{"line":267,"column":21}},"267":{"start":{"line":268,"column":0},"end":{"line":268,"column":19}},"268":{"start":{"line":269,"column":0},"end":{"line":269,"column":94}},"269":{"start":{"line":270,"column":0},"end":{"line":270,"column":30}},"270":{"start":{"line":271,"column":0},"end":{"line":271,"column":13}},"271":{"start":{"line":272,"column":0},"end":{"line":272,"column":70}},"272":{"start":{"line":273,"column":0},"end":{"line":273,"column":29}},"273":{"start":{"line":274,"column":0},"end":{"line":274,"column":63}},"274":{"start":{"line":275,"column":0},"end":{"line":275,"column":13}},"275":{"start":{"line":276,"column":0},"end":{"line":276,"column":29}},"276":{"start":{"line":277,"column":0},"end":{"line":277,"column":52}},"277":{"start":{"line":278,"column":0},"end":{"line":278,"column":68}},"278":{"start":{"line":279,"column":0},"end":{"line":279,"column":11}},"279":{"start":{"line":280,"column":0},"end":{"line":280,"column":72}},"280":{"start":{"line":281,"column":0},"end":{"line":281,"column":40}},"281":{"start":{"line":282,"column":0},"end":{"line":282,"column":34}},"282":{"start":{"line":283,"column":0},"end":{"line":283,"column":25}},"283":{"start":{"line":284,"column":0},"end":{"line":284,"column":36}},"284":{"start":{"line":285,"column":0},"end":{"line":285,"column":32}},"285":{"start":{"line":286,"column":0},"end":{"line":286,"column":11}},"286":{"start":{"line":287,"column":0},"end":{"line":287,"column":57}},"287":{"start":{"line":288,"column":0},"end":{"line":288,"column":25}},"288":{"start":{"line":289,"column":0},"end":{"line":289,"column":55}},"289":{"start":{"line":290,"column":0},"end":{"line":290,"column":77}},"290":{"start":{"line":291,"column":0},"end":{"line":291,"column":19}},"291":{"start":{"line":292,"column":0},"end":{"line":292,"column":79}},"292":{"start":{"line":293,"column":0},"end":{"line":293,"column":9}},"293":{"start":{"line":294,"column":0},"end":{"line":294,"column":8}},"294":{"start":{"line":295,"column":0},"end":{"line":295,"column":23}},"295":{"start":{"line":296,"column":0},"end":{"line":296,"column":77}},"296":{"start":{"line":297,"column":0},"end":{"line":297,"column":8}},"297":{"start":{"line":298,"column":0},"end":{"line":298,"column":7}},"298":{"start":{"line":299,"column":0},"end":{"line":299,"column":4}},"300":{"start":{"line":301,"column":0},"end":{"line":301,"column":39}},"301":{"start":{"line":302,"column":0},"end":{"line":302,"column":39}},"302":{"start":{"line":303,"column":0},"end":{"line":303,"column":29}},"303":{"start":{"line":304,"column":0},"end":{"line":304,"column":26}},"304":{"start":{"line":305,"column":0},"end":{"line":305,"column":17}},"305":{"start":{"line":306,"column":0},"end":{"line":306,"column":28}},"306":{"start":{"line":307,"column":0},"end":{"line":307,"column":24}},"307":{"start":{"line":308,"column":0},"end":{"line":308,"column":28}},"308":{"start":{"line":309,"column":0},"end":{"line":309,"column":23}},"309":{"start":{"line":310,"column":0},"end":{"line":310,"column":25}},"310":{"start":{"line":311,"column":0},"end":{"line":311,"column":27}},"311":{"start":{"line":312,"column":0},"end":{"line":312,"column":24}},"312":{"start":{"line":313,"column":0},"end":{"line":313,"column":28}},"313":{"start":{"line":314,"column":0},"end":{"line":314,"column":4}},"315":{"start":{"line":316,"column":0},"end":{"line":316,"column":47}},"316":{"start":{"line":317,"column":0},"end":{"line":317,"column":28}},"317":{"start":{"line":318,"column":0},"end":{"line":318,"column":27}},"319":{"start":{"line":320,"column":0},"end":{"line":320,"column":9}},"320":{"start":{"line":321,"column":0},"end":{"line":321,"column":72}},"321":{"start":{"line":322,"column":0},"end":{"line":322,"column":59}},"322":{"start":{"line":323,"column":0},"end":{"line":323,"column":9}},"324":{"start":{"line":325,"column":0},"end":{"line":325,"column":29}},"325":{"start":{"line":326,"column":0},"end":{"line":326,"column":74}},"326":{"start":{"line":327,"column":0},"end":{"line":327,"column":7}},"328":{"start":{"line":329,"column":0},"end":{"line":329,"column":49}},"329":{"start":{"line":330,"column":0},"end":{"line":330,"column":55}},"331":{"start":{"line":332,"column":0},"end":{"line":332,"column":18}},"332":{"start":{"line":333,"column":0},"end":{"line":333,"column":45}},"333":{"start":{"line":334,"column":0},"end":{"line":334,"column":7}},"335":{"start":{"line":336,"column":0},"end":{"line":336,"column":55}},"337":{"start":{"line":338,"column":0},"end":{"line":338,"column":92}},"338":{"start":{"line":339,"column":0},"end":{"line":339,"column":61}},"339":{"start":{"line":340,"column":0},"end":{"line":340,"column":59}},"340":{"start":{"line":341,"column":0},"end":{"line":341,"column":9}},"342":{"start":{"line":343,"column":0},"end":{"line":343,"column":25}},"343":{"start":{"line":344,"column":0},"end":{"line":344,"column":48}},"344":{"start":{"line":345,"column":0},"end":{"line":345,"column":54}},"346":{"start":{"line":347,"column":0},"end":{"line":347,"column":31}},"347":{"start":{"line":348,"column":0},"end":{"line":348,"column":48}},"349":{"start":{"line":350,"column":0},"end":{"line":350,"column":58}},"350":{"start":{"line":351,"column":0},"end":{"line":351,"column":38}},"351":{"start":{"line":352,"column":0},"end":{"line":352,"column":53}},"352":{"start":{"line":353,"column":0},"end":{"line":353,"column":25}},"353":{"start":{"line":354,"column":0},"end":{"line":354,"column":15}},"354":{"start":{"line":355,"column":0},"end":{"line":355,"column":47}},"355":{"start":{"line":356,"column":0},"end":{"line":356,"column":60}},"356":{"start":{"line":357,"column":0},"end":{"line":357,"column":44}},"357":{"start":{"line":358,"column":0},"end":{"line":358,"column":11}},"358":{"start":{"line":359,"column":0},"end":{"line":359,"column":9}},"360":{"start":{"line":361,"column":0},"end":{"line":361,"column":38}},"361":{"start":{"line":362,"column":0},"end":{"line":362,"column":7}},"363":{"start":{"line":364,"column":0},"end":{"line":364,"column":41}},"364":{"start":{"line":365,"column":0},"end":{"line":365,"column":21}},"365":{"start":{"line":366,"column":0},"end":{"line":366,"column":36}},"366":{"start":{"line":367,"column":0},"end":{"line":367,"column":31}},"367":{"start":{"line":368,"column":0},"end":{"line":368,"column":17}},"368":{"start":{"line":369,"column":0},"end":{"line":369,"column":28}},"369":{"start":{"line":370,"column":0},"end":{"line":370,"column":32}},"370":{"start":{"line":371,"column":0},"end":{"line":371,"column":52}},"371":{"start":{"line":372,"column":0},"end":{"line":372,"column":40}},"372":{"start":{"line":373,"column":0},"end":{"line":373,"column":32}},"373":{"start":{"line":374,"column":0},"end":{"line":374,"column":38}},"374":{"start":{"line":375,"column":0},"end":{"line":375,"column":15}},"375":{"start":{"line":376,"column":0},"end":{"line":376,"column":17}},"376":{"start":{"line":377,"column":0},"end":{"line":377,"column":28}},"377":{"start":{"line":378,"column":0},"end":{"line":378,"column":32}},"378":{"start":{"line":379,"column":0},"end":{"line":379,"column":44}},"379":{"start":{"line":380,"column":0},"end":{"line":380,"column":32}},"380":{"start":{"line":381,"column":0},"end":{"line":381,"column":37}},"381":{"start":{"line":382,"column":0},"end":{"line":382,"column":15}},"382":{"start":{"line":383,"column":0},"end":{"line":383,"column":10}},"384":{"start":{"line":385,"column":0},"end":{"line":385,"column":21}},"385":{"start":{"line":386,"column":0},"end":{"line":386,"column":52}},"386":{"start":{"line":387,"column":0},"end":{"line":387,"column":70}},"387":{"start":{"line":388,"column":0},"end":{"line":388,"column":22}},"388":{"start":{"line":389,"column":0},"end":{"line":389,"column":69}},"389":{"start":{"line":390,"column":0},"end":{"line":390,"column":5}},"390":{"start":{"line":391,"column":0},"end":{"line":391,"column":4}},"392":{"start":{"line":393,"column":0},"end":{"line":393,"column":40}},"393":{"start":{"line":394,"column":0},"end":{"line":394,"column":28}},"394":{"start":{"line":395,"column":0},"end":{"line":395,"column":23}},"395":{"start":{"line":396,"column":0},"end":{"line":396,"column":28}},"396":{"start":{"line":397,"column":0},"end":{"line":397,"column":23}},"397":{"start":{"line":398,"column":0},"end":{"line":398,"column":25}},"398":{"start":{"line":399,"column":0},"end":{"line":399,"column":27}},"399":{"start":{"line":400,"column":0},"end":{"line":400,"column":24}},"400":{"start":{"line":401,"column":0},"end":{"line":401,"column":28}},"401":{"start":{"line":402,"column":0},"end":{"line":402,"column":9}},"402":{"start":{"line":403,"column":0},"end":{"line":403,"column":72}},"403":{"start":{"line":404,"column":0},"end":{"line":404,"column":59}},"404":{"start":{"line":405,"column":0},"end":{"line":405,"column":9}},"405":{"start":{"line":406,"column":0},"end":{"line":406,"column":90}},"406":{"start":{"line":407,"column":0},"end":{"line":407,"column":49}},"407":{"start":{"line":408,"column":0},"end":{"line":408,"column":55}},"408":{"start":{"line":409,"column":0},"end":{"line":409,"column":55}},"409":{"start":{"line":410,"column":0},"end":{"line":410,"column":92}},"410":{"start":{"line":411,"column":0},"end":{"line":411,"column":61}},"411":{"start":{"line":412,"column":0},"end":{"line":412,"column":59}},"412":{"start":{"line":413,"column":0},"end":{"line":413,"column":9}},"413":{"start":{"line":414,"column":0},"end":{"line":414,"column":82}},"414":{"start":{"line":415,"column":0},"end":{"line":415,"column":41}},"415":{"start":{"line":416,"column":0},"end":{"line":416,"column":33}},"416":{"start":{"line":417,"column":0},"end":{"line":417,"column":31}},"417":{"start":{"line":418,"column":0},"end":{"line":418,"column":78}},"418":{"start":{"line":419,"column":0},"end":{"line":419,"column":20}},"419":{"start":{"line":420,"column":0},"end":{"line":420,"column":10}},"420":{"start":{"line":421,"column":0},"end":{"line":421,"column":21}},"421":{"start":{"line":422,"column":0},"end":{"line":422,"column":52}},"422":{"start":{"line":423,"column":0},"end":{"line":423,"column":19}},"423":{"start":{"line":424,"column":0},"end":{"line":424,"column":5}},"424":{"start":{"line":425,"column":0},"end":{"line":425,"column":4}},"426":{"start":{"line":427,"column":0},"end":{"line":427,"column":31}},"427":{"start":{"line":428,"column":0},"end":{"line":428,"column":41}},"428":{"start":{"line":429,"column":0},"end":{"line":429,"column":64}},"429":{"start":{"line":430,"column":0},"end":{"line":430,"column":39}},"430":{"start":{"line":431,"column":0},"end":{"line":431,"column":43}},"431":{"start":{"line":432,"column":0},"end":{"line":432,"column":4}},"433":{"start":{"line":434,"column":0},"end":{"line":434,"column":50}},"434":{"start":{"line":435,"column":0},"end":{"line":435,"column":38}},"435":{"start":{"line":436,"column":0},"end":{"line":436,"column":67}},"436":{"start":{"line":437,"column":0},"end":{"line":437,"column":29}},"437":{"start":{"line":438,"column":0},"end":{"line":438,"column":4}},"439":{"start":{"line":440,"column":0},"end":{"line":440,"column":42}},"440":{"start":{"line":441,"column":0},"end":{"line":441,"column":32}},"441":{"start":{"line":442,"column":0},"end":{"line":442,"column":17}},"442":{"start":{"line":443,"column":0},"end":{"line":443,"column":11}},"443":{"start":{"line":444,"column":0},"end":{"line":444,"column":95}},"444":{"start":{"line":445,"column":0},"end":{"line":445,"column":63}},"445":{"start":{"line":446,"column":0},"end":{"line":446,"column":27}},"446":{"start":{"line":447,"column":0},"end":{"line":447,"column":61}},"447":{"start":{"line":448,"column":0},"end":{"line":448,"column":11}},"448":{"start":{"line":449,"column":0},"end":{"line":449,"column":84}},"449":{"start":{"line":450,"column":0},"end":{"line":450,"column":53}},"450":{"start":{"line":451,"column":0},"end":{"line":451,"column":23}},"451":{"start":{"line":452,"column":0},"end":{"line":452,"column":53}},"452":{"start":{"line":453,"column":0},"end":{"line":453,"column":7}},"453":{"start":{"line":454,"column":0},"end":{"line":454,"column":5}},"454":{"start":{"line":455,"column":0},"end":{"line":455,"column":56}},"455":{"start":{"line":456,"column":0},"end":{"line":456,"column":32}},"456":{"start":{"line":457,"column":0},"end":{"line":457,"column":35}},"457":{"start":{"line":458,"column":0},"end":{"line":458,"column":29}},"458":{"start":{"line":459,"column":0},"end":{"line":459,"column":22}},"459":{"start":{"line":460,"column":0},"end":{"line":460,"column":7}},"460":{"start":{"line":461,"column":0},"end":{"line":461,"column":4}},"462":{"start":{"line":463,"column":0},"end":{"line":463,"column":56}},"463":{"start":{"line":464,"column":0},"end":{"line":464,"column":22}},"465":{"start":{"line":466,"column":0},"end":{"line":466,"column":34}},"466":{"start":{"line":467,"column":0},"end":{"line":467,"column":34}},"468":{"start":{"line":469,"column":0},"end":{"line":469,"column":27}},"470":{"start":{"line":471,"column":0},"end":{"line":471,"column":32}},"471":{"start":{"line":472,"column":0},"end":{"line":472,"column":73}},"472":{"start":{"line":473,"column":0},"end":{"line":473,"column":43}},"473":{"start":{"line":474,"column":0},"end":{"line":474,"column":112}},"474":{"start":{"line":475,"column":0},"end":{"line":475,"column":9}},"476":{"start":{"line":477,"column":0},"end":{"line":477,"column":39}},"477":{"start":{"line":478,"column":0},"end":{"line":478,"column":75}},"478":{"start":{"line":479,"column":0},"end":{"line":479,"column":50}},"479":{"start":{"line":480,"column":0},"end":{"line":480,"column":121}},"480":{"start":{"line":481,"column":0},"end":{"line":481,"column":9}},"481":{"start":{"line":482,"column":0},"end":{"line":482,"column":14}},"483":{"start":{"line":484,"column":0},"end":{"line":484,"column":32}},"484":{"start":{"line":485,"column":0},"end":{"line":485,"column":74}},"485":{"start":{"line":486,"column":0},"end":{"line":486,"column":42}},"486":{"start":{"line":487,"column":0},"end":{"line":487,"column":112}},"487":{"start":{"line":488,"column":0},"end":{"line":488,"column":9}},"489":{"start":{"line":490,"column":0},"end":{"line":490,"column":38}},"490":{"start":{"line":491,"column":0},"end":{"line":491,"column":79}},"491":{"start":{"line":492,"column":0},"end":{"line":492,"column":49}},"492":{"start":{"line":493,"column":0},"end":{"line":493,"column":124}},"493":{"start":{"line":494,"column":0},"end":{"line":494,"column":9}},"494":{"start":{"line":495,"column":0},"end":{"line":495,"column":7}},"495":{"start":{"line":496,"column":0},"end":{"line":496,"column":7}},"497":{"start":{"line":498,"column":0},"end":{"line":498,"column":18}},"498":{"start":{"line":499,"column":0},"end":{"line":499,"column":4}},"501":{"start":{"line":502,"column":0},"end":{"line":502,"column":46}},"502":{"start":{"line":503,"column":0},"end":{"line":503,"column":44}},"503":{"start":{"line":504,"column":0},"end":{"line":504,"column":26}},"505":{"start":{"line":506,"column":0},"end":{"line":506,"column":27}},"506":{"start":{"line":507,"column":0},"end":{"line":507,"column":44}},"508":{"start":{"line":509,"column":0},"end":{"line":509,"column":54}},"509":{"start":{"line":510,"column":0},"end":{"line":510,"column":25}},"510":{"start":{"line":511,"column":0},"end":{"line":511,"column":34}},"513":{"start":{"line":514,"column":0},"end":{"line":514,"column":24}},"514":{"start":{"line":515,"column":0},"end":{"line":515,"column":58}},"515":{"start":{"line":516,"column":0},"end":{"line":516,"column":55}},"516":{"start":{"line":517,"column":0},"end":{"line":517,"column":71}},"517":{"start":{"line":518,"column":0},"end":{"line":518,"column":59}},"518":{"start":{"line":519,"column":0},"end":{"line":519,"column":68}},"519":{"start":{"line":520,"column":0},"end":{"line":520,"column":11}},"522":{"start":{"line":523,"column":0},"end":{"line":523,"column":49}},"524":{"start":{"line":525,"column":0},"end":{"line":525,"column":50}},"525":{"start":{"line":526,"column":0},"end":{"line":526,"column":11}},"526":{"start":{"line":527,"column":0},"end":{"line":527,"column":43}},"527":{"start":{"line":528,"column":0},"end":{"line":528,"column":56}},"528":{"start":{"line":529,"column":0},"end":{"line":529,"column":40}},"529":{"start":{"line":530,"column":0},"end":{"line":530,"column":14}},"530":{"start":{"line":531,"column":0},"end":{"line":531,"column":40}},"531":{"start":{"line":532,"column":0},"end":{"line":532,"column":7}},"532":{"start":{"line":533,"column":0},"end":{"line":533,"column":12}},"533":{"start":{"line":534,"column":0},"end":{"line":534,"column":42}},"534":{"start":{"line":535,"column":0},"end":{"line":535,"column":5}},"536":{"start":{"line":537,"column":0},"end":{"line":537,"column":34}},"537":{"start":{"line":538,"column":0},"end":{"line":538,"column":4}},"539":{"start":{"line":540,"column":0},"end":{"line":540,"column":33}},"540":{"start":{"line":541,"column":0},"end":{"line":541,"column":30}},"541":{"start":{"line":542,"column":0},"end":{"line":542,"column":56}},"542":{"start":{"line":543,"column":0},"end":{"line":543,"column":22}},"545":{"start":{"line":546,"column":0},"end":{"line":546,"column":32}},"546":{"start":{"line":547,"column":0},"end":{"line":547,"column":58}},"547":{"start":{"line":548,"column":0},"end":{"line":548,"column":13}},"548":{"start":{"line":549,"column":0},"end":{"line":549,"column":5}},"551":{"start":{"line":552,"column":0},"end":{"line":552,"column":82}},"552":{"start":{"line":553,"column":0},"end":{"line":553,"column":38}},"553":{"start":{"line":554,"column":0},"end":{"line":554,"column":54}},"554":{"start":{"line":555,"column":0},"end":{"line":555,"column":13}},"555":{"start":{"line":556,"column":0},"end":{"line":556,"column":5}},"558":{"start":{"line":559,"column":0},"end":{"line":559,"column":53}},"559":{"start":{"line":560,"column":0},"end":{"line":560,"column":49}},"560":{"start":{"line":561,"column":0},"end":{"line":561,"column":32}},"562":{"start":{"line":563,"column":0},"end":{"line":563,"column":35}},"563":{"start":{"line":564,"column":0},"end":{"line":564,"column":62}},"564":{"start":{"line":565,"column":0},"end":{"line":565,"column":32}},"565":{"start":{"line":566,"column":0},"end":{"line":566,"column":52}},"566":{"start":{"line":567,"column":0},"end":{"line":567,"column":64}},"568":{"start":{"line":569,"column":0},"end":{"line":569,"column":14}},"569":{"start":{"line":570,"column":0},"end":{"line":570,"column":62}},"570":{"start":{"line":571,"column":0},"end":{"line":571,"column":32}},"571":{"start":{"line":572,"column":0},"end":{"line":572,"column":52}},"572":{"start":{"line":573,"column":0},"end":{"line":573,"column":61}},"574":{"start":{"line":575,"column":0},"end":{"line":575,"column":7}},"575":{"start":{"line":576,"column":0},"end":{"line":576,"column":7}},"577":{"start":{"line":578,"column":0},"end":{"line":578,"column":9}},"578":{"start":{"line":579,"column":0},"end":{"line":579,"column":75}},"581":{"start":{"line":582,"column":0},"end":{"line":582,"column":49}},"582":{"start":{"line":583,"column":0},"end":{"line":583,"column":13}},"583":{"start":{"line":584,"column":0},"end":{"line":584,"column":65}},"584":{"start":{"line":585,"column":0},"end":{"line":585,"column":27}},"585":{"start":{"line":586,"column":0},"end":{"line":586,"column":22}},"586":{"start":{"line":587,"column":0},"end":{"line":587,"column":49}},"587":{"start":{"line":588,"column":0},"end":{"line":588,"column":52}},"588":{"start":{"line":589,"column":0},"end":{"line":589,"column":14}},"589":{"start":{"line":590,"column":0},"end":{"line":590,"column":33}},"590":{"start":{"line":591,"column":0},"end":{"line":591,"column":38}},"591":{"start":{"line":592,"column":0},"end":{"line":592,"column":23}},"592":{"start":{"line":593,"column":0},"end":{"line":593,"column":44}},"593":{"start":{"line":594,"column":0},"end":{"line":594,"column":45}},"594":{"start":{"line":595,"column":0},"end":{"line":595,"column":52}},"595":{"start":{"line":596,"column":0},"end":{"line":596,"column":52}},"596":{"start":{"line":597,"column":0},"end":{"line":597,"column":67}},"597":{"start":{"line":598,"column":0},"end":{"line":598,"column":21}},"598":{"start":{"line":599,"column":0},"end":{"line":599,"column":23}},"599":{"start":{"line":600,"column":0},"end":{"line":600,"column":44}},"600":{"start":{"line":601,"column":0},"end":{"line":601,"column":45}},"601":{"start":{"line":602,"column":0},"end":{"line":602,"column":57}},"602":{"start":{"line":603,"column":0},"end":{"line":603,"column":21}},"603":{"start":{"line":604,"column":0},"end":{"line":604,"column":14}},"604":{"start":{"line":605,"column":0},"end":{"line":605,"column":13}},"606":{"start":{"line":607,"column":0},"end":{"line":607,"column":29}},"607":{"start":{"line":608,"column":0},"end":{"line":608,"column":43}},"608":{"start":{"line":609,"column":0},"end":{"line":609,"column":11}},"610":{"start":{"line":611,"column":0},"end":{"line":611,"column":39}},"611":{"start":{"line":612,"column":0},"end":{"line":612,"column":25}},"612":{"start":{"line":613,"column":0},"end":{"line":613,"column":67}},"613":{"start":{"line":614,"column":0},"end":{"line":614,"column":9}},"614":{"start":{"line":615,"column":0},"end":{"line":615,"column":8}},"617":{"start":{"line":618,"column":0},"end":{"line":618,"column":49}},"618":{"start":{"line":619,"column":0},"end":{"line":619,"column":13}},"619":{"start":{"line":620,"column":0},"end":{"line":620,"column":118}},"620":{"start":{"line":621,"column":0},"end":{"line":621,"column":26}},"621":{"start":{"line":622,"column":0},"end":{"line":622,"column":22}},"622":{"start":{"line":623,"column":0},"end":{"line":623,"column":49}},"623":{"start":{"line":624,"column":0},"end":{"line":624,"column":52}},"624":{"start":{"line":625,"column":0},"end":{"line":625,"column":14}},"625":{"start":{"line":626,"column":0},"end":{"line":626,"column":33}},"626":{"start":{"line":627,"column":0},"end":{"line":627,"column":38}},"627":{"start":{"line":628,"column":0},"end":{"line":628,"column":93}},"628":{"start":{"line":629,"column":0},"end":{"line":629,"column":84}},"629":{"start":{"line":630,"column":0},"end":{"line":630,"column":14}},"630":{"start":{"line":631,"column":0},"end":{"line":631,"column":13}},"632":{"start":{"line":633,"column":0},"end":{"line":633,"column":29}},"633":{"start":{"line":634,"column":0},"end":{"line":634,"column":43}},"634":{"start":{"line":635,"column":0},"end":{"line":635,"column":11}},"636":{"start":{"line":637,"column":0},"end":{"line":637,"column":39}},"637":{"start":{"line":638,"column":0},"end":{"line":638,"column":25}},"638":{"start":{"line":639,"column":0},"end":{"line":639,"column":67}},"639":{"start":{"line":640,"column":0},"end":{"line":640,"column":9}},"640":{"start":{"line":641,"column":0},"end":{"line":641,"column":8}},"643":{"start":{"line":644,"column":0},"end":{"line":644,"column":80}},"644":{"start":{"line":645,"column":0},"end":{"line":645,"column":84}},"646":{"start":{"line":647,"column":0},"end":{"line":647,"column":66}},"647":{"start":{"line":648,"column":0},"end":{"line":648,"column":36}},"648":{"start":{"line":649,"column":0},"end":{"line":649,"column":35}},"649":{"start":{"line":650,"column":0},"end":{"line":650,"column":9}},"652":{"start":{"line":653,"column":0},"end":{"line":653,"column":32}},"653":{"start":{"line":654,"column":0},"end":{"line":654,"column":71}},"654":{"start":{"line":655,"column":0},"end":{"line":655,"column":37}},"655":{"start":{"line":656,"column":0},"end":{"line":656,"column":34}},"656":{"start":{"line":657,"column":0},"end":{"line":657,"column":81}},"657":{"start":{"line":658,"column":0},"end":{"line":658,"column":22}},"658":{"start":{"line":659,"column":0},"end":{"line":659,"column":11}},"659":{"start":{"line":660,"column":0},"end":{"line":660,"column":41}},"660":{"start":{"line":661,"column":0},"end":{"line":661,"column":34}},"661":{"start":{"line":662,"column":0},"end":{"line":662,"column":81}},"662":{"start":{"line":663,"column":0},"end":{"line":663,"column":22}},"663":{"start":{"line":664,"column":0},"end":{"line":664,"column":11}},"664":{"start":{"line":665,"column":0},"end":{"line":665,"column":8}},"666":{"start":{"line":667,"column":0},"end":{"line":667,"column":33}},"667":{"start":{"line":668,"column":0},"end":{"line":668,"column":22}},"668":{"start":{"line":669,"column":0},"end":{"line":669,"column":30}},"669":{"start":{"line":670,"column":0},"end":{"line":670,"column":29}},"670":{"start":{"line":671,"column":0},"end":{"line":671,"column":98}},"672":{"start":{"line":673,"column":0},"end":{"line":673,"column":21}},"673":{"start":{"line":674,"column":0},"end":{"line":674,"column":50}},"674":{"start":{"line":675,"column":0},"end":{"line":675,"column":76}},"675":{"start":{"line":676,"column":0},"end":{"line":676,"column":5}},"676":{"start":{"line":677,"column":0},"end":{"line":677,"column":4}},"678":{"start":{"line":679,"column":0},"end":{"line":679,"column":28}},"679":{"start":{"line":680,"column":0},"end":{"line":680,"column":28}},"680":{"start":{"line":681,"column":0},"end":{"line":681,"column":20}},"681":{"start":{"line":682,"column":0},"end":{"line":682,"column":27}},"682":{"start":{"line":683,"column":0},"end":{"line":683,"column":4}},"684":{"start":{"line":685,"column":0},"end":{"line":685,"column":38}},"685":{"start":{"line":686,"column":0},"end":{"line":686,"column":46}},"686":{"start":{"line":687,"column":0},"end":{"line":687,"column":67}},"687":{"start":{"line":688,"column":0},"end":{"line":688,"column":73}},"688":{"start":{"line":689,"column":0},"end":{"line":689,"column":35}},"689":{"start":{"line":690,"column":0},"end":{"line":690,"column":24}},"690":{"start":{"line":691,"column":0},"end":{"line":691,"column":46}},"691":{"start":{"line":692,"column":0},"end":{"line":692,"column":28}},"692":{"start":{"line":693,"column":0},"end":{"line":693,"column":32}},"693":{"start":{"line":694,"column":0},"end":{"line":694,"column":14}},"694":{"start":{"line":695,"column":0},"end":{"line":695,"column":12}},"695":{"start":{"line":696,"column":0},"end":{"line":696,"column":67}},"696":{"start":{"line":697,"column":0},"end":{"line":697,"column":73}},"697":{"start":{"line":698,"column":0},"end":{"line":698,"column":35}},"698":{"start":{"line":699,"column":0},"end":{"line":699,"column":52}},"699":{"start":{"line":700,"column":0},"end":{"line":700,"column":5}},"700":{"start":{"line":701,"column":0},"end":{"line":701,"column":4}},"702":{"start":{"line":703,"column":0},"end":{"line":703,"column":38}},"703":{"start":{"line":704,"column":0},"end":{"line":704,"column":44}},"704":{"start":{"line":705,"column":0},"end":{"line":705,"column":46}},"705":{"start":{"line":706,"column":0},"end":{"line":706,"column":21}},"706":{"start":{"line":707,"column":0},"end":{"line":707,"column":5}},"708":{"start":{"line":709,"column":0},"end":{"line":709,"column":31}},"709":{"start":{"line":710,"column":0},"end":{"line":710,"column":25}},"710":{"start":{"line":711,"column":0},"end":{"line":711,"column":4}},"712":{"start":{"line":713,"column":0},"end":{"line":713,"column":33}},"713":{"start":{"line":714,"column":0},"end":{"line":714,"column":24}},"714":{"start":{"line":715,"column":0},"end":{"line":715,"column":4}},"716":{"start":{"line":717,"column":0},"end":{"line":717,"column":55}},"718":{"start":{"line":719,"column":0},"end":{"line":719,"column":27}},"719":{"start":{"line":720,"column":0},"end":{"line":720,"column":24}},"720":{"start":{"line":721,"column":0},"end":{"line":721,"column":26}},"721":{"start":{"line":722,"column":0},"end":{"line":722,"column":17}},"722":{"start":{"line":723,"column":0},"end":{"line":723,"column":27}},"723":{"start":{"line":724,"column":0},"end":{"line":724,"column":24}},"724":{"start":{"line":725,"column":0},"end":{"line":725,"column":28}},"725":{"start":{"line":726,"column":0},"end":{"line":726,"column":28}},"726":{"start":{"line":727,"column":0},"end":{"line":727,"column":23}},"727":{"start":{"line":728,"column":0},"end":{"line":728,"column":25}},"728":{"start":{"line":729,"column":0},"end":{"line":729,"column":4}},"730":{"start":{"line":731,"column":0},"end":{"line":731,"column":14}},"731":{"start":{"line":732,"column":0},"end":{"line":732,"column":50}},"732":{"start":{"line":733,"column":0},"end":{"line":733,"column":3}},"734":{"start":{"line":735,"column":0},"end":{"line":735,"column":35}},"735":{"start":{"line":736,"column":0},"end":{"line":736,"column":12}},"736":{"start":{"line":737,"column":0},"end":{"line":737,"column":39}},"737":{"start":{"line":738,"column":0},"end":{"line":738,"column":38}},"738":{"start":{"line":739,"column":0},"end":{"line":739,"column":41}},"739":{"start":{"line":740,"column":0},"end":{"line":740,"column":52}},"740":{"start":{"line":741,"column":0},"end":{"line":741,"column":64}},"741":{"start":{"line":742,"column":0},"end":{"line":742,"column":59}},"742":{"start":{"line":743,"column":0},"end":{"line":743,"column":18}},"743":{"start":{"line":744,"column":0},"end":{"line":744,"column":54}},"744":{"start":{"line":745,"column":0},"end":{"line":745,"column":66}},"745":{"start":{"line":746,"column":0},"end":{"line":746,"column":61}},"746":{"start":{"line":747,"column":0},"end":{"line":747,"column":18}},"747":{"start":{"line":748,"column":0},"end":{"line":748,"column":50}},"748":{"start":{"line":749,"column":0},"end":{"line":749,"column":64}},"749":{"start":{"line":750,"column":0},"end":{"line":750,"column":55}},"750":{"start":{"line":751,"column":0},"end":{"line":751,"column":18}},"751":{"start":{"line":752,"column":0},"end":{"line":752,"column":16}},"752":{"start":{"line":753,"column":0},"end":{"line":753,"column":44}},"753":{"start":{"line":754,"column":0},"end":{"line":754,"column":42}},"754":{"start":{"line":755,"column":0},"end":{"line":755,"column":18}},"755":{"start":{"line":756,"column":0},"end":{"line":756,"column":43}},"756":{"start":{"line":757,"column":0},"end":{"line":757,"column":78}},"757":{"start":{"line":758,"column":0},"end":{"line":758,"column":21}},"758":{"start":{"line":759,"column":0},"end":{"line":759,"column":18}},"759":{"start":{"line":760,"column":0},"end":{"line":760,"column":47}},"760":{"start":{"line":761,"column":0},"end":{"line":761,"column":70}},"761":{"start":{"line":762,"column":0},"end":{"line":762,"column":17}},"762":{"start":{"line":763,"column":0},"end":{"line":763,"column":16}},"763":{"start":{"line":764,"column":0},"end":{"line":764,"column":65}},"765":{"start":{"line":766,"column":0},"end":{"line":766,"column":19}},"766":{"start":{"line":767,"column":0},"end":{"line":767,"column":14}},"768":{"start":{"line":769,"column":0},"end":{"line":769,"column":3}},"770":{"start":{"line":771,"column":0},"end":{"line":771,"column":36}},"771":{"start":{"line":772,"column":0},"end":{"line":772,"column":12}},"772":{"start":{"line":773,"column":0},"end":{"line":773,"column":35}},"773":{"start":{"line":774,"column":0},"end":{"line":774,"column":36}},"774":{"start":{"line":775,"column":0},"end":{"line":775,"column":82}},"775":{"start":{"line":776,"column":0},"end":{"line":776,"column":31}},"776":{"start":{"line":777,"column":0},"end":{"line":777,"column":66}},"777":{"start":{"line":778,"column":0},"end":{"line":778,"column":20}},"778":{"start":{"line":779,"column":0},"end":{"line":779,"column":32}},"780":{"start":{"line":781,"column":0},"end":{"line":781,"column":45}},"781":{"start":{"line":782,"column":0},"end":{"line":782,"column":66}},"783":{"start":{"line":784,"column":0},"end":{"line":784,"column":40}},"785":{"start":{"line":786,"column":0},"end":{"line":786,"column":46}},"786":{"start":{"line":787,"column":0},"end":{"line":787,"column":50}},"787":{"start":{"line":788,"column":0},"end":{"line":788,"column":59}},"788":{"start":{"line":789,"column":0},"end":{"line":789,"column":26}},"789":{"start":{"line":790,"column":0},"end":{"line":790,"column":24}},"790":{"start":{"line":791,"column":0},"end":{"line":791,"column":45}},"791":{"start":{"line":792,"column":0},"end":{"line":792,"column":50}},"792":{"start":{"line":793,"column":0},"end":{"line":793,"column":65}},"793":{"start":{"line":794,"column":0},"end":{"line":794,"column":26}},"794":{"start":{"line":795,"column":0},"end":{"line":795,"column":24}},"795":{"start":{"line":796,"column":0},"end":{"line":796,"column":22}},"796":{"start":{"line":797,"column":0},"end":{"line":797,"column":47}},"797":{"start":{"line":798,"column":0},"end":{"line":798,"column":25}},"798":{"start":{"line":799,"column":0},"end":{"line":799,"column":47}},"799":{"start":{"line":800,"column":0},"end":{"line":800,"column":56}},"800":{"start":{"line":801,"column":0},"end":{"line":801,"column":19}},"802":{"start":{"line":803,"column":0},"end":{"line":803,"column":27}},"803":{"start":{"line":804,"column":0},"end":{"line":804,"column":25}},"804":{"start":{"line":805,"column":0},"end":{"line":805,"column":45}},"805":{"start":{"line":806,"column":0},"end":{"line":806,"column":54}},"806":{"start":{"line":807,"column":0},"end":{"line":807,"column":19}},"808":{"start":{"line":809,"column":0},"end":{"line":809,"column":27}},"809":{"start":{"line":810,"column":0},"end":{"line":810,"column":22}},"810":{"start":{"line":811,"column":0},"end":{"line":811,"column":20}},"812":{"start":{"line":813,"column":0},"end":{"line":813,"column":62}},"814":{"start":{"line":815,"column":0},"end":{"line":815,"column":62}},"815":{"start":{"line":816,"column":0},"end":{"line":816,"column":41}},"816":{"start":{"line":817,"column":0},"end":{"line":817,"column":58}},"817":{"start":{"line":818,"column":0},"end":{"line":818,"column":16}},"818":{"start":{"line":819,"column":0},"end":{"line":819,"column":14}},"820":{"start":{"line":821,"column":0},"end":{"line":821,"column":3}},"822":{"start":{"line":823,"column":0},"end":{"line":823,"column":10}},"823":{"start":{"line":824,"column":0},"end":{"line":824,"column":27}},"824":{"start":{"line":825,"column":0},"end":{"line":825,"column":39}},"825":{"start":{"line":826,"column":0},"end":{"line":826,"column":51}},"826":{"start":{"line":827,"column":0},"end":{"line":827,"column":17}},"827":{"start":{"line":828,"column":0},"end":{"line":828,"column":40}},"828":{"start":{"line":829,"column":0},"end":{"line":829,"column":45}},"829":{"start":{"line":830,"column":0},"end":{"line":830,"column":67}},"830":{"start":{"line":831,"column":0},"end":{"line":831,"column":48}},"831":{"start":{"line":832,"column":0},"end":{"line":832,"column":42}},"832":{"start":{"line":833,"column":0},"end":{"line":833,"column":22}},"833":{"start":{"line":834,"column":0},"end":{"line":834,"column":31}},"834":{"start":{"line":835,"column":0},"end":{"line":835,"column":36}},"835":{"start":{"line":836,"column":0},"end":{"line":836,"column":65}},"836":{"start":{"line":837,"column":0},"end":{"line":837,"column":57}},"837":{"start":{"line":838,"column":0},"end":{"line":838,"column":58}},"838":{"start":{"line":839,"column":0},"end":{"line":839,"column":18}},"839":{"start":{"line":840,"column":0},"end":{"line":840,"column":20}},"840":{"start":{"line":841,"column":0},"end":{"line":841,"column":50}},"841":{"start":{"line":842,"column":0},"end":{"line":842,"column":56}},"842":{"start":{"line":843,"column":0},"end":{"line":843,"column":24}},"843":{"start":{"line":844,"column":0},"end":{"line":844,"column":37}},"844":{"start":{"line":845,"column":0},"end":{"line":845,"column":46}},"845":{"start":{"line":846,"column":0},"end":{"line":846,"column":75}},"846":{"start":{"line":847,"column":0},"end":{"line":847,"column":48}},"847":{"start":{"line":848,"column":0},"end":{"line":848,"column":20}},"848":{"start":{"line":849,"column":0},"end":{"line":849,"column":59}},"849":{"start":{"line":850,"column":0},"end":{"line":850,"column":72}},"850":{"start":{"line":851,"column":0},"end":{"line":851,"column":24}},"851":{"start":{"line":852,"column":0},"end":{"line":852,"column":20}},"852":{"start":{"line":853,"column":0},"end":{"line":853,"column":34}},"853":{"start":{"line":854,"column":0},"end":{"line":854,"column":54}},"854":{"start":{"line":855,"column":0},"end":{"line":855,"column":48}},"855":{"start":{"line":856,"column":0},"end":{"line":856,"column":29}},"856":{"start":{"line":857,"column":0},"end":{"line":857,"column":44}},"857":{"start":{"line":858,"column":0},"end":{"line":858,"column":73}},"858":{"start":{"line":859,"column":0},"end":{"line":859,"column":65}},"860":{"start":{"line":861,"column":0},"end":{"line":861,"column":72}},"861":{"start":{"line":862,"column":0},"end":{"line":862,"column":48}},"862":{"start":{"line":863,"column":0},"end":{"line":863,"column":90}},"863":{"start":{"line":864,"column":0},"end":{"line":864,"column":27}},"864":{"start":{"line":865,"column":0},"end":{"line":865,"column":31}},"865":{"start":{"line":866,"column":0},"end":{"line":866,"column":26}},"866":{"start":{"line":867,"column":0},"end":{"line":867,"column":48}},"867":{"start":{"line":868,"column":0},"end":{"line":868,"column":29}},"868":{"start":{"line":869,"column":0},"end":{"line":869,"column":44}},"869":{"start":{"line":870,"column":0},"end":{"line":870,"column":73}},"870":{"start":{"line":871,"column":0},"end":{"line":871,"column":65}},"872":{"start":{"line":873,"column":0},"end":{"line":873,"column":71}},"873":{"start":{"line":874,"column":0},"end":{"line":874,"column":48}},"874":{"start":{"line":875,"column":0},"end":{"line":875,"column":90}},"875":{"start":{"line":876,"column":0},"end":{"line":876,"column":27}},"876":{"start":{"line":877,"column":0},"end":{"line":877,"column":31}},"877":{"start":{"line":878,"column":0},"end":{"line":878,"column":26}},"878":{"start":{"line":879,"column":0},"end":{"line":879,"column":24}},"880":{"start":{"line":881,"column":0},"end":{"line":881,"column":21}},"881":{"start":{"line":882,"column":0},"end":{"line":882,"column":38}},"882":{"start":{"line":883,"column":0},"end":{"line":883,"column":64}},"883":{"start":{"line":884,"column":0},"end":{"line":884,"column":15}},"885":{"start":{"line":886,"column":0},"end":{"line":886,"column":23}},"886":{"start":{"line":887,"column":0},"end":{"line":887,"column":18}},"887":{"start":{"line":888,"column":0},"end":{"line":888,"column":16}},"888":{"start":{"line":889,"column":0},"end":{"line":889,"column":59}},"889":{"start":{"line":890,"column":0},"end":{"line":890,"column":44}},"890":{"start":{"line":891,"column":0},"end":{"line":891,"column":59}},"891":{"start":{"line":892,"column":0},"end":{"line":892,"column":21}},"892":{"start":{"line":893,"column":0},"end":{"line":893,"column":43}},"893":{"start":{"line":894,"column":0},"end":{"line":894,"column":80}},"894":{"start":{"line":895,"column":0},"end":{"line":895,"column":43}},"896":{"start":{"line":897,"column":0},"end":{"line":897,"column":30}},"897":{"start":{"line":898,"column":0},"end":{"line":898,"column":22}},"898":{"start":{"line":899,"column":0},"end":{"line":899,"column":60}},"899":{"start":{"line":900,"column":0},"end":{"line":900,"column":23}},"901":{"start":{"line":902,"column":0},"end":{"line":902,"column":22}},"902":{"start":{"line":903,"column":0},"end":{"line":903,"column":62}},"903":{"start":{"line":904,"column":0},"end":{"line":904,"column":23}},"905":{"start":{"line":906,"column":0},"end":{"line":906,"column":23}},"906":{"start":{"line":907,"column":0},"end":{"line":907,"column":18}},"907":{"start":{"line":908,"column":0},"end":{"line":908,"column":27}},"908":{"start":{"line":909,"column":0},"end":{"line":909,"column":49}},"909":{"start":{"line":910,"column":0},"end":{"line":910,"column":39}},"910":{"start":{"line":911,"column":0},"end":{"line":911,"column":50}},"911":{"start":{"line":912,"column":0},"end":{"line":912,"column":46}},"912":{"start":{"line":913,"column":0},"end":{"line":913,"column":69}},"913":{"start":{"line":914,"column":0},"end":{"line":914,"column":57}},"914":{"start":{"line":915,"column":0},"end":{"line":915,"column":58}},"915":{"start":{"line":916,"column":0},"end":{"line":916,"column":45}},"916":{"start":{"line":917,"column":0},"end":{"line":917,"column":103}},"917":{"start":{"line":918,"column":0},"end":{"line":918,"column":37}},"918":{"start":{"line":919,"column":0},"end":{"line":919,"column":59}},"919":{"start":{"line":920,"column":0},"end":{"line":920,"column":68}},"920":{"start":{"line":921,"column":0},"end":{"line":921,"column":60}},"921":{"start":{"line":922,"column":0},"end":{"line":922,"column":88}},"922":{"start":{"line":923,"column":0},"end":{"line":923,"column":86}},"923":{"start":{"line":924,"column":0},"end":{"line":924,"column":35}},"924":{"start":{"line":925,"column":0},"end":{"line":925,"column":42}},"926":{"start":{"line":927,"column":0},"end":{"line":927,"column":36}},"927":{"start":{"line":928,"column":0},"end":{"line":928,"column":60}},"928":{"start":{"line":929,"column":0},"end":{"line":929,"column":39}},"929":{"start":{"line":930,"column":0},"end":{"line":930,"column":78}},"930":{"start":{"line":931,"column":0},"end":{"line":931,"column":73}},"931":{"start":{"line":932,"column":0},"end":{"line":932,"column":71}},"933":{"start":{"line":934,"column":0},"end":{"line":934,"column":79}},"934":{"start":{"line":935,"column":0},"end":{"line":935,"column":41}},"935":{"start":{"line":936,"column":0},"end":{"line":936,"column":39}},"936":{"start":{"line":937,"column":0},"end":{"line":937,"column":71}},"937":{"start":{"line":938,"column":0},"end":{"line":938,"column":74}},"938":{"start":{"line":939,"column":0},"end":{"line":939,"column":63}},"940":{"start":{"line":941,"column":0},"end":{"line":941,"column":79}},"941":{"start":{"line":942,"column":0},"end":{"line":942,"column":41}},"942":{"start":{"line":943,"column":0},"end":{"line":943,"column":39}},"943":{"start":{"line":944,"column":0},"end":{"line":944,"column":71}},"944":{"start":{"line":945,"column":0},"end":{"line":945,"column":75}},"945":{"start":{"line":946,"column":0},"end":{"line":946,"column":63}},"947":{"start":{"line":948,"column":0},"end":{"line":948,"column":74}},"948":{"start":{"line":949,"column":0},"end":{"line":949,"column":41}},"949":{"start":{"line":950,"column":0},"end":{"line":950,"column":36}},"950":{"start":{"line":951,"column":0},"end":{"line":951,"column":34}},"951":{"start":{"line":952,"column":0},"end":{"line":952,"column":27}},"952":{"start":{"line":953,"column":0},"end":{"line":953,"column":28}},"954":{"start":{"line":955,"column":0},"end":{"line":955,"column":51}},"955":{"start":{"line":956,"column":0},"end":{"line":956,"column":69}},"956":{"start":{"line":957,"column":0},"end":{"line":957,"column":28}},"958":{"start":{"line":959,"column":0},"end":{"line":959,"column":22}},"960":{"start":{"line":961,"column":0},"end":{"line":961,"column":16}},"961":{"start":{"line":962,"column":0},"end":{"line":962,"column":14}},"962":{"start":{"line":963,"column":0},"end":{"line":963,"column":43}},"963":{"start":{"line":964,"column":0},"end":{"line":964,"column":35}},"964":{"start":{"line":965,"column":0},"end":{"line":965,"column":45}},"965":{"start":{"line":966,"column":0},"end":{"line":966,"column":47}},"966":{"start":{"line":967,"column":0},"end":{"line":967,"column":43}},"967":{"start":{"line":968,"column":0},"end":{"line":968,"column":49}},"968":{"start":{"line":969,"column":0},"end":{"line":969,"column":79}},"969":{"start":{"line":970,"column":0},"end":{"line":970,"column":51}},"970":{"start":{"line":971,"column":0},"end":{"line":971,"column":30}},"971":{"start":{"line":972,"column":0},"end":{"line":972,"column":36}},"972":{"start":{"line":973,"column":0},"end":{"line":973,"column":45}},"973":{"start":{"line":974,"column":0},"end":{"line":974,"column":50}},"974":{"start":{"line":975,"column":0},"end":{"line":975,"column":94}},"975":{"start":{"line":976,"column":0},"end":{"line":976,"column":89}},"976":{"start":{"line":977,"column":0},"end":{"line":977,"column":86}},"977":{"start":{"line":978,"column":0},"end":{"line":978,"column":53}},"978":{"start":{"line":979,"column":0},"end":{"line":979,"column":32}},"979":{"start":{"line":980,"column":0},"end":{"line":980,"column":69}},"980":{"start":{"line":981,"column":0},"end":{"line":981,"column":38}},"981":{"start":{"line":982,"column":0},"end":{"line":982,"column":47}},"982":{"start":{"line":983,"column":0},"end":{"line":983,"column":116}},"983":{"start":{"line":984,"column":0},"end":{"line":984,"column":100}},"984":{"start":{"line":985,"column":0},"end":{"line":985,"column":99}},"985":{"start":{"line":986,"column":0},"end":{"line":986,"column":69}},"986":{"start":{"line":987,"column":0},"end":{"line":987,"column":34}},"987":{"start":{"line":988,"column":0},"end":{"line":988,"column":96}},"988":{"start":{"line":989,"column":0},"end":{"line":989,"column":36}},"989":{"start":{"line":990,"column":0},"end":{"line":990,"column":31}},"991":{"start":{"line":992,"column":0},"end":{"line":992,"column":30}},"992":{"start":{"line":993,"column":0},"end":{"line":993,"column":36}},"993":{"start":{"line":994,"column":0},"end":{"line":994,"column":45}},"994":{"start":{"line":995,"column":0},"end":{"line":995,"column":50}},"995":{"start":{"line":996,"column":0},"end":{"line":996,"column":96}},"996":{"start":{"line":997,"column":0},"end":{"line":997,"column":54}},"997":{"start":{"line":998,"column":0},"end":{"line":998,"column":32}},"998":{"start":{"line":999,"column":0},"end":{"line":999,"column":39}},"999":{"start":{"line":1000,"column":0},"end":{"line":1000,"column":56}},"1000":{"start":{"line":1001,"column":0},"end":{"line":1001,"column":102}},"1001":{"start":{"line":1002,"column":0},"end":{"line":1002,"column":59}},"1002":{"start":{"line":1003,"column":0},"end":{"line":1003,"column":42}},"1003":{"start":{"line":1004,"column":0},"end":{"line":1004,"column":32}},"1004":{"start":{"line":1005,"column":0},"end":{"line":1005,"column":31}},"1006":{"start":{"line":1007,"column":0},"end":{"line":1007,"column":102}},"1007":{"start":{"line":1008,"column":0},"end":{"line":1008,"column":28}},"1008":{"start":{"line":1009,"column":0},"end":{"line":1009,"column":21}},"1009":{"start":{"line":1010,"column":0},"end":{"line":1010,"column":80}},"1010":{"start":{"line":1011,"column":0},"end":{"line":1011,"column":49}},"1011":{"start":{"line":1012,"column":0},"end":{"line":1012,"column":66}},"1012":{"start":{"line":1013,"column":0},"end":{"line":1013,"column":65}},"1013":{"start":{"line":1014,"column":0},"end":{"line":1014,"column":24}},"1014":{"start":{"line":1015,"column":0},"end":{"line":1015,"column":22}},"1015":{"start":{"line":1016,"column":0},"end":{"line":1016,"column":20}},"1016":{"start":{"line":1017,"column":0},"end":{"line":1017,"column":18}},"1018":{"start":{"line":1019,"column":0},"end":{"line":1019,"column":21}},"1019":{"start":{"line":1020,"column":0},"end":{"line":1020,"column":40}},"1020":{"start":{"line":1021,"column":0},"end":{"line":1021,"column":42}},"1021":{"start":{"line":1022,"column":0},"end":{"line":1022,"column":46}},"1022":{"start":{"line":1023,"column":0},"end":{"line":1023,"column":44}},"1023":{"start":{"line":1024,"column":0},"end":{"line":1024,"column":10}},"1024":{"start":{"line":1025,"column":0},"end":{"line":1025,"column":41}},"1025":{"start":{"line":1026,"column":0},"end":{"line":1026,"column":34}},"1026":{"start":{"line":1027,"column":0},"end":{"line":1027,"column":20}},"1027":{"start":{"line":1028,"column":0},"end":{"line":1028,"column":32}},"1028":{"start":{"line":1029,"column":0},"end":{"line":1029,"column":31}},"1029":{"start":{"line":1030,"column":0},"end":{"line":1030,"column":41}},"1030":{"start":{"line":1031,"column":0},"end":{"line":1031,"column":35}},"1031":{"start":{"line":1032,"column":0},"end":{"line":1032,"column":43}},"1032":{"start":{"line":1033,"column":0},"end":{"line":1033,"column":39}},"1033":{"start":{"line":1034,"column":0},"end":{"line":1034,"column":16}},"1034":{"start":{"line":1035,"column":0},"end":{"line":1035,"column":13}},"1035":{"start":{"line":1036,"column":0},"end":{"line":1036,"column":14}},"1036":{"start":{"line":1037,"column":0},"end":{"line":1037,"column":12}},"1038":{"start":{"line":1039,"column":0},"end":{"line":1039,"column":1}},"1040":{"start":{"line":1041,"column":0},"end":{"line":1041,"column":19}}},"s":{"0":1,"1":1,"2":1,"3":1,"4":1,"5":1,"7":472,"8":472,"9":472,"10":472,"11":472,"12":472,"13":472,"14":472,"15":472,"16":472,"17":472,"18":472,"19":472,"20":472,"21":472,"22":472,"23":472,"24":472,"25":472,"26":472,"27":472,"28":472,"29":472,"30":472,"31":472,"32":472,"33":472,"34":472,"36":472,"37":472,"39":472,"40":12,"41":12,"42":12,"44":472,"45":12,"46":12,"48":472,"49":0,"50":0,"51":0,"52":0,"53":0,"54":0,"55":0,"56":0,"57":0,"58":0,"59":472,"61":472,"62":35,"63":35,"64":35,"65":35,"66":35,"67":31,"68":31,"69":35,"70":4,"71":4,"72":35,"73":472,"75":472,"76":3,"77":3,"78":0,"79":0,"80":0,"81":3,"82":1,"83":1,"84":1,"85":2,"86":2,"87":2,"88":2,"89":2,"90":2,"91":2,"92":2,"93":2,"94":2,"95":2,"96":2,"97":2,"98":2,"99":2,"100":2,"101":3,"102":0,"103":0,"104":0,"105":2,"106":2,"107":3,"108":2,"109":2,"110":3,"111":0,"112":0,"113":0,"114":3,"115":2,"116":2,"117":3,"119":472,"120":35,"121":35,"122":35,"123":35,"125":35,"126":35,"127":35,"128":35,"129":35,"131":0,"133":0,"134":0,"136":35,"137":0,"138":0,"139":0,"140":0,"141":0,"142":0,"143":0,"144":0,"145":0,"146":35,"148":35,"149":35,"150":472,"152":472,"153":24,"154":24,"156":24,"157":3,"158":3,"159":3,"160":3,"161":3,"163":21,"164":21,"165":21,"166":21,"169":24,"170":3,"171":3,"173":3,"174":3,"175":3,"176":3,"177":3,"178":3,"179":3,"180":3,"181":3,"182":3,"183":24,"184":18,"185":18,"186":24,"188":472,"189":0,"190":0,"191":0,"192":0,"194":472,"195":28,"196":28,"197":28,"198":28,"199":28,"200":28,"201":28,"202":28,"203":28,"204":0,"205":0,"206":0,"207":28,"209":472,"210":3,"211":1,"212":1,"213":1,"214":3,"215":0,"216":0,"217":0,"218":3,"219":0,"220":0,"221":0,"222":2,"223":2,"224":2,"225":2,"226":3,"227":3,"228":3,"229":3,"230":3,"231":3,"232":3,"233":3,"234":3,"235":3,"236":3,"237":3,"238":3,"239":1,"240":1,"241":0,"243":0,"244":0,"245":1,"246":0,"247":1,"248":1,"249":1,"250":1,"251":1,"252":1,"253":1,"254":1,"255":1,"256":1,"257":1,"258":3,"259":3,"260":1,"261":1,"262":1,"263":3,"265":472,"266":2,"267":2,"268":2,"269":2,"270":1,"271":1,"272":1,"273":1,"274":1,"275":1,"276":0,"277":0,"278":0,"279":1,"280":1,"281":0,"282":0,"283":0,"284":0,"285":0,"286":1,"287":1,"288":0,"289":0,"290":1,"291":1,"292":1,"293":1,"294":2,"295":1,"296":1,"297":2,"298":2,"300":472,"301":28,"302":28,"303":28,"304":28,"305":28,"306":28,"307":28,"308":28,"309":28,"310":28,"311":28,"312":28,"313":28,"315":472,"316":14,"317":14,"319":14,"320":14,"321":14,"322":14,"324":14,"325":0,"326":0,"328":14,"329":14,"331":14,"332":0,"333":0,"335":14,"337":14,"338":14,"339":14,"340":14,"342":14,"343":1,"344":1,"346":1,"347":1,"349":0,"350":0,"351":0,"352":0,"353":0,"354":0,"355":1,"356":1,"357":1,"358":1,"360":1,"361":1,"363":13,"364":13,"365":13,"366":18,"367":0,"368":0,"369":0,"370":0,"371":0,"372":0,"373":0,"374":0,"375":18,"376":18,"377":18,"378":18,"379":18,"380":18,"381":18,"382":13,"384":14,"385":1,"386":1,"387":1,"388":1,"389":1,"390":14,"392":472,"393":11,"394":11,"395":11,"396":11,"397":11,"398":11,"399":11,"400":11,"401":11,"402":11,"403":11,"404":11,"405":11,"406":11,"407":11,"408":11,"409":11,"410":11,"411":11,"412":11,"413":11,"414":11,"415":11,"416":18,"417":0,"418":18,"419":11,"420":11,"421":0,"422":0,"423":0,"424":11,"426":472,"427":9,"428":3,"429":6,"430":9,"431":9,"433":472,"434":211,"435":211,"436":211,"437":211,"439":472,"440":1,"441":1,"442":1,"443":1,"444":1,"445":1,"446":1,"447":1,"448":1,"449":1,"450":1,"451":0,"452":0,"453":1,"454":1,"455":1,"456":1,"457":1,"458":1,"459":1,"460":1,"462":472,"463":7,"465":7,"466":17,"468":17,"470":0,"471":0,"472":0,"473":0,"474":0,"476":0,"477":0,"478":0,"479":0,"480":0,"481":17,"483":17,"484":1,"485":17,"486":1,"487":1,"489":17,"490":1,"491":17,"492":0,"493":0,"494":17,"495":7,"497":7,"498":7,"501":472,"502":1,"503":1,"505":1,"506":0,"508":0,"509":0,"510":0,"513":0,"514":0,"515":0,"516":0,"517":0,"518":0,"519":0,"522":0,"524":0,"525":0,"526":0,"527":0,"528":0,"529":0,"530":0,"531":0,"532":1,"533":1,"534":1,"536":1,"537":1,"539":472,"540":7,"541":7,"542":7,"545":7,"546":0,"547":0,"548":0,"551":7,"552":7,"553":2,"554":2,"555":2,"558":5,"559":5,"560":11,"562":11,"563":0,"564":0,"565":0,"566":0,"568":11,"569":8,"570":8,"571":8,"572":6,"574":8,"575":5,"577":5,"578":7,"581":7,"582":3,"583":3,"584":3,"585":3,"586":3,"587":3,"588":3,"589":3,"590":3,"591":0,"592":0,"593":0,"594":0,"595":0,"596":0,"597":0,"598":3,"599":3,"600":3,"601":3,"602":3,"603":3,"604":3,"606":3,"607":1,"608":0,"610":2,"611":3,"612":1,"613":1,"614":3,"617":7,"618":2,"619":2,"620":2,"621":2,"622":2,"623":2,"624":2,"625":2,"626":2,"627":0,"628":2,"629":2,"630":2,"632":2,"633":0,"634":0,"636":2,"637":2,"638":0,"639":0,"640":2,"643":7,"644":7,"646":7,"647":7,"648":7,"649":7,"652":4,"653":4,"654":4,"655":2,"656":0,"657":2,"658":4,"659":4,"660":2,"661":0,"662":2,"663":4,"664":4,"666":4,"667":4,"668":4,"669":4,"670":4,"672":7,"673":1,"674":1,"675":1,"676":7,"678":472,"679":1,"680":1,"681":1,"682":1,"684":472,"685":6,"686":4,"687":1,"688":4,"689":4,"690":4,"691":4,"692":4,"693":4,"694":6,"695":2,"696":2,"697":2,"698":2,"699":2,"700":6,"702":472,"703":472,"704":472,"705":472,"706":472,"708":472,"709":3,"710":3,"712":472,"713":3,"714":3,"716":472,"718":472,"719":2,"720":2,"721":2,"722":2,"723":2,"724":2,"725":2,"726":2,"727":2,"728":2,"730":472,"731":35,"732":35,"734":472,"735":2,"736":2,"737":2,"738":2,"739":2,"740":2,"741":2,"742":2,"743":2,"744":2,"745":2,"746":2,"747":2,"748":2,"749":2,"750":2,"751":2,"752":2,"753":2,"754":2,"755":2,"756":2,"757":2,"758":2,"759":2,"760":2,"761":2,"762":2,"763":2,"765":2,"766":2,"768":2,"770":472,"771":35,"772":35,"773":35,"774":35,"775":35,"776":22,"777":22,"778":22,"780":22,"781":22,"783":22,"785":22,"786":22,"787":22,"788":22,"789":22,"790":22,"791":22,"792":22,"793":22,"794":22,"795":22,"796":22,"797":22,"798":22,"799":22,"800":22,"802":22,"803":22,"804":22,"805":22,"806":22,"808":22,"809":22,"810":22,"812":13,"814":35,"815":35,"816":35,"817":35,"818":35,"820":35,"822":400,"823":400,"824":400,"825":400,"826":400,"827":400,"828":400,"829":400,"830":400,"831":400,"832":400,"833":400,"834":400,"835":400,"836":400,"837":400,"838":400,"839":400,"840":400,"841":400,"842":400,"843":400,"844":400,"845":400,"846":400,"847":400,"848":400,"849":400,"850":400,"851":400,"852":400,"853":1,"854":1,"855":1,"856":1,"857":1,"858":1,"860":1,"861":1,"862":2,"863":1,"864":1,"865":1,"866":1,"867":1,"868":1,"869":1,"870":1,"872":1,"873":1,"874":2,"875":1,"876":1,"877":1,"878":1,"880":472,"881":472,"882":472,"883":472,"885":472,"886":472,"887":472,"888":472,"889":472,"890":472,"891":472,"892":472,"893":472,"894":472,"896":472,"897":317,"898":317,"899":317,"901":83,"902":83,"903":83,"905":472,"906":472,"907":472,"908":317,"909":317,"910":317,"911":317,"912":621,"913":621,"914":621,"915":621,"916":621,"917":621,"918":621,"919":305,"920":305,"921":305,"922":305,"923":305,"924":305,"926":621,"927":621,"928":621,"929":621,"930":621,"931":621,"933":621,"934":621,"935":621,"936":621,"937":621,"938":621,"940":621,"941":621,"942":621,"943":621,"944":621,"945":621,"947":621,"948":621,"949":621,"950":621,"951":317,"952":317,"954":0,"955":0,"956":0,"958":317,"960":472,"961":472,"962":472,"963":277,"964":277,"965":277,"966":277,"967":277,"968":675,"969":675,"970":29,"971":29,"972":29,"973":29,"974":29,"975":29,"976":29,"977":29,"978":29,"979":29,"980":29,"981":29,"982":29,"983":29,"984":29,"985":29,"986":29,"987":29,"988":29,"989":29,"991":646,"992":646,"993":646,"994":646,"995":646,"996":646,"997":646,"998":646,"999":646,"1000":646,"1001":646,"1002":646,"1003":646,"1004":646,"1006":675,"1007":675,"1008":277,"1009":277,"1010":277,"1011":277,"1012":277,"1013":277,"1014":277,"1015":277,"1016":277,"1018":472,"1019":472,"1020":472,"1021":472,"1022":472,"1023":472,"1024":472,"1025":472,"1026":12,"1027":12,"1028":12,"1029":12,"1030":12,"1031":12,"1032":12,"1033":12,"1034":472,"1035":472,"1036":472,"1038":472,"1040":1},"branchMap":{"0":{"type":"branch","line":8,"loc":{"start":{"line":8,"column":0},"end":{"line":1039,"column":1}},"locations":[{"start":{"line":8,"column":0},"end":{"line":1039,"column":1}}]},"1":{"type":"branch","line":731,"loc":{"start":{"line":731,"column":13},"end":{"line":733,"column":3}},"locations":[{"start":{"line":731,"column":13},"end":{"line":733,"column":3}}]},"2":{"type":"branch","line":733,"loc":{"start":{"line":733,"column":2},"end":{"line":735,"column":19}},"locations":[{"start":{"line":733,"column":2},"end":{"line":735,"column":19}}]},"3":{"type":"branch","line":735,"loc":{"start":{"line":735,"column":6},"end":{"line":735,"column":34}},"locations":[{"start":{"line":735,"column":6},"end":{"line":735,"column":34}}]},"4":{"type":"branch","line":735,"loc":{"start":{"line":735,"column":34},"end":{"line":769,"column":3}},"locations":[{"start":{"line":735,"column":34},"end":{"line":769,"column":3}}]},"5":{"type":"branch","line":769,"loc":{"start":{"line":769,"column":2},"end":{"line":771,"column":19}},"locations":[{"start":{"line":769,"column":2},"end":{"line":771,"column":19}}]},"6":{"type":"branch","line":771,"loc":{"start":{"line":771,"column":6},"end":{"line":771,"column":35}},"locations":[{"start":{"line":771,"column":6},"end":{"line":771,"column":35}}]},"7":{"type":"branch","line":771,"loc":{"start":{"line":771,"column":35},"end":{"line":821,"column":3}},"locations":[{"start":{"line":771,"column":35},"end":{"line":821,"column":3}}]},"8":{"type":"branch","line":776,"loc":{"start":{"line":776,"column":26},"end":{"line":811,"column":20}},"locations":[{"start":{"line":776,"column":26},"end":{"line":811,"column":20}}]},"9":{"type":"branch","line":781,"loc":{"start":{"line":781,"column":18},"end":{"line":781,"column":42}},"locations":[{"start":{"line":781,"column":18},"end":{"line":781,"column":42}}]},"10":{"type":"branch","line":781,"loc":{"start":{"line":781,"column":30},"end":{"line":781,"column":44}},"locations":[{"start":{"line":781,"column":30},"end":{"line":781,"column":44}}]},"11":{"type":"branch","line":782,"loc":{"start":{"line":782,"column":18},"end":{"line":782,"column":63}},"locations":[{"start":{"line":782,"column":18},"end":{"line":782,"column":63}}]},"12":{"type":"branch","line":782,"loc":{"start":{"line":782,"column":58},"end":{"line":782,"column":65}},"locations":[{"start":{"line":782,"column":58},"end":{"line":782,"column":65}}]},"13":{"type":"branch","line":811,"loc":{"start":{"line":811,"column":14},"end":{"line":813,"column":62}},"locations":[{"start":{"line":811,"column":14},"end":{"line":813,"column":62}}]},"14":{"type":"branch","line":821,"loc":{"start":{"line":821,"column":2},"end":{"line":853,"column":34}},"locations":[{"start":{"line":821,"column":2},"end":{"line":853,"column":34}}]},"15":{"type":"branch","line":853,"loc":{"start":{"line":853,"column":15},"end":{"line":879,"column":24}},"locations":[{"start":{"line":853,"column":15},"end":{"line":879,"column":24}}]},"16":{"type":"branch","line":894,"loc":{"start":{"line":894,"column":52},"end":{"line":894,"column":75}},"locations":[{"start":{"line":894,"column":52},"end":{"line":894,"column":75}}]},"17":{"type":"branch","line":894,"loc":{"start":{"line":894,"column":64},"end":{"line":894,"column":77}},"locations":[{"start":{"line":894,"column":64},"end":{"line":894,"column":77}}]},"18":{"type":"branch","line":897,"loc":{"start":{"line":897,"column":17},"end":{"line":900,"column":23}},"locations":[{"start":{"line":897,"column":17},"end":{"line":900,"column":23}}]},"19":{"type":"branch","line":900,"loc":{"start":{"line":900,"column":20},"end":{"line":904,"column":23}},"locations":[{"start":{"line":900,"column":20},"end":{"line":904,"column":23}}]},"20":{"type":"branch","line":908,"loc":{"start":{"line":908,"column":13},"end":{"line":959,"column":22}},"locations":[{"start":{"line":908,"column":13},"end":{"line":959,"column":22}}]},"21":{"type":"branch","line":953,"loc":{"start":{"line":953,"column":22},"end":{"line":957,"column":28}},"locations":[{"start":{"line":953,"column":22},"end":{"line":957,"column":28}}]},"22":{"type":"branch","line":963,"loc":{"start":{"line":963,"column":9},"end":{"line":963,"column":43}},"locations":[{"start":{"line":963,"column":9},"end":{"line":963,"column":43}}]},"23":{"type":"branch","line":963,"loc":{"start":{"line":963,"column":26},"end":{"line":1017,"column":18}},"locations":[{"start":{"line":963,"column":26},"end":{"line":1017,"column":18}}]},"24":{"type":"branch","line":40,"loc":{"start":{"line":40,"column":20},"end":{"line":43,"column":4}},"locations":[{"start":{"line":40,"column":20},"end":{"line":43,"column":4}}]},"25":{"type":"branch","line":42,"loc":{"start":{"line":42,"column":14},"end":{"line":42,"column":66}},"locations":[{"start":{"line":42,"column":14},"end":{"line":42,"column":66}}]},"26":{"type":"branch","line":45,"loc":{"start":{"line":45,"column":22},"end":{"line":47,"column":4}},"locations":[{"start":{"line":45,"column":22},"end":{"line":47,"column":4}}]},"27":{"type":"branch","line":46,"loc":{"start":{"line":46,"column":14},"end":{"line":46,"column":63}},"locations":[{"start":{"line":46,"column":14},"end":{"line":46,"column":63}}]},"28":{"type":"branch","line":46,"loc":{"start":{"line":46,"column":36},"end":{"line":46,"column":62}},"locations":[{"start":{"line":46,"column":36},"end":{"line":46,"column":62}}]},"29":{"type":"branch","line":62,"loc":{"start":{"line":62,"column":37},"end":{"line":74,"column":5}},"locations":[{"start":{"line":62,"column":37},"end":{"line":74,"column":5}}]},"30":{"type":"branch","line":66,"loc":{"start":{"line":66,"column":7},"end":{"line":67,"column":30}},"locations":[{"start":{"line":66,"column":7},"end":{"line":67,"column":30}}]},"31":{"type":"branch","line":67,"loc":{"start":{"line":67,"column":24},"end":{"line":67,"column":82}},"locations":[{"start":{"line":67,"column":24},"end":{"line":67,"column":82}}]},"32":{"type":"branch","line":67,"loc":{"start":{"line":67,"column":80},"end":{"line":70,"column":13}},"locations":[{"start":{"line":67,"column":80},"end":{"line":70,"column":13}}]},"33":{"type":"branch","line":70,"loc":{"start":{"line":70,"column":4},"end":{"line":72,"column":5}},"locations":[{"start":{"line":70,"column":4},"end":{"line":72,"column":5}}]},"34":{"type":"branch","line":76,"loc":{"start":{"line":76,"column":27},"end":{"line":118,"column":4}},"locations":[{"start":{"line":76,"column":27},"end":{"line":118,"column":4}}]},"35":{"type":"branch","line":78,"loc":{"start":{"line":78,"column":52},"end":{"line":81,"column":5}},"locations":[{"start":{"line":78,"column":52},"end":{"line":81,"column":5}}]},"36":{"type":"branch","line":82,"loc":{"start":{"line":82,"column":63},"end":{"line":85,"column":5}},"locations":[{"start":{"line":82,"column":63},"end":{"line":85,"column":5}}]},"37":{"type":"branch","line":84,"loc":{"start":{"line":84,"column":32},"end":{"line":84,"column":50}},"locations":[{"start":{"line":84,"column":32},"end":{"line":84,"column":50}}]},"38":{"type":"branch","line":85,"loc":{"start":{"line":85,"column":4},"end":{"line":102,"column":24}},"locations":[{"start":{"line":85,"column":4},"end":{"line":102,"column":24}}]},"39":{"type":"branch","line":102,"loc":{"start":{"line":102,"column":24},"end":{"line":105,"column":7}},"locations":[{"start":{"line":102,"column":24},"end":{"line":105,"column":7}}]},"40":{"type":"bra
[...]
mn":28}},"locations":[{"start":{"line":968,"column":32},"end":{"line":1008,"column":28}}]},"209":{"type":"branch","line":970,"loc":{"start":{"line":970,"column":25},"end":{"line":990,"column":31}},"locations":[{"start":{"line":970,"column":25},"end":{"line":990,"column":31}}]},"210":{"type":"branch","line":983,"loc":{"start":{"line":983,"column":64},"end":{"line":983,"column":93}},"locations":[{"start":{"line":983,"column":64},"end":{"line":983,"column":93}}]},"211":{"type":"branch","line":983,"loc":{"start":{"line":983,"column":87},"end":{"line":983,"column":116}},"locations":[{"start":{"line":983,"column":87},"end":{"line":983,"column":116}}]},"212":{"type":"branch","line":983,"loc":{"start":{"line":983,"column":97},"end":{"line":983,"column":116}},"locations":[{"start":{"line":983,"column":97},"end":{"line":983,"column":116}}]},"213":{"type":"branch","line":985,"loc":{"start":{"line":985,"column":70},"end":{"line":985,"column":89}},"locations":[{"start":{"line":985,"column":70},"end":{"line":985,"column":89}}]},"214":{"type":"branch","line":985,"loc":{"start":{"line":985,"column":74},"end":{"line":985,"column":99}},"locations":[{"start":{"line":985,"column":74},"end":{"line":985,"column":99}}]},"215":{"type":"branch","line":988,"loc":{"start":{"line":988,"column":54},"end":{"line":988,"column":96}},"locations":[{"start":{"line":988,"column":54},"end":{"line":988,"column":96}}]},"216":{"type":"branch","line":990,"loc":{"start":{"line":990,"column":28},"end":{"line":1005,"column":31}},"locations":[{"start":{"line":990,"column":28},"end":{"line":1005,"column":31}}]},"217":{"type":"branch","line":1007,"loc":{"start":{"line":1007,"column":93},"end":{"line":1007,"column":102}},"locations":[{"start":{"line":1007,"column":93},"end":{"line":1007,"column":102}}]},"218":{"type":"branch","line":975,"loc":{"start":{"line":975,"column":44},"end":{"line":975,"column":94}},"locations":[{"start":{"line":975,"column":44},"end":{"line":975,"column":94}}]},"219":{"type":"branch","line":976,"loc":{"start":{"line":976,"column":45},"end":{"line":976,"column":89}},"locations":[{"start":{"line":976,"column":45},"end":{"line":976,"column":89}}]},"220":{"type":"branch","line":977,"loc":{"start":{"line":977,"column":42},"end":{"line":977,"column":86}},"locations":[{"start":{"line":977,"column":42},"end":{"line":977,"column":86}}]},"221":{"type":"branch","line":996,"loc":{"start":{"line":996,"column":44},"end":{"line":996,"column":96}},"locations":[{"start":{"line":996,"column":44},"end":{"line":996,"column":96}}]},"222":{"type":"branch","line":1001,"loc":{"start":{"line":1001,"column":44},"end":{"line":1001,"column":102}},"locations":[{"start":{"line":1001,"column":44},"end":{"line":1001,"column":102}}]},"223":{"type":"branch","line":1007,"loc":{"start":{"line":1007,"column":64},"end":{"line":1007,"column":92}},"locations":[{"start":{"line":1007,"column":64},"end":{"line":1007,"column":92}}]},"224":{"type":"branch","line":1026,"loc":{"start":{"line":1026,"column":22},"end":{"line":1034,"column":16}},"locations":[{"start":{"line":1026,"column":22},"end":{"line":1034,"column":16}}]}},"b":{"0":[472],"1":[35],"2":[437],"3":[37],"4":[2],"5":[435],"6":[35],"7":[35],"8":[22],"9":[2],"10":[20],"11":[6],"12":[16],"13":[13],"14":[400],"15":[1],"16":[317],"17":[83],"18":[317],"19":[83],"20":[317],"21":[0],"22":[277],"23":[277],"24":[12],"25":[12],"26":[12],"27":[2],"28":[2],"29":[35],"30":[33],"31":[2],"32":[31],"33":[4],"34":[3],"35":[0],"36":[1],"37":[0],"38":[2],"39":[0],"40":[2],"41":[0],"42":[2],"43":[0],"44":[2],"45":[1],"46":[2],"47":[2],"48":[35],"49":[35],"50":[0],"51":[0],"52":[24],"53":[3],"54":[21],"55":[3],"56":[3],"57":[3],"58":[0],"59":[18],"60":[6],"61":[28],"62":[0],"63":[0],"64":[0],"65":[3],"66":[1],"67":[2],"68":[0],"69":[0],"70":[2],"71":[0],"72":[0],"73":[2],"74":[0],"75":[2],"76":[0],"77":[2],"78":[2],"79":[1],"80":[0],"81":[0],"82":[0],"83":[0],"84":[1],"85":[1],"86":[2],"87":[1],"88":[0],"89":[0],"90":[0],"91":[1],"92":[2],"93":[1],"94":[28],"95":[14],"96":[0],"97":[0],"98":[3],"99":[11],"100":[1],"101":[0],"102":[13],"103":[1],"104":[0],"105":[17],"106":[18],"107":[0],"108":[11],"109":[0],"110":[0],"111":[0],"112":[0],"113":[11],"114":[18],"115":[0],"116":[9],"117":[3],"118":[6],"119":[9],"120":[211],"121":[1],"122":[0],"123":[0],"124":[0],"125":[2],"126":[3],"127":[1],"128":[7],"129":[17],"130":[0],"131":[1],"132":[16],"133":[1],"134":[1],"135":[16],"136":[0],"137":[1],"138":[0],"139":[7],"140":[0],"141":[0],"142":[0],"143":[2],"144":[5],"145":[0],"146":[5],"147":[4],"148":[1],"149":[0],"150":[7],"151":[11],"152":[11],"153":[3],"154":[8],"155":[0],"156":[8],"157":[6],"158":[12],"159":[3],"160":[0],"161":[1],"162":[0],"163":[2],"164":[1],"165":[2],"166":[0],"167":[0],"168":[0],"169":[0],"170":[3],"171":[2],"172":[8],"173":[4],"174":[2],"175":[0],"176":[2],"177":[0],"178":[1],"179":[6],"180":[4],"181":[3],"182":[1],"183":[2],"184":[0],"185":[3],"186":[1],"187":[4],"188":[4],"189":[2],"190":[2],"191":[3],"192":[3],"193":[3],"194":[3],"195":[2],"196":[13],"197":[1],"198":[2],"199":[2],"200":[621],"201":[305],"202":[305],"203":[305],"204":[610],"205":[14],"206":[11],"207":[2],"208":[675],"209":[29],"210":[2],"211":[27],"212":[24],"213":[2],"214":[27],"215":[2],"216":[646],"217":[224],"218":[10],"219":[10],"220":[4],"221":[164],"222":[47],"223":[1],"224":[12]},"fnMap":{"0":{"name":"App","decl":{"start":{"line":8,"column":0},"end":{"line":1039,"column":1}},"loc":{"start":{"line":8,"column":0},"end":{"line":1039,"column":1}},"line":8},"1":{"name":"onConfirm","decl":{"start":{"line":33,"column":15},"end":{"line":33,"column":24}},"loc":{"start":{"line":33,"column":15},"end":{"line":33,"column":24}},"line":33},"2":{"name":"showToast","decl":{"start":{"line":40,"column":20},"end":{"line":43,"column":4}},"loc":{"start":{"line":40,"column":20},"end":{"line":43,"column":4}},"line":40},"3":{"name":"removeToast","decl":{"start":{"line":45,"column":22},"end":{"line":47,"column":4}},"loc":{"start":{"line":45,"column":22},"end":{"line":47,"column":4}},"line":45},"4":{"name":"fetchTranslation","decl":{"start":{"line":76,"column":27},"end":{"line":118,"column":4}},"loc":{"start":{"line":76,"column":27},"end":{"line":118,"column":4}},"line":76},"5":{"name":"setUserData","decl":{"start":{"line":121,"column":24},"end":{"line":147,"column":6}},"loc":{"start":{"line":121,"column":24},"end":{"line":147,"column":6}},"line":121},"6":{"name":"handleWordChange","decl":{"start":{"line":153,"column":27},"end":{"line":187,"column":4}},"loc":{"start":{"line":153,"column":27},"end":{"line":187,"column":4}},"line":153},"7":{"name":"handleTranslationChange","decl":{"start":{"line":189,"column":34},"end":{"line":193,"column":4}},"loc":{"start":{"line":189,"column":34},"end":{"line":193,"column":4}},"line":189},"8":{"name":"fetchDecks","decl":{"start":{"line":195,"column":21},"end":{"line":208,"column":4}},"loc":{"start":{"line":195,"column":21},"end":{"line":208,"column":4}},"line":195},"9":{"name":"createDeck","decl":{"start":{"line":210,"column":21},"end":{"line":264,"column":4}},"loc":{"start":{"line":210,"column":21},"end":{"line":264,"column":4}},"line":210},"10":{"name":"deleteDeck","decl":{"start":{"line":266,"column":21},"end":{"line":299,"column":4}},"loc":{"start":{"line":266,"column":21},"end":{"line":299,"column":4}},"line":266},"11":{"name":"onConfirm","decl":{"start":{"line":270,"column":17},"end":{"line":294,"column":8}},"loc":{"start":{"line":270,"column":17},"end":{"line":294,"column":8}},"line":270},"12":{"name":"onConfirm","decl":{"start":{"line":292,"column":67},"end":{"line":292,"column":76}},"loc":{"start":{"line":292,"column":67},"end":{"line":292,"column":76}},"line":292},"13":{"name":"onCancel","decl":{"start":{"line":295,"column":16},"end":{"line":297,"column":8}},"loc":{"start":{"line":295,"column":16},"end":{"line":297,"column":8}},"line":295},"14":{"name":"onConfirm","decl":{"start":{"line":296,"column":65},"end":{"line":296,"column":74}},"loc":{"start":{"line":296,"column":65},"end":{"line":296,"column":74}},"line":296},"15":{"name":"handleShowDecks","decl":{"start":{"line":301,"column":26},"end":{"line":314,"column":4}},"loc":{"start":{"line":301,"column":26},"end":{"line":314,"column":4}},"line":301},"16":{"name":"openAddCardsModal","decl":{"start":{"line":316,"column":28},"end":{"line":391,"column":4}},"loc":{"start":{"line":316,"column":28},"end":{"line":391,"column":4}},"line":316},"17":{"name":"startStudy","decl":{"start":{"line":393,"column":21},"end":{"line":425,"column":4}},"loc":{"start":{"line":393,"column":21},"end":{"line":425,"column":4}},"line":393},"18":{"name":"addNewCardRow","decl":{"start":{"line":427,"column":24},"end":{"line":432,"column":4}},"loc":{"start":{"line":427,"column":24},"end":{"line":432,"column":4}},"line":427},"19":{"name":"updateCardRow","decl":{"start":{"line":434,"column":24},"end":{"line":438,"column":4}},"loc":{"start":{"line":434,"column":24},"end":{"line":438,"column":4}},"line":434},"20":{"name":"removeCardRow","decl":{"start":{"line":440,"column":24},"end":{"line":461,"column":4}},"loc":{"start":{"line":440,"column":24},"end":{"line":461,"column":4}},"line":440},"21":{"name":"validateCardFields","decl":{"start":{"line":463,"column":29},"end":{"line":499,"column":4}},"loc":{"start":{"line":463,"column":29},"end":{"line":499,"column":4}},"line":463},"22":{"name":"handleApiError","decl":{"start":{"line":502,"column":25},"end":{"line":538,"column":4}},"loc":{"start":{"line":502,"column":25},"end":{"line":538,"column":4}},"line":502},"23":{"name":"saveCards","decl":{"start":{"line":540,"column":20},"end":{"line":677,"column":4}},"loc":{"start":{"line":540,"column":20},"end":{"line":677,"column":4}},"line":540},"24":{"name":"createCard","decl":{"start":{"line":582,"column":25},"end":{"line":615,"column":8}},"loc":{"start":{"line":582,"column":25},"end":{"line":615,"column":8}},"line":582},"25":{"name":"updateCard","decl":{"start":{"line":618,"column":25},"end":{"line":641,"column":8}},"loc":{"start":{"line":618,"column":25},"end":{"line":641,"column":8}},"line":618},"26":{"name":"closeModal","decl":{"start":{"line":679,"column":21},"end":{"line":683,"column":4}},"loc":{"start":{"line":679,"column":21},"end":{"line":683,"column":4}},"line":679},"27":{"name":"handleSwipe","decl":{"start":{"line":685,"column":22},"end":{"line":701,"column":4}},"loc":{"start":{"line":685,"column":22},"end":{"line":701,"column":4}},"line":685},"28":{"name":"onSwipedLeft","decl":{"start":{"line":704,"column":18},"end":{"line":704,"column":44}},"loc":{"start":{"line":704,"column":18},"end":{"line":704,"column":44}},"line":704},"29":{"name":"onSwipedRight","decl":{"start":{"line":705,"column":19},"end":{"line":705,"column":46}},"loc":{"start":{"line":705,"column":19},"end":{"line":705,"column":46}},"line":705},"30":{"name":"handleCorrect","decl":{"start":{"line":709,"column":24},"end":{"line":711,"column":4}},"loc":{"start":{"line":709,"column":24},"end":{"line":711,"column":4}},"line":709},"31":{"name":"handleIncorrect","decl":{"start":{"line":713,"column":26},"end":{"line":715,"column":4}},"loc":{"start":{"line":713,"column":26},"end":{"line":715,"column":4}},"line":713},"32":{"name":"toggleFlip","decl":{"start":{"line":717,"column":21},"end":{"line":717,"column":55}},"loc":{"start":{"line":717,"column":21},"end":{"line":717,"column":55}},"line":717},"33":{"name":"exitStudy","decl":{"start":{"line":719,"column":20},"end":{"line":729,"column":4}},"loc":{"start":{"line":719,"column":20},"end":{"line":729,"column":4}},"line":719},"34":{"name":"onChange","decl":{"start":{"line":836,"column":30},"end":{"line":836,"column":65}},"loc":{"start":{"line":836,"column":30},"end":{"line":836,"column":65}},"line":836},"35":{"name":"onChange","decl":{"start":{"line":846,"column":32},"end":{"line":846,"column":75}},"loc":{"start":{"line":846,"column":32},"end":{"line":846,"column":75}},"line":846},"36":{"name":"onChange","decl":{"start":{"line":858,"column":36},"end":{"line":858,"column":73}},"loc":{"start":{"line":858,"column":36},"end":{"line":858,"column":73}},"line":858},"37":{"name":"onChange","decl":{"start":{"line":870,"column":36},"end":{"line":870,"column":73}},"loc":{"start":{"line":870,"column":36},"end":{"line":870,"column":73}},"line":870},"38":{"name":"onClick","decl":{"start":{"line":930,"column":45},"end":{"line":930,"column":78}},"loc":{"start":{"line":930,"column":45},"end":{"line":930,"column":78}},"line":930},"39":{"name":"onClick","decl":{"start":{"line":937,"column":45},"end":{"line":937,"column":71}},"loc":{"start":{"line":937,"column":45},"end":{"line":937,"column":71}},"line":937},"40":{"name":"onClick","decl":{"start":{"line":944,"column":45},"end":{"line":944,"column":71}},"loc":{"start":{"line":944,"column":45},"end":{"line":944,"column":71}},"line":944},"41":{"name":"onChange","decl":{"start":{"line":975,"column":44},"end":{"line":975,"column":94}},"loc":{"start":{"line":975,"column":44},"end":{"line":975,"column":94}},"line":975},"42":{"name":"onKeyDown","decl":{"start":{"line":976,"column":45},"end":{"line":976,"column":89}},"loc":{"start":{"line":976,"column":45},"end":{"line":976,"column":89}},"line":976},"43":{"name":"onBlur","decl":{"start":{"line":977,"column":42},"end":{"line":977,"column":86}},"loc":{"start":{"line":977,"column":42},"end":{"line":977,"column":86}},"line":977},"44":{"name":"onChange","decl":{"start":{"line":984,"column":46},"end":{"line":984,"column":100}},"loc":{"start":{"line":984,"column":46},"end":{"line":984,"column":100}},"line":984},"45":{"name":"onChange","decl":{"start":{"line":996,"column":44},"end":{"line":996,"column":96}},"loc":{"start":{"line":996,"column":44},"end":{"line":996,"column":96}},"line":996},"46":{"name":"onChange","decl":{"start":{"line":1001,"column":44},"end":{"line":1001,"column":102}},"loc":{"start":{"line":1001,"column":44},"end":{"line":1001,"column":102}},"line":1001},"47":{"name":"onClick","decl":{"start":{"line":1007,"column":64},"end":{"line":1007,"column":92}},"loc":{"start":{"line":1007,"column":64},"end":{"line":1007,"column":92}},"line":1007}},"f":{"0":472,"1":0,"2":12,"3":12,"4":3,"5":35,"6":24,"7":0,"8":28,"9":3,"10":2,"11":1,"12":0,"13":1,"14":0,"15":28,"16":14,"17":11,"18":9,"19":211,"20":1,"21":7,"22":1,"23":7,"24":3,"25":2,"26":1,"27":6,"28":0,"29":0,"30":3,"31":3,"32":3,"33":2,"34":13,"35":1,"36":0,"37":0,"38":14,"39":11,"40":2,"41":10,"42":10,"43":4,"44":0,"45":164,"46":47,"47":1}}
,"/app/src/main.jsx": {"path":"/app/src/main.jsx","all":false,"statementMap":{"0":{"start":{"line":1,"column":0},"end":{"line":1,"column":34}},"1":{"start":{"line":2,"column":0},"end":{"line":2,"column":45}},"2":{"start":{"line":3,"column":0},"end":{"line":3,"column":20}},"3":{"start":{"line":4,"column":0},"end":{"line":4,"column":27}},"5":{"start":{"line":6,"column":0},"end":{"line":6,"column":51}},"6":{"start":{"line":7,"column":0},"end":{"line":7,"column":14}},"7":{"start":{"line":8,"column":0},"end":{"line":8,"column":11}},"8":{"start":{"line":9,"column":0},"end":{"line":9,"column":16}},"9":{"start":{"line":10,"column":0},"end":{"line":10,"column":1}}},"s":{"0":1,"1":1,"2":1,"3":1,"5":1,"6":1,"7":1,"8":1,"9":1},"branchMap":{},"b":{},"fnMap":{},"f":{}}
,"/app/src/components/ConfirmModal.jsx": {"path":"/app/src/components/ConfirmModal.jsx","all":false,"statementMap":{"0":{"start":{"line":1,"column":0},"end":{"line":1,"column":28}},"2":{"start":{"line":3,"column":0},"end":{"line":3,"column":68}},"3":{"start":{"line":4,"column":0},"end":{"line":4,"column":27}},"5":{"start":{"line":6,"column":0},"end":{"line":6,"column":10}},"6":{"start":{"line":7,"column":0},"end":{"line":7,"column":35}},"7":{"start":{"line":8,"column":0},"end":{"line":8,"column":37}},"8":{"start":{"line":9,"column":0},"end":{"line":9,"column":24}},"9":{"start":{"line":10,"column":0},"end":{"line":10,"column":39}},"10":{"start":{"line":11,"column":0},"end":{"line":11,"column":65}},"12":{"start":{"line":13,"column":0},"end":{"line":13,"column":19}},"13":{"start":{"line":14,"column":0},"end":{"line":14,"column":63}},"15":{"start":{"line":16,"column":0},"end":{"line":16,"column":19}},"16":{"start":{"line":17,"column":0},"end":{"line":17,"column":14}},"17":{"start":{"line":18,"column":0},"end":{"line":18,"column":12}},"18":{"start":{"line":19,"column":0},"end":{"line":19,"column":10}},"20":{"start":{"line":21,"column":0},"end":{"line":21,"column":2}},"22":{"start":{"line":23,"column":0},"end":{"line":23,"column":28}}},"s":{"0":1,"2":1,"3":4,"5":3,"6":3,"7":3,"8":3,"9":3,"10":3,"12":3,"13":3,"15":3,"16":3,"17":3,"18":3,"20":3,"22":1},"branchMap":{"0":{"type":"branch","line":3,"loc":{"start":{"line":3,"column":21},"end":{"line":21,"column":2}},"locations":[{"start":{"line":3,"column":21},"end":{"line":21,"column":2}}]},"1":{"type":"branch","line":4,"loc":{"start":{"line":4,"column":15},"end":{"line":4,"column":27}},"locations":[{"start":{"line":4,"column":15},"end":{"line":4,"column":27}}]},"2":{"type":"branch","line":4,"loc":{"start":{"line":4,"column":22},"end":{"line":21,"column":2}},"locations":[{"start":{"line":4,"column":22},"end":{"line":21,"column":2}}]}},"b":{"0":[4],"1":[1],"2":[3]},"fnMap":{"0":{"name":"ConfirmModal","decl":{"start":{"line":3,"column":21},"end":{"line":21,"column":2}},"loc":{"start":{"line":3,"column":21},"end":{"line":21,"column":2}},"line":3}},"f":{"0":4}}
,"/app/src/components/Toast.jsx": {"path":"/app/src/components/Toast.jsx","all":false,"statementMap":{"0":{"start":{"line":1,"column":0},"end":{"line":1,"column":34}},"1":{"start":{"line":2,"column":0},"end":{"line":2,"column":21}},"3":{"start":{"line":4,"column":0},"end":{"line":4,"column":77}},"4":{"start":{"line":5,"column":0},"end":{"line":5,"column":19}},"5":{"start":{"line":6,"column":0},"end":{"line":6,"column":36}},"6":{"start":{"line":7,"column":0},"end":{"line":7,"column":18}},"7":{"start":{"line":8,"column":0},"end":{"line":8,"column":17}},"8":{"start":{"line":9,"column":0},"end":{"line":9,"column":37}},"9":{"start":{"line":10,"column":0},"end":{"line":10,"column":30}},"11":{"start":{"line":12,"column":0},"end":{"line":12,"column":10}},"12":{"start":{"line":13,"column":0},"end":{"line":13,"column":43}},"13":{"start":{"line":14,"column":0},"end":{"line":14,"column":28}},"14":{"start":{"line":15,"column":0},"end":{"line":15,"column":66}},"16":{"start":{"line":17,"column":0},"end":{"line":17,"column":15}},"17":{"start":{"line":18,"column":0},"end":{"line":18,"column":10}},"19":{"start":{"line":20,"column":0},"end":{"line":20,"column":2}},"21":{"start":{"line":22,"column":0},"end":{"line":22,"column":21}}},"s":{"0":1,"1":1,"3":1,"4":5,"5":4,"6":1,"7":4,"8":4,"9":5,"11":5,"12":5,"13":5,"14":5,"16":5,"17":5,"19":5,"21":1},"branchMap":{"0":{"type":"branch","line":4,"loc":{"start":{"line":4,"column":14},"end":{"line":20,"column":2}},"locations":[{"start":{"line":4,"column":14},"end":{"line":20,"column":2}}]},"1":{"type":"branch","line":5,"loc":{"start":{"line":5,"column":12},"end":{"line":10,"column":5}},"locations":[{"start":{"line":5,"column":12},"end":{"line":10,"column":5}}]},"2":{"type":"branch","line":6,"loc":{"start":{"line":6,"column":29},"end":{"line":8,"column":7}},"locations":[{"start":{"line":6,"column":29},"end":{"line":8,"column":7}}]},"3":{"type":"branch","line":9,"loc":{"start":{"line":9,"column":11},"end":{"line":9,"column":37}},"locations":[{"start":{"line":9,"column":11},"end":{"line":9,"column":37}}]},"4":{"type":"branch","line":15,"loc":{"start":{"line":15,"column":47},"end":{"line":15,"column":66}},"locations":[{"start":{"line":15,"column":47},"end":{"line":15,"column":66}}]}},"b":{"0":[5],"1":[4],"2":[1],"3":[4],"4":[1]},"fnMap":{"0":{"name":"Toast","decl":{"start":{"line":4,"column":14},"end":{"line":20,"column":2}},"loc":{"start":{"line":4,"column":14},"end":{"line":20,"column":2}},"line":4},"1":{"name":"onClick","decl":{"start":{"line":15,"column":47},"end":{"line":15,"column":66}},"loc":{"start":{"line":15,"column":47},"end":{"line":15,"column":66}},"line":15}},"f":{"0":5,"1":1}}
}
